#
# There is insufficient memory for the Java Runtime Environment to continue.
# Native memory allocation (malloc) failed to allocate 1876656 bytes for Chunk::new
# Possible reasons:
#   The system is out of physical RAM or swap space
#   The process is running with CompressedOops enabled, and the Java Heap may be blocking the growth of the native heap
# Possible solutions:
#   Reduce memory load on the system
#   Increase physical memory or swap space
#   Check if swap backing store is full
#   Decrease Java heap size (-Xmx/-Xms)
#   Decrease number of Java threads
#   Decrease Java thread stack sizes (-Xss)
#   Set larger code cache with -XX:ReservedCodeCacheSize=
#   JVM is running with Unscaled Compressed Oops mode in which the Java heap is
#     placed in the first 4GB address space. The Java Heap base address is the
#     maximum limit for the native heap growth. Please use -XX:HeapBaseMinAddress
#     to set the Java Heap base and to place the Java Heap above 4GB virtual address.
# This output file may be truncated or incomplete.
#
#  Out of Memory Error (./src/hotspot/share/memory/arena.cpp:197), pid=5728, tid=14672
#
# JRE version: OpenJDK Runtime Environment (11.0.10) (build 11.0.10+0-b96-7249189)
# Java VM: OpenJDK 64-Bit Server VM (11.0.10+0-b96-7249189, mixed mode, tiered, compressed oops, g1 gc, windows-amd64)
# No core dump will be written. Minidumps are not enabled by default on client versions of Windows
#

---------------  S U M M A R Y ------------

Command Line: --add-opens=java.base/java.util=ALL-UNNAMED --add-opens=java.base/java.lang=ALL-UNNAMED --add-opens=java.base/java.lang.invoke=ALL-UNNAMED --add-opens=java.prefs/java.util.prefs=ALL-UNNAMED -Xmx1536m -Dfile.encoding=GBK -Duser.country=CN -Duser.language=zh -Duser.variant org.gradle.launcher.daemon.bootstrap.GradleDaemon 6.5.1

Host: Intel(R) Core(TM) i5-8300H CPU @ 2.30GHz, 8 cores, 15G,  Windows 10 , 64 bit Build 19041 (10.0.19041.928)
Time: Mon Aug 16 00:02:08 2021 中国标准时间 elapsed time: 5.762621 seconds (0d 0h 0m 5s)

---------------  T H R E A D  ---------------

Current thread (0x0000022f6ae00800):  JavaThread "C2 CompilerThread1" daemon [_thread_in_native, id=14672, stack(0x000000434ce00000,0x000000434cf00000)]


Current CompileTask:
C2:   5762 4455       4       org.objectweb.asm.SymbolTable::addConstantMemberReference (147 bytes)

Stack: [0x000000434ce00000,0x000000434cf00000]
Native frames: (J=compiled Java code, j=interpreted, Vv=VM code, C=native code)
V  [jvm.dll+0x5ecfaa]
V  [jvm.dll+0x722bd5]
V  [jvm.dll+0x72412d]
V  [jvm.dll+0x7247e3]
V  [jvm.dll+0x242928]
V  [jvm.dll+0xbc4fc]
V  [jvm.dll+0xbca0c]
V  [jvm.dll+0x352d3b]
V  [jvm.dll+0x320ad3]
V  [jvm.dll+0x31ffca]
V  [jvm.dll+0x1fb602]
V  [jvm.dll+0x1fa7f4]
V  [jvm.dll+0x18354c]
V  [jvm.dll+0x208ee7]
V  [jvm.dll+0x207731]
V  [jvm.dll+0x6eb1cf]
V  [jvm.dll+0x6e3d45]
V  [jvm.dll+0x5ebe96]
C  [ucrtbase.dll+0x21bb2]
C  [KERNEL32.DLL+0x17034]
C  [ntdll.dll+0x52651]


---------------  P R O C E S S  ---------------

Threads class SMR info:
_java_thread_list=0x0000022f6dc6a000, length=133, elements={
0x0000022f4e77c800, 0x0000022f68194800, 0x0000022f6819d800, 0x0000022f68207000,
0x0000022f68209000, 0x0000022f6820f000, 0x0000022f68212000, 0x0000022f68213800,
0x0000022f68216800, 0x0000022f68394800, 0x0000022f691c8800, 0x0000022f693a2000,
0x0000022f6a2bb800, 0x0000022f6a35c000, 0x0000022f6939e000, 0x0000022f69bf8000,
0x0000022f6a21d000, 0x0000022f6a31e800, 0x0000022f6a31f800, 0x0000022f6a102800,
0x0000022f6a108000, 0x0000022f6a107000, 0x0000022f6a106800, 0x0000022f6a103000,
0x0000022f6a109000, 0x0000022f6a104000, 0x0000022f6a105000, 0x0000022f6a105800,
0x0000022f6ccc5000, 0x0000022f6ccc6800, 0x0000022f6ae00800, 0x0000022f6a938800,
0x0000022f6ccc8000, 0x0000022f6ccca800, 0x0000022f6cccb800, 0x0000022f6ccce000,
0x0000022f6cccc800, 0x0000022f6ccce800, 0x0000022f6ccc9000, 0x0000022f6ccd3000,
0x0000022f6ccd3800, 0x0000022f6cccf800, 0x0000022f6ccd0800, 0x0000022f6ccd2000,
0x0000022f6ccd1000, 0x0000022f6e5ab800, 0x0000022f6e5aa800, 0x0000022f6e5ac000,
0x0000022f6e5a6800, 0x0000022f6e5ad000, 0x0000022f6e5a9000, 0x0000022f6e5aa000,
0x0000022f6e5a7800, 0x0000022f6e5ae000, 0x0000022f6e5a8000, 0x0000022f6e5b1000,
0x0000022f6e5b3800, 0x0000022f6e5b3000, 0x0000022f6e5b4800, 0x0000022f6e5b2000,
0x0000022f6e5ae800, 0x0000022f6e5b5000, 0x0000022f6e5af800, 0x0000022f6e5b0800,
0x0000022f6c9d0800, 0x0000022f6c9d1000, 0x0000022f6c9d2000, 0x0000022f6c9d3000,
0x0000022f6c9ce800, 0x0000022f6c9d3800, 0x0000022f6c9ce000, 0x0000022f6c9d5800,
0x0000022f6c9d4800, 0x0000022f6c9cf800, 0x0000022f6c9dc000, 0x0000022f6c9d7800,
0x0000022f6c9d8800, 0x0000022f6c9d9800, 0x0000022f6c9d7000, 0x0000022f6c9da000,
0x0000022f6c9db000, 0x0000022f6c9d6000, 0x0000022f6c9dc800, 0x0000022f6a923800,
0x0000022f6a925000, 0x0000022f6a926800, 0x0000022f6a925800, 0x0000022f6a924000,
0x0000022f6a922800, 0x0000022f6a921000, 0x0000022f6a927800, 0x0000022f6a921800,
0x0000022f6a92c800, 0x0000022f6a92a800, 0x0000022f6a928000, 0x0000022f6a92d000,
0x0000022f6a92e800, 0x0000022f6a92a000, 0x0000022f6a92b800, 0x0000022f6a92e000,
0x0000022f6a929000, 0x0000022f6a92f800, 0x0000022f6f81e800, 0x0000022f6f81e000,
0x0000022f6f820000, 0x0000022f6f81f800, 0x0000022f6f81d000, 0x0000022f6f81b800,
0x0000022f6f81a800, 0x0000022f6f821000, 0x0000022f6f822000, 0x0000022f6f81c000,
0x0000022f6f824800, 0x0000022f6f823800, 0x0000022f6f827800, 0x0000022f6f826000,
0x0000022f6f828800, 0x0000022f6f826800, 0x0000022f6f822800, 0x0000022f6f829000,
0x0000022f6f825000, 0x0000022f6e3a2000, 0x0000022f6e3a0800, 0x0000022f6e3a3000,
0x0000022f6e39f800, 0x0000022f6e39d000, 0x0000022f6e3a1000, 0x0000022f6e3a3800,
0x0000022f6e39e000, 0x0000022f6e3a4800, 0x0000022f6e39f000, 0x0000022f6e3a5800,
0x0000022f6e3a8000
}

Java Threads: ( => current thread )
  0x0000022f4e77c800 JavaThread "main" [_thread_blocked, id=12484, stack(0x0000004349f00000,0x000000434a000000)]
  0x0000022f68194800 JavaThread "Reference Handler" daemon [_thread_blocked, id=13912, stack(0x000000434a600000,0x000000434a700000)]
  0x0000022f6819d800 JavaThread "Finalizer" daemon [_thread_blocked, id=8600, stack(0x000000434a700000,0x000000434a800000)]
  0x0000022f68207000 JavaThread "Signal Dispatcher" daemon [_thread_blocked, id=13192, stack(0x000000434a800000,0x000000434a900000)]
  0x0000022f68209000 JavaThread "Attach Listener" daemon [_thread_blocked, id=5688, stack(0x000000434a900000,0x000000434aa00000)]
  0x0000022f6820f000 JavaThread "Service Thread" daemon [_thread_blocked, id=9104, stack(0x000000434aa00000,0x000000434ab00000)]
  0x0000022f68212000 JavaThread "C2 CompilerThread0" daemon [_thread_in_native, id=11868, stack(0x000000434ab00000,0x000000434ac00000)]
  0x0000022f68213800 JavaThread "C1 CompilerThread0" daemon [_thread_blocked, id=2624, stack(0x000000434ac00000,0x000000434ad00000)]
  0x0000022f68216800 JavaThread "Sweeper thread" daemon [_thread_blocked, id=14988, stack(0x000000434ad00000,0x000000434ae00000)]
  0x0000022f68394800 JavaThread "Common-Cleaner" daemon [_thread_blocked, id=12112, stack(0x000000434ae00000,0x000000434af00000)]
  0x0000022f691c8800 JavaThread "Daemon health stats" [_thread_blocked, id=9548, stack(0x000000434b600000,0x000000434b700000)]
  0x0000022f693a2000 JavaThread "Incoming local TCP Connector on port 52130" [_thread_in_native, id=12568, stack(0x000000434b800000,0x000000434b900000)]
  0x0000022f6a2bb800 JavaThread "Daemon periodic checks" [_thread_blocked, id=16188, stack(0x000000434b900000,0x000000434ba00000)]
  0x0000022f6a35c000 JavaThread "Daemon" [_thread_blocked, id=14676, stack(0x000000434ba00000,0x000000434bb00000)]
  0x0000022f6939e000 JavaThread "Handler for socket connection from /127.0.0.1:52130 to /127.0.0.1:52131" [_thread_in_native, id=3440, stack(0x000000434bb00000,0x000000434bc00000)]
  0x0000022f69bf8000 JavaThread "Cancel handler" [_thread_blocked, id=11692, stack(0x000000434bc00000,0x000000434bd00000)]
  0x0000022f6a21d000 JavaThread "Daemon worker" [_thread_in_Java, id=13040, stack(0x000000434bd00000,0x000000434be00000)]
  0x0000022f6a31e800 JavaThread "Asynchronous log dispatcher for DefaultDaemonConnection: socket connection from /127.0.0.1:52130 to /127.0.0.1:52131" [_thread_blocked, id=9956, stack(0x000000434be00000,0x000000434bf00000)]
  0x0000022f6a31f800 JavaThread "Stdin handler" [_thread_blocked, id=252, stack(0x000000434bf00000,0x000000434c000000)]
  0x0000022f6a102800 JavaThread "Thread-8" [_thread_blocked, id=12592, stack(0x000000434c000000,0x000000434c100000)]
  0x0000022f6a108000 JavaThread "Cache worker for journal cache (C:\Users\Administrator\.gradle\caches\journal-1)" [_thread_blocked, id=12008, stack(0x000000434c100000,0x000000434c200000)]
  0x0000022f6a107000 JavaThread "File lock request listener" [_thread_in_native, id=8260, stack(0x000000434c200000,0x000000434c300000)]
  0x0000022f6a106800 JavaThread "Cache worker for file hash cache (C:\Users\Administrator\.gradle\caches\6.5.1\fileHashes)" [_thread_blocked, id=12740, stack(0x000000434c300000,0x000000434c400000)]
  0x0000022f6a103000 JavaThread "Cache worker for file hash cache (D:\Work\TH\Depth\arcore-android-sdk\samples\augmented_faces_java\.gradle\6.5.1\fileHashes)" [_thread_blocked, id=13808, stack(0x000000434c800000,0x000000434c900000)]
  0x0000022f6a109000 JavaThread "Cache worker for checksums cache (D:\Work\TH\Depth\arcore-android-sdk\samples\augmented_faces_java\.gradle\checksums)" [_thread_blocked, id=2588, stack(0x000000434c900000,0x000000434ca00000)]
  0x0000022f6a104000 JavaThread "Cache worker for cache directory md-supplier (C:\Users\Administrator\.gradle\caches\6.5.1\md-supplier)" [_thread_blocked, id=6276, stack(0x000000434ca00000,0x000000434cb00000)]
  0x0000022f6a105000 JavaThread "Cache worker for cache directory md-rule (C:\Users\Administrator\.gradle\caches\6.5.1\md-rule)" [_thread_blocked, id=6984, stack(0x000000434cb00000,0x000000434cc00000)]
  0x0000022f6a105800 JavaThread "Cache worker for execution history cache (C:\Users\Administrator\.gradle\caches\6.5.1\executionHistory)" [_thread_blocked, id=12720, stack(0x000000434cc00000,0x000000434cd00000)]
  0x0000022f6ccc5000 JavaThread "jar transforms" [_thread_blocked, id=11084, stack(0x000000434c700000,0x000000434c800000)]
  0x0000022f6ccc6800 JavaThread "Cache worker for file content cache (C:\Users\Administrator\.gradle\caches\6.5.1\fileContent)" [_thread_blocked, id=2664, stack(0x000000434cd00000,0x000000434ce00000)]
=>0x0000022f6ae00800 JavaThread "C2 CompilerThread1" daemon [_thread_in_native, id=14672, stack(0x000000434ce00000,0x000000434cf00000)]
  0x0000022f6a938800 JavaThread "C2 CompilerThread2" daemon [_thread_in_native, id=1984, stack(0x000000434cf00000,0x000000434d000000)]
  0x0000022f6ccc8000 JavaThread "Build operations" [_thread_blocked, id=16288, stack(0x000000434d000000,0x000000434d100000)]
  0x0000022f6ccca800 JavaThread "Build operations Thread 2" [_thread_blocked, id=11520, stack(0x000000434d100000,0x000000434d200000)]
  0x0000022f6cccb800 JavaThread "Build operations Thread 3" [_thread_blocked, id=11864, stack(0x000000434d200000,0x000000434d300000)]
  0x0000022f6ccce000 JavaThread "Build operations Thread 4" [_thread_blocked, id=15732, stack(0x000000434d300000,0x000000434d400000)]
  0x0000022f6cccc800 JavaThread "Build operations Thread 5" [_thread_blocked, id=17104, stack(0x000000434d400000,0x000000434d500000)]
  0x0000022f6ccce800 JavaThread "Build operations Thread 6" [_thread_blocked, id=11308, stack(0x000000434d500000,0x000000434d600000)]
  0x0000022f6ccc9000 JavaThread "Build operations Thread 7" [_thread_blocked, id=16508, stack(0x000000434d600000,0x000000434d700000)]
  0x0000022f6ccd3000 JavaThread "Build operations Thread 8" [_thread_blocked, id=6168, stack(0x000000434d700000,0x000000434d800000)]
  0x0000022f6ccd3800 JavaThread "jar transforms Thread 2" [_thread_blocked, id=2372, stack(0x000000434d800000,0x000000434d900000)]
  0x0000022f6cccf800 JavaThread "jar transforms Thread 3" [_thread_blocked, id=6972, stack(0x000000434d900000,0x000000434da00000)]
  0x0000022f6ccd0800 JavaThread "jar transforms Thread 4" [_thread_blocked, id=8544, stack(0x000000434da00000,0x000000434db00000)]
  0x0000022f6ccd2000 JavaThread "jar transforms Thread 5" [_thread_blocked, id=16640, stack(0x000000434db00000,0x000000434dc00000)]
  0x0000022f6ccd1000 JavaThread "jar transforms Thread 6" [_thread_blocked, id=15296, stack(0x000000434dc00000,0x000000434dd00000)]
  0x0000022f6e5ab800 JavaThread "jar transforms Thread 7" [_thread_blocked, id=12556, stack(0x000000434dd00000,0x000000434de00000)]
  0x0000022f6e5aa800 JavaThread "jar transforms Thread 8" [_thread_blocked, id=4404, stack(0x000000434de00000,0x000000434df00000)]
  0x0000022f6e5ac000 JavaThread "jar transforms Thread 9" [_thread_blocked, id=12736, stack(0x000000434df00000,0x000000434e000000)]
  0x0000022f6e5a6800 JavaThread "jar transforms Thread 10" [_thread_blocked, id=7080, stack(0x000000434e000000,0x000000434e100000)]
  0x0000022f6e5ad000 JavaThread "jar transforms Thread 11" [_thread_blocked, id=16544, stack(0x000000434e100000,0x000000434e200000)]
  0x0000022f6e5a9000 JavaThread "jar transforms Thread 12" [_thread_blocked, id=14096, stack(0x000000434e200000,0x000000434e300000)]
  0x0000022f6e5aa000 JavaThread "jar transforms Thread 13" [_thread_blocked, id=9116, stack(0x000000434e300000,0x000000434e400000)]
  0x0000022f6e5a7800 JavaThread "jar transforms Thread 14" [_thread_blocked, id=4592, stack(0x000000434e400000,0x000000434e500000)]
  0x0000022f6e5ae000 JavaThread "jar transforms Thread 15" [_thread_blocked, id=17300, stack(0x000000434e500000,0x000000434e600000)]
  0x0000022f6e5a8000 JavaThread "jar transforms Thread 16" [_thread_blocked, id=14976, stack(0x000000434e600000,0x000000434e700000)]
  0x0000022f6e5b1000 JavaThread "jar transforms Thread 17" [_thread_blocked, id=14108, stack(0x000000434e700000,0x000000434e800000)]
  0x0000022f6e5b3800 JavaThread "jar transforms Thread 18" [_thread_blocked, id=14024, stack(0x000000434e800000,0x000000434e900000)]
  0x0000022f6e5b3000 JavaThread "jar transforms Thread 19" [_thread_blocked, id=6260, stack(0x000000434e900000,0x000000434ea00000)]
  0x0000022f6e5b4800 JavaThread "jar transforms Thread 20" [_thread_blocked, id=3004, stack(0x000000434ea00000,0x000000434eb00000)]
  0x0000022f6e5b2000 JavaThread "jar transforms Thread 21" [_thread_blocked, id=7512, stack(0x000000434eb00000,0x000000434ec00000)]
  0x0000022f6e5ae800 JavaThread "jar transforms Thread 22" [_thread_blocked, id=14928, stack(0x000000434ec00000,0x000000434ed00000)]
  0x0000022f6e5b5000 JavaThread "jar transforms Thread 23" [_thread_blocked, id=13572, stack(0x000000434ed00000,0x000000434ee00000)]
  0x0000022f6e5af800 JavaThread "jar transforms Thread 24" [_thread_blocked, id=15364, stack(0x000000434ee00000,0x000000434ef00000)]
  0x0000022f6e5b0800 JavaThread "jar transforms Thread 25" [_thread_blocked, id=4728, stack(0x000000434ef00000,0x000000434f000000)]
  0x0000022f6c9d0800 JavaThread "jar transforms Thread 26" [_thread_blocked, id=132, stack(0x000000434f000000,0x000000434f100000)]
  0x0000022f6c9d1000 JavaThread "jar transforms Thread 27" [_thread_blocked, id=16132, stack(0x000000434f100000,0x000000434f200000)]
  0x0000022f6c9d2000 JavaThread "jar transforms Thread 28" [_thread_blocked, id=16492, stack(0x000000434f200000,0x000000434f300000)]
  0x0000022f6c9d3000 JavaThread "jar transforms Thread 29" [_thread_blocked, id=1692, stack(0x000000434f300000,0x000000434f400000)]
  0x0000022f6c9ce800 JavaThread "jar transforms Thread 30" [_thread_blocked, id=5576, stack(0x000000434f400000,0x000000434f500000)]
  0x0000022f6c9d3800 JavaThread "jar transforms Thread 31" [_thread_blocked, id=11664, stack(0x000000434f500000,0x000000434f600000)]
  0x0000022f6c9ce000 JavaThread "jar transforms Thread 32" [_thread_blocked, id=15808, stack(0x000000434f600000,0x000000434f700000)]
  0x0000022f6c9d5800 JavaThread "jar transforms Thread 33" [_thread_blocked, id=13692, stack(0x000000434f700000,0x000000434f800000)]
  0x0000022f6c9d4800 JavaThread "jar transforms Thread 34" [_thread_blocked, id=11512, stack(0x000000434f800000,0x000000434f900000)]
  0x0000022f6c9cf800 JavaThread "jar transforms Thread 35" [_thread_blocked, id=17136, stack(0x000000434f900000,0x000000434fa00000)]
  0x0000022f6c9dc000 JavaThread "jar transforms Thread 36" [_thread_blocked, id=10992, stack(0x000000434fa00000,0x000000434fb00000)]
  0x0000022f6c9d7800 JavaThread "jar transforms Thread 37" [_thread_blocked, id=15572, stack(0x000000434fb00000,0x000000434fc00000)]
  0x0000022f6c9d8800 JavaThread "jar transforms Thread 38" [_thread_blocked, id=7968, stack(0x000000434fc00000,0x000000434fd00000)]
  0x0000022f6c9d9800 JavaThread "jar transforms Thread 39" [_thread_blocked, id=7024, stack(0x000000434fd00000,0x000000434fe00000)]
  0x0000022f6c9d7000 JavaThread "jar transforms Thread 40" [_thread_blocked, id=16596, stack(0x000000434fe00000,0x000000434ff00000)]
  0x0000022f6c9da000 JavaThread "jar transforms Thread 41" [_thread_blocked, id=11384, stack(0x000000434ff00000,0x0000004350000000)]
  0x0000022f6c9db000 JavaThread "jar transforms Thread 42" [_thread_blocked, id=16560, stack(0x0000004350000000,0x0000004350100000)]
  0x0000022f6c9d6000 JavaThread "jar transforms Thread 43" [_thread_blocked, id=10876, stack(0x0000004350100000,0x0000004350200000)]
  0x0000022f6c9dc800 JavaThread "jar transforms Thread 44" [_thread_blocked, id=2572, stack(0x0000004350200000,0x0000004350300000)]
  0x0000022f6a923800 JavaThread "jar transforms Thread 45" [_thread_blocked, id=2304, stack(0x0000004350300000,0x0000004350400000)]
  0x0000022f6a925000 JavaThread "jar transforms Thread 46" [_thread_blocked, id=6948, stack(0x0000004350400000,0x0000004350500000)]
  0x0000022f6a926800 JavaThread "jar transforms Thread 47" [_thread_blocked, id=9992, stack(0x0000004350500000,0x0000004350600000)]
  0x0000022f6a925800 JavaThread "jar transforms Thread 48" [_thread_blocked, id=6992, stack(0x0000004350600000,0x0000004350700000)]
  0x0000022f6a924000 JavaThread "jar transforms Thread 49" [_thread_blocked, id=16808, stack(0x0000004350700000,0x0000004350800000)]
  0x0000022f6a922800 JavaThread "jar transforms Thread 50" [_thread_blocked, id=8796, stack(0x0000004350800000,0x0000004350900000)]
  0x0000022f6a921000 JavaThread "jar transforms Thread 51" [_thread_blocked, id=16628, stack(0x0000004350900000,0x0000004350a00000)]
  0x0000022f6a927800 JavaThread "jar transforms Thread 52" [_thread_blocked, id=2704, stack(0x0000004350a00000,0x0000004350b00000)]
  0x0000022f6a921800 JavaThread "jar transforms Thread 53" [_thread_blocked, id=11656, stack(0x0000004350b00000,0x0000004350c00000)]
  0x0000022f6a92c800 JavaThread "jar transforms Thread 54" [_thread_blocked, id=3804, stack(0x0000004350c00000,0x0000004350d00000)]
  0x0000022f6a92a800 JavaThread "jar transforms Thread 55" [_thread_blocked, id=15920, stack(0x0000004350d00000,0x0000004350e00000)]
  0x0000022f6a928000 JavaThread "jar transforms Thread 56" [_thread_blocked, id=16324, stack(0x0000004350e00000,0x0000004350f00000)]
  0x0000022f6a92d000 JavaThread "jar transforms Thread 57" [_thread_blocked, id=15940, stack(0x0000004350f00000,0x0000004351000000)]
  0x0000022f6a92e800 JavaThread "jar transforms Thread 58" [_thread_blocked, id=15476, stack(0x0000004351000000,0x0000004351100000)]
  0x0000022f6a92a000 JavaThread "jar transforms Thread 59" [_thread_blocked, id=14636, stack(0x0000004351100000,0x0000004351200000)]
  0x0000022f6a92b800 JavaThread "jar transforms Thread 60" [_thread_blocked, id=3928, stack(0x0000004351200000,0x0000004351300000)]
  0x0000022f6a92e000 JavaThread "jar transforms Thread 61" [_thread_blocked, id=9164, stack(0x0000004351300000,0x0000004351400000)]
  0x0000022f6a929000 JavaThread "jar transforms Thread 62" [_thread_blocked, id=14356, stack(0x0000004351400000,0x0000004351500000)]
  0x0000022f6a92f800 JavaThread "jar transforms Thread 63" [_thread_blocked, id=1328, stack(0x0000004351500000,0x0000004351600000)]
  0x0000022f6f81e800 JavaThread "jar transforms Thread 64" [_thread_blocked, id=11408, stack(0x0000004351600000,0x0000004351700000)]
  0x0000022f6f81e000 JavaThread "jar transforms Thread 65" [_thread_blocked, id=14472, stack(0x0000004351700000,0x0000004351800000)]
  0x0000022f6f820000 JavaThread "jar transforms Thread 66" [_thread_blocked, id=14456, stack(0x0000004351800000,0x0000004351900000)]
  0x0000022f6f81f800 JavaThread "jar transforms Thread 67" [_thread_blocked, id=7124, stack(0x0000004351900000,0x0000004351a00000)]
  0x0000022f6f81d000 JavaThread "jar transforms Thread 68" [_thread_blocked, id=3332, stack(0x0000004351a00000,0x0000004351b00000)]
  0x0000022f6f81b800 JavaThread "jar transforms Thread 69" [_thread_blocked, id=3016, stack(0x0000004351b00000,0x0000004351c00000)]
  0x0000022f6f81a800 JavaThread "jar transforms Thread 70" [_thread_blocked, id=17372, stack(0x0000004351c00000,0x0000004351d00000)]
  0x0000022f6f821000 JavaThread "jar transforms Thread 71" [_thread_blocked, id=8076, stack(0x0000004351d00000,0x0000004351e00000)]
  0x0000022f6f822000 JavaThread "jar transforms Thread 72" [_thread_blocked, id=3336, stack(0x0000004351e00000,0x0000004351f00000)]
  0x0000022f6f81c000 JavaThread "jar transforms Thread 73" [_thread_blocked, id=1924, stack(0x0000004351f00000,0x0000004352000000)]
  0x0000022f6f824800 JavaThread "jar transforms Thread 74" [_thread_blocked, id=9876, stack(0x0000004352000000,0x0000004352100000)]
  0x0000022f6f823800 JavaThread "jar transforms Thread 75" [_thread_blocked, id=3372, stack(0x0000004352100000,0x0000004352200000)]
  0x0000022f6f827800 JavaThread "jar transforms Thread 76" [_thread_blocked, id=344, stack(0x0000004352200000,0x0000004352300000)]
  0x0000022f6f826000 JavaThread "jar transforms Thread 77" [_thread_blocked, id=3368, stack(0x0000004352300000,0x0000004352400000)]
  0x0000022f6f828800 JavaThread "jar transforms Thread 78" [_thread_blocked, id=4700, stack(0x0000004352400000,0x0000004352500000)]
  0x0000022f6f826800 JavaThread "jar transforms Thread 79" [_thread_blocked, id=1868, stack(0x0000004352500000,0x0000004352600000)]
  0x0000022f6f822800 JavaThread "jar transforms Thread 80" [_thread_blocked, id=15884, stack(0x0000004352600000,0x0000004352700000)]
  0x0000022f6f829000 JavaThread "jar transforms Thread 81" [_thread_blocked, id=8648, stack(0x0000004352700000,0x0000004352800000)]
  0x0000022f6f825000 JavaThread "jar transforms Thread 82" [_thread_blocked, id=7672, stack(0x0000004352800000,0x0000004352900000)]
  0x0000022f6e3a2000 JavaThread "jar transforms Thread 83" [_thread_blocked, id=16140, stack(0x0000004352900000,0x0000004352a00000)]
  0x0000022f6e3a0800 JavaThread "jar transforms Thread 84" [_thread_blocked, id=13292, stack(0x0000004352a00000,0x0000004352b00000)]
  0x0000022f6e3a3000 JavaThread "jar transforms Thread 85" [_thread_blocked, id=13344, stack(0x0000004352b00000,0x0000004352c00000)]
  0x0000022f6e39f800 JavaThread "jar transforms Thread 86" [_thread_blocked, id=15348, stack(0x0000004352c00000,0x0000004352d00000)]
  0x0000022f6e39d000 JavaThread "jar transforms Thread 87" [_thread_blocked, id=6796, stack(0x0000004352d00000,0x0000004352e00000)]
  0x0000022f6e3a1000 JavaThread "jar transforms Thread 88" [_thread_blocked, id=2844, stack(0x0000004352e00000,0x0000004352f00000)]
  0x0000022f6e3a3800 JavaThread "jar transforms Thread 89" [_thread_blocked, id=15036, stack(0x0000004352f00000,0x0000004353000000)]
  0x0000022f6e39e000 JavaThread "jar transforms Thread 90" [_thread_blocked, id=16376, stack(0x0000004353000000,0x0000004353100000)]
  0x0000022f6e3a4800 JavaThread "jar transforms Thread 91" [_thread_blocked, id=8232, stack(0x0000004353100000,0x0000004353200000)]
  0x0000022f6e39f000 JavaThread "jar transforms Thread 92" [_thread_blocked, id=14192, stack(0x0000004353200000,0x0000004353300000)]
  0x0000022f6e3a5800 JavaThread "Cache worker for Build Output Cleanup Cache (D:\Work\TH\Depth\arcore-android-sdk\samples\augmented_faces_java\.gradle\buildOutputCleanup)" [_thread_blocked, id=14872, stack(0x0000004353300000,0x0000004353400000)]
  0x0000022f6e3a8000 JavaThread "pool-1-thread-1" [_thread_blocked, id=13940, stack(0x0000004353400000,0x0000004353500000)]

Other Threads:
  0x0000022f68171800 VMThread "VM Thread" [stack: 0x000000434a500000,0x000000434a600000] [id=6592]
  0x0000022f683e1800 WatcherThread [stack: 0x000000434af00000,0x000000434b000000] [id=11824]
  0x0000022f4e794000 GCTaskThread "GC Thread#0" [stack: 0x000000434a000000,0x000000434a100000] [id=1524]
  0x0000022f6886b800 GCTaskThread "GC Thread#1" [stack: 0x000000434b100000,0x000000434b200000] [id=16688]
  0x0000022f68e3a800 GCTaskThread "GC Thread#2" [stack: 0x000000434b200000,0x000000434b300000] [id=11008]
  0x0000022f687c9800 GCTaskThread "GC Thread#3" [stack: 0x000000434b300000,0x000000434b400000] [id=13460]
  0x0000022f68aed000 GCTaskThread "GC Thread#4" [stack: 0x000000434b400000,0x000000434b500000] [id=7692]
  0x0000022f68aee000 GCTaskThread "GC Thread#5" [stack: 0x000000434b500000,0x000000434b600000] [id=11776]
  0x0000022f6a526800 GCTaskThread "GC Thread#6" [stack: 0x000000434c400000,0x000000434c500000] [id=10972]
  0x0000022f6a527000 GCTaskThread "GC Thread#7" [stack: 0x000000434c500000,0x000000434c600000] [id=16100]
  0x0000022f4e7b9000 ConcurrentGCThread "G1 Main Marker" [stack: 0x000000434a100000,0x000000434a200000] [id=2396]
  0x0000022f4e7bb800 ConcurrentGCThread "G1 Conc#0" [stack: 0x000000434a200000,0x000000434a300000] [id=3000]
  0x0000022f6a542000 ConcurrentGCThread "G1 Conc#1" [stack: 0x000000434c600000,0x000000434c700000] [id=5200]
  0x0000022f4e85e800 ConcurrentGCThread "G1 Refine#0" [stack: 0x000000434a300000,0x000000434a400000] [id=11808]
  0x0000022f677d3000 ConcurrentGCThread "G1 Young RemSet Sampling" [stack: 0x000000434a400000,0x000000434a500000] [id=9712]

Threads with active compile tasks:
C2 CompilerThread0   5785 4474       4       org.objectweb.asm.Frame::execute (2318 bytes)
C2 CompilerThread1   5785 4455       4       org.objectweb.asm.SymbolTable::addConstantMemberReference (147 bytes)
C2 CompilerThread2   5785 4535   !   4       java.util.jar.Attributes::read (390 bytes)

VM state:not at safepoint (normal execution)

VM Mutex/Monitor currently owned by a thread: None

Heap address: 0x00000000a0000000, size: 1536 MB, Compressed Oops mode: 32-bit
Narrow klass base: 0x0000000000000000, Narrow klass shift: 3
Compressed class space size: 1073741824 Address: 0x0000000100000000

Heap:
 garbage-first heap   total 260096K, used 119479K [0x00000000a0000000, 0x0000000100000000)
  region size 1024K, 101 young (103424K), 10 survivors (10240K)
 Metaspace       used 53531K, capacity 54803K, committed 55032K, reserved 1097728K
  class space    used 6792K, capacity 7224K, committed 7244K, reserved 1048576K
Heap Regions: E=young(eden), S=young(survivor), O=old, HS=humongous(starts), HC=humongous(continues), CS=collection set, F=free, A=archive, TAMS=top-at-mark-start (previous, next)
|   0|0x00000000a0000000, 0x00000000a0100000, 0x00000000a0100000|100%| O|  |TAMS 0x00000000a0100000, 0x00000000a0000000| Untracked 
|   1|0x00000000a0100000, 0x00000000a0200000, 0x00000000a0200000|100%| O|  |TAMS 0x00000000a0200000, 0x00000000a0100000| Untracked 
|   2|0x00000000a0200000, 0x00000000a0300000, 0x00000000a0300000|100%| O|  |TAMS 0x00000000a0300000, 0x00000000a0200000| Untracked 
|   3|0x00000000a0300000, 0x00000000a0400000, 0x00000000a0400000|100%|HS|  |TAMS 0x00000000a0400000, 0x00000000a0300000| Complete 
|   4|0x00000000a0400000, 0x00000000a0500000, 0x00000000a0500000|100%|HC|  |TAMS 0x00000000a0500000, 0x00000000a0400000| Complete 
|   5|0x00000000a0500000, 0x00000000a0600000, 0x00000000a0600000|100%|HC|  |TAMS 0x00000000a0600000, 0x00000000a0500000| Complete 
|   6|0x00000000a0600000, 0x00000000a0700000, 0x00000000a0700000|100%| O|  |TAMS 0x00000000a0700000, 0x00000000a0600000| Untracked 
|   7|0x00000000a0700000, 0x00000000a0800000, 0x00000000a0800000|100%| O|  |TAMS 0x00000000a0800000, 0x00000000a0700000| Untracked 
|   8|0x00000000a0800000, 0x00000000a0900000, 0x00000000a0900000|100%| O|  |TAMS 0x00000000a0900000, 0x00000000a0800000| Untracked 
|   9|0x00000000a0900000, 0x00000000a0a00000, 0x00000000a0a00000|100%| O|  |TAMS 0x00000000a0a00000, 0x00000000a0900000| Untracked 
|  10|0x00000000a0a00000, 0x00000000a0b00000, 0x00000000a0b00000|100%| O|  |TAMS 0x00000000a0b00000, 0x00000000a0a00000| Untracked 
|  11|0x00000000a0b00000, 0x00000000a0c00000, 0x00000000a0c00000|100%| O|  |TAMS 0x00000000a0c00000, 0x00000000a0b00000| Untracked 
|  12|0x00000000a0c00000, 0x00000000a0d00000, 0x00000000a0d00000|100%| O|  |TAMS 0x00000000a0d00000, 0x00000000a0c00000| Untracked 
|  13|0x00000000a0d00000, 0x00000000a0e00000, 0x00000000a0e00000|100%| O|  |TAMS 0x00000000a0e00000, 0x00000000a0d00000| Untracked 
|  14|0x00000000a0e00000, 0x00000000a0ef1600, 0x00000000a0f00000| 94%| O|  |TAMS 0x00000000a0ef1600, 0x00000000a0e00000| Untracked 
|  15|0x00000000a0f00000, 0x00000000a1000000, 0x00000000a1000000|100%|HS|  |TAMS 0x00000000a0f00000, 0x00000000a0f00000| Complete 
|  16|0x00000000a1000000, 0x00000000a1100000, 0x00000000a1100000|100%|HS|  |TAMS 0x00000000a1000000, 0x00000000a1000000| Complete 
|  17|0x00000000a1100000, 0x00000000a1200000, 0x00000000a1200000|100%|HC|  |TAMS 0x00000000a1100000, 0x00000000a1100000| Complete 
|  18|0x00000000a1200000, 0x00000000a1200000, 0x00000000a1300000|  0%| F|  |TAMS 0x00000000a1200000, 0x00000000a1200000| Untracked 
|  19|0x00000000a1300000, 0x00000000a1300000, 0x00000000a1400000|  0%| F|  |TAMS 0x00000000a1300000, 0x00000000a1300000| Untracked 
|  20|0x00000000a1400000, 0x00000000a1400000, 0x00000000a1500000|  0%| F|  |TAMS 0x00000000a1400000, 0x00000000a1400000| Untracked 
|  21|0x00000000a1500000, 0x00000000a1500000, 0x00000000a1600000|  0%| F|  |TAMS 0x00000000a1500000, 0x00000000a1500000| Untracked 
|  22|0x00000000a1600000, 0x00000000a1600000, 0x00000000a1700000|  0%| F|  |TAMS 0x00000000a1600000, 0x00000000a1600000| Untracked 
|  23|0x00000000a1700000, 0x00000000a1700000, 0x00000000a1800000|  0%| F|  |TAMS 0x00000000a1700000, 0x00000000a1700000| Untracked 
|  24|0x00000000a1800000, 0x00000000a1800000, 0x00000000a1900000|  0%| F|  |TAMS 0x00000000a1800000, 0x00000000a1800000| Untracked 
|  25|0x00000000a1900000, 0x00000000a1900000, 0x00000000a1a00000|  0%| F|  |TAMS 0x00000000a1900000, 0x00000000a1900000| Untracked 
|  26|0x00000000a1a00000, 0x00000000a1a00000, 0x00000000a1b00000|  0%| F|  |TAMS 0x00000000a1a00000, 0x00000000a1a00000| Untracked 
|  27|0x00000000a1b00000, 0x00000000a1b00000, 0x00000000a1c00000|  0%| F|  |TAMS 0x00000000a1b00000, 0x00000000a1b00000| Untracked 
|  28|0x00000000a1c00000, 0x00000000a1c00000, 0x00000000a1d00000|  0%| F|  |TAMS 0x00000000a1c00000, 0x00000000a1c00000| Untracked 
|  29|0x00000000a1d00000, 0x00000000a1d00000, 0x00000000a1e00000|  0%| F|  |TAMS 0x00000000a1d00000, 0x00000000a1d00000| Untracked 
|  30|0x00000000a1e00000, 0x00000000a1e00000, 0x00000000a1f00000|  0%| F|  |TAMS 0x00000000a1e00000, 0x00000000a1e00000| Untracked 
|  31|0x00000000a1f00000, 0x00000000a1f00000, 0x00000000a2000000|  0%| F|  |TAMS 0x00000000a1f00000, 0x00000000a1f00000| Untracked 
|  32|0x00000000a2000000, 0x00000000a2000000, 0x00000000a2100000|  0%| F|  |TAMS 0x00000000a2000000, 0x00000000a2000000| Untracked 
|  33|0x00000000a2100000, 0x00000000a2100000, 0x00000000a2200000|  0%| F|  |TAMS 0x00000000a2100000, 0x00000000a2100000| Untracked 
|  34|0x00000000a2200000, 0x00000000a2200000, 0x00000000a2300000|  0%| F|  |TAMS 0x00000000a2200000, 0x00000000a2200000| Untracked 
|  35|0x00000000a2300000, 0x00000000a2300000, 0x00000000a2400000|  0%| F|  |TAMS 0x00000000a2300000, 0x00000000a2300000| Untracked 
|  36|0x00000000a2400000, 0x00000000a2400000, 0x00000000a2500000|  0%| F|  |TAMS 0x00000000a2400000, 0x00000000a2400000| Untracked 
|  37|0x00000000a2500000, 0x00000000a2500000, 0x00000000a2600000|  0%| F|  |TAMS 0x00000000a2500000, 0x00000000a2500000| Untracked 
|  38|0x00000000a2600000, 0x00000000a2600000, 0x00000000a2700000|  0%| F|  |TAMS 0x00000000a2600000, 0x00000000a2600000| Untracked 
|  39|0x00000000a2700000, 0x00000000a2700000, 0x00000000a2800000|  0%| F|  |TAMS 0x00000000a2700000, 0x00000000a2700000| Untracked 
|  40|0x00000000a2800000, 0x00000000a2800000, 0x00000000a2900000|  0%| F|  |TAMS 0x00000000a2800000, 0x00000000a2800000| Untracked 
|  41|0x00000000a2900000, 0x00000000a2900000, 0x00000000a2a00000|  0%| F|  |TAMS 0x00000000a2900000, 0x00000000a2900000| Untracked 
|  42|0x00000000a2a00000, 0x00000000a2a00000, 0x00000000a2b00000|  0%| F|  |TAMS 0x00000000a2a00000, 0x00000000a2a00000| Untracked 
|  43|0x00000000a2b00000, 0x00000000a2b00000, 0x00000000a2c00000|  0%| F|  |TAMS 0x00000000a2b00000, 0x00000000a2b00000| Untracked 
|  44|0x00000000a2c00000, 0x00000000a2c00000, 0x00000000a2d00000|  0%| F|  |TAMS 0x00000000a2c00000, 0x00000000a2c00000| Untracked 
|  45|0x00000000a2d00000, 0x00000000a2d00000, 0x00000000a2e00000|  0%| F|  |TAMS 0x00000000a2d00000, 0x00000000a2d00000| Untracked 
|  46|0x00000000a2e00000, 0x00000000a2e00000, 0x00000000a2f00000|  0%| F|  |TAMS 0x00000000a2e00000, 0x00000000a2e00000| Untracked 
|  47|0x00000000a2f00000, 0x00000000a2f00000, 0x00000000a3000000|  0%| F|  |TAMS 0x00000000a2f00000, 0x00000000a2f00000| Untracked 
|  48|0x00000000a3000000, 0x00000000a3000000, 0x00000000a3100000|  0%| F|  |TAMS 0x00000000a3000000, 0x00000000a3000000| Untracked 
|  49|0x00000000a3100000, 0x00000000a3100000, 0x00000000a3200000|  0%| F|  |TAMS 0x00000000a3100000, 0x00000000a3100000| Untracked 
|  50|0x00000000a3200000, 0x00000000a3200000, 0x00000000a3300000|  0%| F|  |TAMS 0x00000000a3200000, 0x00000000a3200000| Untracked 
|  51|0x00000000a3300000, 0x00000000a3300000, 0x00000000a3400000|  0%| F|  |TAMS 0x00000000a3300000, 0x00000000a3300000| Untracked 
|  52|0x00000000a3400000, 0x00000000a3400000, 0x00000000a3500000|  0%| F|  |TAMS 0x00000000a3400000, 0x00000000a3400000| Untracked 
|  53|0x00000000a3500000, 0x00000000a3500000, 0x00000000a3600000|  0%| F|  |TAMS 0x00000000a3500000, 0x00000000a3500000| Untracked 
|  54|0x00000000a3600000, 0x00000000a3600000, 0x00000000a3700000|  0%| F|  |TAMS 0x00000000a3600000, 0x00000000a3600000| Untracked 
|  55|0x00000000a3700000, 0x00000000a3700000, 0x00000000a3800000|  0%| F|  |TAMS 0x00000000a3700000, 0x00000000a3700000| Untracked 
|  56|0x00000000a3800000, 0x00000000a3800000, 0x00000000a3900000|  0%| F|  |TAMS 0x00000000a3800000, 0x00000000a3800000| Untracked 
|  57|0x00000000a3900000, 0x00000000a3900000, 0x00000000a3a00000|  0%| F|  |TAMS 0x00000000a3900000, 0x00000000a3900000| Untracked 
|  58|0x00000000a3a00000, 0x00000000a3a00000, 0x00000000a3b00000|  0%| F|  |TAMS 0x00000000a3a00000, 0x00000000a3a00000| Untracked 
|  59|0x00000000a3b00000, 0x00000000a3b00000, 0x00000000a3c00000|  0%| F|  |TAMS 0x00000000a3b00000, 0x00000000a3b00000| Untracked 
|  60|0x00000000a3c00000, 0x00000000a3c00000, 0x00000000a3d00000|  0%| F|  |TAMS 0x00000000a3c00000, 0x00000000a3c00000| Untracked 
|  61|0x00000000a3d00000, 0x00000000a3d00000, 0x00000000a3e00000|  0%| F|  |TAMS 0x00000000a3d00000, 0x00000000a3d00000| Untracked 
|  62|0x00000000a3e00000, 0x00000000a3e00000, 0x00000000a3f00000|  0%| F|  |TAMS 0x00000000a3e00000, 0x00000000a3e00000| Untracked 
|  63|0x00000000a3f00000, 0x00000000a3f00000, 0x00000000a4000000|  0%| F|  |TAMS 0x00000000a3f00000, 0x00000000a3f00000| Untracked 
|  64|0x00000000a4000000, 0x00000000a4000000, 0x00000000a4100000|  0%| F|  |TAMS 0x00000000a4000000, 0x00000000a4000000| Untracked 
|  65|0x00000000a4100000, 0x00000000a4100000, 0x00000000a4200000|  0%| F|  |TAMS 0x00000000a4100000, 0x00000000a4100000| Untracked 
|  66|0x00000000a4200000, 0x00000000a4200000, 0x00000000a4300000|  0%| F|  |TAMS 0x00000000a4200000, 0x00000000a4200000| Untracked 
|  67|0x00000000a4300000, 0x00000000a4300000, 0x00000000a4400000|  0%| F|  |TAMS 0x00000000a4300000, 0x00000000a4300000| Untracked 
|  68|0x00000000a4400000, 0x00000000a4400000, 0x00000000a4500000|  0%| F|  |TAMS 0x00000000a4400000, 0x00000000a4400000| Untracked 
|  69|0x00000000a4500000, 0x00000000a4500000, 0x00000000a4600000|  0%| F|  |TAMS 0x00000000a4500000, 0x00000000a4500000| Untracked 
|  70|0x00000000a4600000, 0x00000000a4600000, 0x00000000a4700000|  0%| F|  |TAMS 0x00000000a4600000, 0x00000000a4600000| Untracked 
|  71|0x00000000a4700000, 0x00000000a4700000, 0x00000000a4800000|  0%| F|  |TAMS 0x00000000a4700000, 0x00000000a4700000| Untracked 
|  72|0x00000000a4800000, 0x00000000a4800000, 0x00000000a4900000|  0%| F|  |TAMS 0x00000000a4800000, 0x00000000a4800000| Untracked 
|  73|0x00000000a4900000, 0x00000000a4900000, 0x00000000a4a00000|  0%| F|  |TAMS 0x00000000a4900000, 0x00000000a4900000| Untracked 
|  74|0x00000000a4a00000, 0x00000000a4a00000, 0x00000000a4b00000|  0%| F|  |TAMS 0x00000000a4a00000, 0x00000000a4a00000| Untracked 
|  75|0x00000000a4b00000, 0x00000000a4b00000, 0x00000000a4c00000|  0%| F|  |TAMS 0x00000000a4b00000, 0x00000000a4b00000| Untracked 
|  76|0x00000000a4c00000, 0x00000000a4c00000, 0x00000000a4d00000|  0%| F|  |TAMS 0x00000000a4c00000, 0x00000000a4c00000| Untracked 
|  77|0x00000000a4d00000, 0x00000000a4d00000, 0x00000000a4e00000|  0%| F|  |TAMS 0x00000000a4d00000, 0x00000000a4d00000| Untracked 
|  78|0x00000000a4e00000, 0x00000000a4e00000, 0x00000000a4f00000|  0%| F|  |TAMS 0x00000000a4e00000, 0x00000000a4e00000| Untracked 
|  79|0x00000000a4f00000, 0x00000000a4f00000, 0x00000000a5000000|  0%| F|  |TAMS 0x00000000a4f00000, 0x00000000a4f00000| Untracked 
|  80|0x00000000a5000000, 0x00000000a5000000, 0x00000000a5100000|  0%| F|  |TAMS 0x00000000a5000000, 0x00000000a5000000| Untracked 
|  81|0x00000000a5100000, 0x00000000a5100000, 0x00000000a5200000|  0%| F|  |TAMS 0x00000000a5100000, 0x00000000a5100000| Untracked 
|  82|0x00000000a5200000, 0x00000000a5200000, 0x00000000a5300000|  0%| F|  |TAMS 0x00000000a5200000, 0x00000000a5200000| Untracked 
|  83|0x00000000a5300000, 0x00000000a5300000, 0x00000000a5400000|  0%| F|  |TAMS 0x00000000a5300000, 0x00000000a5300000| Untracked 
|  84|0x00000000a5400000, 0x00000000a5400000, 0x00000000a5500000|  0%| F|  |TAMS 0x00000000a5400000, 0x00000000a5400000| Untracked 
|  85|0x00000000a5500000, 0x00000000a5500000, 0x00000000a5600000|  0%| F|  |TAMS 0x00000000a5500000, 0x00000000a5500000| Untracked 
|  86|0x00000000a5600000, 0x00000000a5600000, 0x00000000a5700000|  0%| F|  |TAMS 0x00000000a5600000, 0x00000000a5600000| Untracked 
|  87|0x00000000a5700000, 0x00000000a5700000, 0x00000000a5800000|  0%| F|  |TAMS 0x00000000a5700000, 0x00000000a5700000| Untracked 
|  88|0x00000000a5800000, 0x00000000a5800000, 0x00000000a5900000|  0%| F|  |TAMS 0x00000000a5800000, 0x00000000a5800000| Untracked 
|  89|0x00000000a5900000, 0x00000000a5900000, 0x00000000a5a00000|  0%| F|  |TAMS 0x00000000a5900000, 0x00000000a5900000| Untracked 
|  90|0x00000000a5a00000, 0x00000000a5a00000, 0x00000000a5b00000|  0%| F|  |TAMS 0x00000000a5a00000, 0x00000000a5a00000| Untracked 
|  91|0x00000000a5b00000, 0x00000000a5b00000, 0x00000000a5c00000|  0%| F|  |TAMS 0x00000000a5b00000, 0x00000000a5b00000| Untracked 
|  92|0x00000000a5c00000, 0x00000000a5c00000, 0x00000000a5d00000|  0%| F|  |TAMS 0x00000000a5c00000, 0x00000000a5c00000| Untracked 
|  93|0x00000000a5d00000, 0x00000000a5d00000, 0x00000000a5e00000|  0%| F|  |TAMS 0x00000000a5d00000, 0x00000000a5d00000| Untracked 
|  94|0x00000000a5e00000, 0x00000000a5e00000, 0x00000000a5f00000|  0%| F|  |TAMS 0x00000000a5e00000, 0x00000000a5e00000| Untracked 
|  95|0x00000000a5f00000, 0x00000000a5f00000, 0x00000000a6000000|  0%| F|  |TAMS 0x00000000a5f00000, 0x00000000a5f00000| Untracked 
|  96|0x00000000a6000000, 0x00000000a6000000, 0x00000000a6100000|  0%| F|  |TAMS 0x00000000a6000000, 0x00000000a6000000| Untracked 
|  97|0x00000000a6100000, 0x00000000a6100000, 0x00000000a6200000|  0%| F|  |TAMS 0x00000000a6100000, 0x00000000a6100000| Untracked 
|  98|0x00000000a6200000, 0x00000000a6200000, 0x00000000a6300000|  0%| F|  |TAMS 0x00000000a6200000, 0x00000000a6200000| Untracked 
|  99|0x00000000a6300000, 0x00000000a6300000, 0x00000000a6400000|  0%| F|  |TAMS 0x00000000a6300000, 0x00000000a6300000| Untracked 
| 100|0x00000000a6400000, 0x00000000a6400000, 0x00000000a6500000|  0%| F|  |TAMS 0x00000000a6400000, 0x00000000a6400000| Untracked 
| 101|0x00000000a6500000, 0x00000000a6500000, 0x00000000a6600000|  0%| F|  |TAMS 0x00000000a6500000, 0x00000000a6500000| Untracked 
| 102|0x00000000a6600000, 0x00000000a6600000, 0x00000000a6700000|  0%| F|  |TAMS 0x00000000a6600000, 0x00000000a6600000| Untracked 
| 103|0x00000000a6700000, 0x00000000a6700000, 0x00000000a6800000|  0%| F|  |TAMS 0x00000000a6700000, 0x00000000a6700000| Untracked 
| 104|0x00000000a6800000, 0x00000000a6800000, 0x00000000a6900000|  0%| F|  |TAMS 0x00000000a6800000, 0x00000000a6800000| Untracked 
| 105|0x00000000a6900000, 0x00000000a6900000, 0x00000000a6a00000|  0%| F|  |TAMS 0x00000000a6900000, 0x00000000a6900000| Untracked 
| 106|0x00000000a6a00000, 0x00000000a6a00000, 0x00000000a6b00000|  0%| F|  |TAMS 0x00000000a6a00000, 0x00000000a6a00000| Untracked 
| 107|0x00000000a6b00000, 0x00000000a6b00000, 0x00000000a6c00000|  0%| F|  |TAMS 0x00000000a6b00000, 0x00000000a6b00000| Untracked 
| 108|0x00000000a6c00000, 0x00000000a6c00000, 0x00000000a6d00000|  0%| F|  |TAMS 0x00000000a6c00000, 0x00000000a6c00000| Untracked 
| 109|0x00000000a6d00000, 0x00000000a6d00000, 0x00000000a6e00000|  0%| F|  |TAMS 0x00000000a6d00000, 0x00000000a6d00000| Untracked 
| 110|0x00000000a6e00000, 0x00000000a6e00000, 0x00000000a6f00000|  0%| F|  |TAMS 0x00000000a6e00000, 0x00000000a6e00000| Untracked 
| 111|0x00000000a6f00000, 0x00000000a6f00000, 0x00000000a7000000|  0%| F|  |TAMS 0x00000000a6f00000, 0x00000000a6f00000| Untracked 
| 112|0x00000000a7000000, 0x00000000a7000000, 0x00000000a7100000|  0%| F|  |TAMS 0x00000000a7000000, 0x00000000a7000000| Untracked 
| 113|0x00000000a7100000, 0x00000000a7100000, 0x00000000a7200000|  0%| F|  |TAMS 0x00000000a7100000, 0x00000000a7100000| Untracked 
| 114|0x00000000a7200000, 0x00000000a7200000, 0x00000000a7300000|  0%| F|  |TAMS 0x00000000a7200000, 0x00000000a7200000| Untracked 
| 115|0x00000000a7300000, 0x00000000a7300000, 0x00000000a7400000|  0%| F|  |TAMS 0x00000000a7300000, 0x00000000a7300000| Untracked 
| 116|0x00000000a7400000, 0x00000000a7400000, 0x00000000a7500000|  0%| F|  |TAMS 0x00000000a7400000, 0x00000000a7400000| Untracked 
| 117|0x00000000a7500000, 0x00000000a7500000, 0x00000000a7600000|  0%| F|  |TAMS 0x00000000a7500000, 0x00000000a7500000| Untracked 
| 118|0x00000000a7600000, 0x00000000a7600000, 0x00000000a7700000|  0%| F|  |TAMS 0x00000000a7600000, 0x00000000a7600000| Untracked 
| 119|0x00000000a7700000, 0x00000000a7700000, 0x00000000a7800000|  0%| F|  |TAMS 0x00000000a7700000, 0x00000000a7700000| Untracked 
| 120|0x00000000a7800000, 0x00000000a7800000, 0x00000000a7900000|  0%| F|  |TAMS 0x00000000a7800000, 0x00000000a7800000| Untracked 
| 121|0x00000000a7900000, 0x00000000a7900000, 0x00000000a7a00000|  0%| F|  |TAMS 0x00000000a7900000, 0x00000000a7900000| Untracked 
| 122|0x00000000a7a00000, 0x00000000a7a00000, 0x00000000a7b00000|  0%| F|  |TAMS 0x00000000a7a00000, 0x00000000a7a00000| Untracked 
| 123|0x00000000a7b00000, 0x00000000a7b00000, 0x00000000a7c00000|  0%| F|  |TAMS 0x00000000a7b00000, 0x00000000a7b00000| Untracked 
| 124|0x00000000a7c00000, 0x00000000a7c00000, 0x00000000a7d00000|  0%| F|  |TAMS 0x00000000a7c00000, 0x00000000a7c00000| Untracked 
| 125|0x00000000a7d00000, 0x00000000a7d00000, 0x00000000a7e00000|  0%| F|  |TAMS 0x00000000a7d00000, 0x00000000a7d00000| Untracked 
| 126|0x00000000a7e00000, 0x00000000a7e00000, 0x00000000a7f00000|  0%| F|  |TAMS 0x00000000a7e00000, 0x00000000a7e00000| Untracked 
| 127|0x00000000a7f00000, 0x00000000a7f00000, 0x00000000a8000000|  0%| F|  |TAMS 0x00000000a7f00000, 0x00000000a7f00000| Untracked 
| 128|0x00000000a8000000, 0x00000000a8000000, 0x00000000a8100000|  0%| F|  |TAMS 0x00000000a8000000, 0x00000000a8000000| Untracked 
| 129|0x00000000a8100000, 0x00000000a8100000, 0x00000000a8200000|  0%| F|  |TAMS 0x00000000a8100000, 0x00000000a8100000| Untracked 
| 130|0x00000000a8200000, 0x00000000a8200000, 0x00000000a8300000|  0%| F|  |TAMS 0x00000000a8200000, 0x00000000a8200000| Untracked 
| 131|0x00000000a8300000, 0x00000000a8300000, 0x00000000a8400000|  0%| F|  |TAMS 0x00000000a8300000, 0x00000000a8300000| Untracked 
| 132|0x00000000a8400000, 0x00000000a8400000, 0x00000000a8500000|  0%| F|  |TAMS 0x00000000a8400000, 0x00000000a8400000| Untracked 
| 133|0x00000000a8500000, 0x00000000a8500000, 0x00000000a8600000|  0%| F|  |TAMS 0x00000000a8500000, 0x00000000a8500000| Untracked 
| 134|0x00000000a8600000, 0x00000000a8600000, 0x00000000a8700000|  0%| F|  |TAMS 0x00000000a8600000, 0x00000000a8600000| Untracked 
| 135|0x00000000a8700000, 0x00000000a8700000, 0x00000000a8800000|  0%| F|  |TAMS 0x00000000a8700000, 0x00000000a8700000| Untracked 
| 136|0x00000000a8800000, 0x00000000a8800000, 0x00000000a8900000|  0%| F|  |TAMS 0x00000000a8800000, 0x00000000a8800000| Untracked 
| 137|0x00000000a8900000, 0x00000000a8900000, 0x00000000a8a00000|  0%| F|  |TAMS 0x00000000a8900000, 0x00000000a8900000| Untracked 
| 138|0x00000000a8a00000, 0x00000000a8abc8c8, 0x00000000a8b00000| 73%| S|CS|TAMS 0x00000000a8a00000, 0x00000000a8a00000| Complete 
| 139|0x00000000a8b00000, 0x00000000a8c00000, 0x00000000a8c00000|100%| S|CS|TAMS 0x00000000a8b00000, 0x00000000a8b00000| Complete 
| 140|0x00000000a8c00000, 0x00000000a8d00000, 0x00000000a8d00000|100%| S|CS|TAMS 0x00000000a8c00000, 0x00000000a8c00000| Complete 
| 141|0x00000000a8d00000, 0x00000000a8e00000, 0x00000000a8e00000|100%| S|CS|TAMS 0x00000000a8d00000, 0x00000000a8d00000| Complete 
| 142|0x00000000a8e00000, 0x00000000a8f00000, 0x00000000a8f00000|100%| S|CS|TAMS 0x00000000a8e00000, 0x00000000a8e00000| Complete 
| 143|0x00000000a8f00000, 0x00000000a9000000, 0x00000000a9000000|100%| S|CS|TAMS 0x00000000a8f00000, 0x00000000a8f00000| Complete 
| 144|0x00000000a9000000, 0x00000000a9100000, 0x00000000a9100000|100%| S|CS|TAMS 0x00000000a9000000, 0x00000000a9000000| Complete 
| 145|0x00000000a9100000, 0x00000000a9200000, 0x00000000a9200000|100%| S|CS|TAMS 0x00000000a9100000, 0x00000000a9100000| Complete 
| 146|0x00000000a9200000, 0x00000000a9300000, 0x00000000a9300000|100%| S|CS|TAMS 0x00000000a9200000, 0x00000000a9200000| Complete 
| 147|0x00000000a9300000, 0x00000000a9400000, 0x00000000a9400000|100%| S|CS|TAMS 0x00000000a9300000, 0x00000000a9300000| Complete 
| 148|0x00000000a9400000, 0x00000000a9400000, 0x00000000a9500000|  0%| F|  |TAMS 0x00000000a9400000, 0x00000000a9400000| Untracked 
| 149|0x00000000a9500000, 0x00000000a9500000, 0x00000000a9600000|  0%| F|  |TAMS 0x00000000a9500000, 0x00000000a9500000| Untracked 
| 150|0x00000000a9600000, 0x00000000a9600000, 0x00000000a9700000|  0%| F|  |TAMS 0x00000000a9600000, 0x00000000a9600000| Untracked 
| 151|0x00000000a9700000, 0x00000000a9700000, 0x00000000a9800000|  0%| F|  |TAMS 0x00000000a9700000, 0x00000000a9700000| Untracked 
| 152|0x00000000a9800000, 0x00000000a9800000, 0x00000000a9900000|  0%| F|  |TAMS 0x00000000a9800000, 0x00000000a9800000| Untracked 
| 153|0x00000000a9900000, 0x00000000a9900000, 0x00000000a9a00000|  0%| F|  |TAMS 0x00000000a9900000, 0x00000000a9900000| Untracked 
| 154|0x00000000a9a00000, 0x00000000a9a00000, 0x00000000a9b00000|  0%| F|  |TAMS 0x00000000a9a00000, 0x00000000a9a00000| Untracked 
| 155|0x00000000a9b00000, 0x00000000a9b00000, 0x00000000a9c00000|  0%| F|  |TAMS 0x00000000a9b00000, 0x00000000a9b00000| Untracked 
| 156|0x00000000a9c00000, 0x00000000a9c00000, 0x00000000a9d00000|  0%| F|  |TAMS 0x00000000a9c00000, 0x00000000a9c00000| Untracked 
| 157|0x00000000a9d00000, 0x00000000a9d00000, 0x00000000a9e00000|  0%| F|  |TAMS 0x00000000a9d00000, 0x00000000a9d00000| Untracked 
| 158|0x00000000a9e00000, 0x00000000a9e00000, 0x00000000a9f00000|  0%| F|  |TAMS 0x00000000a9e00000, 0x00000000a9e00000| Untracked 
| 159|0x00000000a9f00000, 0x00000000a9f00000, 0x00000000aa000000|  0%| F|  |TAMS 0x00000000a9f00000, 0x00000000a9f00000| Untracked 
| 160|0x00000000aa000000, 0x00000000aa000000, 0x00000000aa100000|  0%| F|  |TAMS 0x00000000aa000000, 0x00000000aa000000| Untracked 
| 161|0x00000000aa100000, 0x00000000aa100000, 0x00000000aa200000|  0%| F|  |TAMS 0x00000000aa100000, 0x00000000aa100000| Untracked 
| 162|0x00000000aa200000, 0x00000000aa2e0c60, 0x00000000aa300000| 87%| E|  |TAMS 0x00000000aa200000, 0x00000000aa200000| Complete 
| 163|0x00000000aa300000, 0x00000000aa400000, 0x00000000aa400000|100%| E|CS|TAMS 0x00000000aa300000, 0x00000000aa300000| Complete 
| 164|0x00000000aa400000, 0x00000000aa500000, 0x00000000aa500000|100%| E|CS|TAMS 0x00000000aa400000, 0x00000000aa400000| Complete 
| 165|0x00000000aa500000, 0x00000000aa600000, 0x00000000aa600000|100%| E|CS|TAMS 0x00000000aa500000, 0x00000000aa500000| Complete 
| 166|0x00000000aa600000, 0x00000000aa700000, 0x00000000aa700000|100%| E|CS|TAMS 0x00000000aa600000, 0x00000000aa600000| Complete 
| 167|0x00000000aa700000, 0x00000000aa800000, 0x00000000aa800000|100%| E|CS|TAMS 0x00000000aa700000, 0x00000000aa700000| Complete 
| 168|0x00000000aa800000, 0x00000000aa900000, 0x00000000aa900000|100%| E|CS|TAMS 0x00000000aa800000, 0x00000000aa800000| Complete 
| 169|0x00000000aa900000, 0x00000000aaa00000, 0x00000000aaa00000|100%| E|CS|TAMS 0x00000000aa900000, 0x00000000aa900000| Complete 
| 170|0x00000000aaa00000, 0x00000000aab00000, 0x00000000aab00000|100%| E|CS|TAMS 0x00000000aaa00000, 0x00000000aaa00000| Complete 
| 171|0x00000000aab00000, 0x00000000aac00000, 0x00000000aac00000|100%| E|CS|TAMS 0x00000000aab00000, 0x00000000aab00000| Complete 
| 172|0x00000000aac00000, 0x00000000aad00000, 0x00000000aad00000|100%| E|CS|TAMS 0x00000000aac00000, 0x00000000aac00000| Complete 
| 173|0x00000000aad00000, 0x00000000aae00000, 0x00000000aae00000|100%| E|CS|TAMS 0x00000000aad00000, 0x00000000aad00000| Complete 
| 174|0x00000000aae00000, 0x00000000aaf00000, 0x00000000aaf00000|100%| E|CS|TAMS 0x00000000aae00000, 0x00000000aae00000| Complete 
| 175|0x00000000aaf00000, 0x00000000ab000000, 0x00000000ab000000|100%| E|CS|TAMS 0x00000000aaf00000, 0x00000000aaf00000| Complete 
| 176|0x00000000ab000000, 0x00000000ab100000, 0x00000000ab100000|100%| E|CS|TAMS 0x00000000ab000000, 0x00000000ab000000| Complete 
| 177|0x00000000ab100000, 0x00000000ab200000, 0x00000000ab200000|100%| E|CS|TAMS 0x00000000ab100000, 0x00000000ab100000| Complete 
| 178|0x00000000ab200000, 0x00000000ab300000, 0x00000000ab300000|100%| E|CS|TAMS 0x00000000ab200000, 0x00000000ab200000| Complete 
| 179|0x00000000ab300000, 0x00000000ab400000, 0x00000000ab400000|100%| E|CS|TAMS 0x00000000ab300000, 0x00000000ab300000| Complete 
| 180|0x00000000ab400000, 0x00000000ab500000, 0x00000000ab500000|100%| E|CS|TAMS 0x00000000ab400000, 0x00000000ab400000| Complete 
| 181|0x00000000ab500000, 0x00000000ab600000, 0x00000000ab600000|100%| E|CS|TAMS 0x00000000ab500000, 0x00000000ab500000| Complete 
| 182|0x00000000ab600000, 0x00000000ab700000, 0x00000000ab700000|100%| E|CS|TAMS 0x00000000ab600000, 0x00000000ab600000| Complete 
| 183|0x00000000ab700000, 0x00000000ab800000, 0x00000000ab800000|100%| E|CS|TAMS 0x00000000ab700000, 0x00000000ab700000| Complete 
| 184|0x00000000ab800000, 0x00000000ab900000, 0x00000000ab900000|100%| E|CS|TAMS 0x00000000ab800000, 0x00000000ab800000| Complete 
| 185|0x00000000ab900000, 0x00000000aba00000, 0x00000000aba00000|100%| E|CS|TAMS 0x00000000ab900000, 0x00000000ab900000| Complete 
| 186|0x00000000aba00000, 0x00000000abb00000, 0x00000000abb00000|100%| E|CS|TAMS 0x00000000aba00000, 0x00000000aba00000| Complete 
| 187|0x00000000abb00000, 0x00000000abc00000, 0x00000000abc00000|100%| E|CS|TAMS 0x00000000abb00000, 0x00000000abb00000| Complete 
| 188|0x00000000abc00000, 0x00000000abd00000, 0x00000000abd00000|100%| E|CS|TAMS 0x00000000abc00000, 0x00000000abc00000| Complete 
| 189|0x00000000abd00000, 0x00000000abe00000, 0x00000000abe00000|100%| E|CS|TAMS 0x00000000abd00000, 0x00000000abd00000| Complete 
| 190|0x00000000abe00000, 0x00000000abf00000, 0x00000000abf00000|100%| E|CS|TAMS 0x00000000abe00000, 0x00000000abe00000| Complete 
| 191|0x00000000abf00000, 0x00000000ac000000, 0x00000000ac000000|100%| E|CS|TAMS 0x00000000abf00000, 0x00000000abf00000| Complete 
| 192|0x00000000ac000000, 0x00000000ac100000, 0x00000000ac100000|100%| E|CS|TAMS 0x00000000ac000000, 0x00000000ac000000| Complete 
| 193|0x00000000ac100000, 0x00000000ac200000, 0x00000000ac200000|100%| E|CS|TAMS 0x00000000ac100000, 0x00000000ac100000| Complete 
| 194|0x00000000ac200000, 0x00000000ac300000, 0x00000000ac300000|100%| E|CS|TAMS 0x00000000ac200000, 0x00000000ac200000| Complete 
| 195|0x00000000ac300000, 0x00000000ac400000, 0x00000000ac400000|100%| E|CS|TAMS 0x00000000ac300000, 0x00000000ac300000| Complete 
| 196|0x00000000ac400000, 0x00000000ac500000, 0x00000000ac500000|100%| E|CS|TAMS 0x00000000ac400000, 0x00000000ac400000| Complete 
| 197|0x00000000ac500000, 0x00000000ac600000, 0x00000000ac600000|100%| E|CS|TAMS 0x00000000ac500000, 0x00000000ac500000| Complete 
| 198|0x00000000ac600000, 0x00000000ac700000, 0x00000000ac700000|100%| E|CS|TAMS 0x00000000ac600000, 0x00000000ac600000| Complete 
| 199|0x00000000ac700000, 0x00000000ac800000, 0x00000000ac800000|100%| E|CS|TAMS 0x00000000ac700000, 0x00000000ac700000| Complete 
| 200|0x00000000ac800000, 0x00000000ac900000, 0x00000000ac900000|100%| E|CS|TAMS 0x00000000ac800000, 0x00000000ac800000| Complete 
| 201|0x00000000ac900000, 0x00000000aca00000, 0x00000000aca00000|100%| E|CS|TAMS 0x00000000ac900000, 0x00000000ac900000| Complete 
| 202|0x00000000aca00000, 0x00000000acb00000, 0x00000000acb00000|100%| E|CS|TAMS 0x00000000aca00000, 0x00000000aca00000| Complete 
| 203|0x00000000acb00000, 0x00000000acc00000, 0x00000000acc00000|100%| E|CS|TAMS 0x00000000acb00000, 0x00000000acb00000| Complete 
| 204|0x00000000acc00000, 0x00000000acd00000, 0x00000000acd00000|100%| E|CS|TAMS 0x00000000acc00000, 0x00000000acc00000| Complete 
| 205|0x00000000acd00000, 0x00000000ace00000, 0x00000000ace00000|100%| E|CS|TAMS 0x00000000acd00000, 0x00000000acd00000| Complete 
| 206|0x00000000ace00000, 0x00000000acf00000, 0x00000000acf00000|100%| E|CS|TAMS 0x00000000ace00000, 0x00000000ace00000| Complete 
| 207|0x00000000acf00000, 0x00000000ad000000, 0x00000000ad000000|100%| E|CS|TAMS 0x00000000acf00000, 0x00000000acf00000| Complete 
| 208|0x00000000ad000000, 0x00000000ad100000, 0x00000000ad100000|100%| E|CS|TAMS 0x00000000ad000000, 0x00000000ad000000| Complete 
| 209|0x00000000ad100000, 0x00000000ad200000, 0x00000000ad200000|100%| E|CS|TAMS 0x00000000ad100000, 0x00000000ad100000| Complete 
| 210|0x00000000ad200000, 0x00000000ad300000, 0x00000000ad300000|100%| E|CS|TAMS 0x00000000ad200000, 0x00000000ad200000| Complete 
| 211|0x00000000ad300000, 0x00000000ad400000, 0x00000000ad400000|100%| E|CS|TAMS 0x00000000ad300000, 0x00000000ad300000| Complete 
| 212|0x00000000ad400000, 0x00000000ad500000, 0x00000000ad500000|100%| E|CS|TAMS 0x00000000ad400000, 0x00000000ad400000| Complete 
| 213|0x00000000ad500000, 0x00000000ad600000, 0x00000000ad600000|100%| E|CS|TAMS 0x00000000ad500000, 0x00000000ad500000| Complete 
| 214|0x00000000ad600000, 0x00000000ad700000, 0x00000000ad700000|100%| E|CS|TAMS 0x00000000ad600000, 0x00000000ad600000| Complete 
| 215|0x00000000ad700000, 0x00000000ad800000, 0x00000000ad800000|100%| E|CS|TAMS 0x00000000ad700000, 0x00000000ad700000| Complete 
| 216|0x00000000ad800000, 0x00000000ad900000, 0x00000000ad900000|100%| E|CS|TAMS 0x00000000ad800000, 0x00000000ad800000| Complete 
| 217|0x00000000ad900000, 0x00000000ada00000, 0x00000000ada00000|100%| E|CS|TAMS 0x00000000ad900000, 0x00000000ad900000| Complete 
| 218|0x00000000ada00000, 0x00000000adb00000, 0x00000000adb00000|100%| E|CS|TAMS 0x00000000ada00000, 0x00000000ada00000| Complete 
| 219|0x00000000adb00000, 0x00000000adc00000, 0x00000000adc00000|100%| E|CS|TAMS 0x00000000adb00000, 0x00000000adb00000| Complete 
| 220|0x00000000adc00000, 0x00000000add00000, 0x00000000add00000|100%| E|CS|TAMS 0x00000000adc00000, 0x00000000adc00000| Complete 
| 221|0x00000000add00000, 0x00000000ade00000, 0x00000000ade00000|100%| E|CS|TAMS 0x00000000add00000, 0x00000000add00000| Complete 
| 222|0x00000000ade00000, 0x00000000adf00000, 0x00000000adf00000|100%| E|CS|TAMS 0x00000000ade00000, 0x00000000ade00000| Complete 
| 223|0x00000000adf00000, 0x00000000ae000000, 0x00000000ae000000|100%| E|CS|TAMS 0x00000000adf00000, 0x00000000adf00000| Complete 
| 224|0x00000000ae000000, 0x00000000ae100000, 0x00000000ae100000|100%| E|CS|TAMS 0x00000000ae000000, 0x00000000ae000000| Complete 
| 225|0x00000000ae100000, 0x00000000ae200000, 0x00000000ae200000|100%| E|CS|TAMS 0x00000000ae100000, 0x00000000ae100000| Complete 
| 226|0x00000000ae200000, 0x00000000ae300000, 0x00000000ae300000|100%| E|CS|TAMS 0x00000000ae200000, 0x00000000ae200000| Complete 
| 227|0x00000000ae300000, 0x00000000ae400000, 0x00000000ae400000|100%| E|CS|TAMS 0x00000000ae300000, 0x00000000ae300000| Complete 
| 228|0x00000000ae400000, 0x00000000ae500000, 0x00000000ae500000|100%| E|CS|TAMS 0x00000000ae400000, 0x00000000ae400000| Complete 
| 229|0x00000000ae500000, 0x00000000ae600000, 0x00000000ae600000|100%| E|CS|TAMS 0x00000000ae500000, 0x00000000ae500000| Complete 
| 230|0x00000000ae600000, 0x00000000ae700000, 0x00000000ae700000|100%| E|CS|TAMS 0x00000000ae600000, 0x00000000ae600000| Complete 
| 231|0x00000000ae700000, 0x00000000ae800000, 0x00000000ae800000|100%| E|CS|TAMS 0x00000000ae700000, 0x00000000ae700000| Complete 
| 232|0x00000000ae800000, 0x00000000ae900000, 0x00000000ae900000|100%| E|CS|TAMS 0x00000000ae800000, 0x00000000ae800000| Complete 
| 233|0x00000000ae900000, 0x00000000ae9fff58, 0x00000000aea00000| 99%| E|  |TAMS 0x00000000ae900000, 0x00000000ae900000| Complete 
| 234|0x00000000aea00000, 0x00000000aeb00000, 0x00000000aeb00000|100%| E|CS|TAMS 0x00000000aea00000, 0x00000000aea00000| Complete 
| 235|0x00000000aeb00000, 0x00000000aec00000, 0x00000000aec00000|100%| E|CS|TAMS 0x00000000aeb00000, 0x00000000aeb00000| Complete 
| 236|0x00000000aec00000, 0x00000000aed00000, 0x00000000aed00000|100%| E|CS|TAMS 0x00000000aec00000, 0x00000000aec00000| Complete 
| 237|0x00000000aed00000, 0x00000000aee00000, 0x00000000aee00000|100%| E|CS|TAMS 0x00000000aed00000, 0x00000000aed00000| Complete 
| 238|0x00000000aee00000, 0x00000000aef00000, 0x00000000aef00000|100%| E|CS|TAMS 0x00000000aee00000, 0x00000000aee00000| Complete 
| 239|0x00000000aef00000, 0x00000000af000000, 0x00000000af000000|100%| E|CS|TAMS 0x00000000aef00000, 0x00000000aef00000| Complete 
| 240|0x00000000af000000, 0x00000000af100000, 0x00000000af100000|100%| E|CS|TAMS 0x00000000af000000, 0x00000000af000000| Complete 
| 241|0x00000000af100000, 0x00000000af200000, 0x00000000af200000|100%| E|CS|TAMS 0x00000000af100000, 0x00000000af100000| Complete 
| 242|0x00000000af200000, 0x00000000af300000, 0x00000000af300000|100%| E|CS|TAMS 0x00000000af200000, 0x00000000af200000| Complete 
| 243|0x00000000af300000, 0x00000000af400000, 0x00000000af400000|100%| E|CS|TAMS 0x00000000af300000, 0x00000000af300000| Complete 
| 244|0x00000000af400000, 0x00000000af500000, 0x00000000af500000|100%| E|CS|TAMS 0x00000000af400000, 0x00000000af400000| Complete 
| 245|0x00000000af500000, 0x00000000af600000, 0x00000000af600000|100%| E|CS|TAMS 0x00000000af500000, 0x00000000af500000| Complete 
| 246|0x00000000af600000, 0x00000000af700000, 0x00000000af700000|100%| E|CS|TAMS 0x00000000af600000, 0x00000000af600000| Complete 
| 247|0x00000000af700000, 0x00000000af800000, 0x00000000af800000|100%| E|CS|TAMS 0x00000000af700000, 0x00000000af700000| Complete 
| 248|0x00000000af800000, 0x00000000af900000, 0x00000000af900000|100%| E|CS|TAMS 0x00000000af800000, 0x00000000af800000| Complete 
| 249|0x00000000af900000, 0x00000000afa00000, 0x00000000afa00000|100%| E|CS|TAMS 0x00000000af900000, 0x00000000af900000| Complete 
| 250|0x00000000afa00000, 0x00000000afb00000, 0x00000000afb00000|100%| E|CS|TAMS 0x00000000afa00000, 0x00000000afa00000| Complete 
| 251|0x00000000afb00000, 0x00000000afc00000, 0x00000000afc00000|100%| E|CS|TAMS 0x00000000afb00000, 0x00000000afb00000| Complete 
| 252|0x00000000afc00000, 0x00000000afd00000, 0x00000000afd00000|100%| E|CS|TAMS 0x00000000afc00000, 0x00000000afc00000| Complete 
| 253|0x00000000afd00000, 0x00000000afe00000, 0x00000000afe00000|100%| E|CS|TAMS 0x00000000afd00000, 0x00000000afd00000| Complete 

Card table byte_map: [0x0000022f618a0000,0x0000022f61ba0000] _byte_map_base: 0x0000022f613a0000

Marking Bits (Prev, Next): (CMBitMap*) 0x0000022f4e7b2628, (CMBitMap*) 0x0000022f4e7b2660
 Prev Bits: [0x0000022f61ea0000, 0x0000022f636a0000)
 Next Bits: [0x0000022f636a0000, 0x0000022f64ea0000)

Polling page: 0x0000022f4c790000

Metaspace:

Usage:
  Non-class:     46.46 MB capacity,    45.65 MB ( 98%) used,   722.77 KB (  2%) free+waste,   115.63 KB ( <1%) overhead. 
      Class:      7.05 MB capacity,     6.63 MB ( 94%) used,   376.39 KB (  5%) free+waste,    55.00 KB ( <1%) overhead. 
       Both:     53.52 MB capacity,    52.28 MB ( 98%) used,     1.07 MB (  2%) free+waste,   170.63 KB ( <1%) overhead. 

Virtual space:
  Non-class space:       48.00 MB reserved,      46.67 MB ( 97%) committed 
      Class space:        1.00 GB reserved,       7.07 MB ( <1%) committed 
             Both:        1.05 GB reserved,      53.74 MB (  5%) committed 

Chunk freelists:
   Non-Class:  17.00 KB
       Class:  8.00 KB
        Both:  25.00 KB

MaxMetaspaceSize: 17179869184.00 GB
CompressedClassSpaceSize: 1.00 GB

CodeHeap 'non-profiled nmethods': size=120000Kb used=2500Kb max_used=2500Kb free=117499Kb
 bounds [0x0000022f59d40000, 0x0000022f59fc0000, 0x0000022f61270000]
CodeHeap 'profiled nmethods': size=120000Kb used=9534Kb max_used=9534Kb free=110465Kb
 bounds [0x0000022f52810000, 0x0000022f53160000, 0x0000022f59d40000]
CodeHeap 'non-nmethods': size=5760Kb used=2218Kb max_used=2291Kb free=3541Kb
 bounds [0x0000022f52270000, 0x0000022f524e0000, 0x0000022f52810000]
 total_blobs=5378 nmethods=4582 adapters=706
 compilation: enabled
              stopped_count=0, restarted_count=0
 full_count=0

Compilation events (20 events):
Event: 5.742 Thread 0x0000022f68213800 4563       3       java.math.BigInteger::addOne (77 bytes)
Event: 5.743 Thread 0x0000022f68213800 nmethod 4563 0x0000022f53148d10 code [0x0000022f53148ee0, 0x0000022f531491f8]
Event: 5.743 Thread 0x0000022f68213800 4562       3       java.math.BigInteger::implMulAddCheck (173 bytes)
Event: 5.745 Thread 0x0000022f68213800 nmethod 4562 0x0000022f53149310 code [0x0000022f53149820, 0x0000022f5314ba58]
Event: 5.746 Thread 0x0000022f68213800 4565       3       sun.security.util.DerValue::isPrintableStringChar (184 bytes)
Event: 5.747 Thread 0x0000022f68213800 nmethod 4565 0x0000022f5314c610 code [0x0000022f5314c7c0, 0x0000022f5314cd18]
Event: 5.747 Thread 0x0000022f68213800 4566  s    3       java.io.ByteArrayInputStream::reset (9 bytes)
Event: 5.747 Thread 0x0000022f68213800 nmethod 4566 0x0000022f5314cd90 code [0x0000022f5314cf40, 0x0000022f5314d198]
Event: 5.753 Thread 0x0000022f68213800 4567       3       sun.security.provider.DigestBase::implCompressMultiBlockCheck (67 bytes)
Event: 5.754 Thread 0x0000022f68213800 nmethod 4567 0x0000022f5314d210 code [0x0000022f5314d420, 0x0000022f5314d948]
Event: 5.754 Thread 0x0000022f68213800 4568       3       java.math.BigInteger::bitLengthForInt (8 bytes)
Event: 5.754 Thread 0x0000022f68213800 nmethod 4568 0x0000022f5314db90 code [0x0000022f5314dd40, 0x0000022f5314de48]
Event: 5.754 Thread 0x0000022f68213800 4569       3       java.math.MutableBigInteger::mulsub (110 bytes)
Event: 5.755 Thread 0x0000022f68213800 nmethod 4569 0x0000022f5314df10 code [0x0000022f5314e0e0, 0x0000022f5314e3b8]
Event: 5.758 Thread 0x0000022f68213800 4570       3       java.math.BigInteger::montReduce (99 bytes)
Event: 5.758 Thread 0x0000022f68213800 nmethod 4570 0x0000022f5314e590 code [0x0000022f5314e7c0, 0x0000022f5314ed58]
Event: 5.758 Thread 0x0000022f68213800 4571       3       java.math.BigInteger::primitiveLeftShift (79 bytes)
Event: 5.758 Thread 0x0000022f68213800 nmethod 4571 0x0000022f5314f010 code [0x0000022f5314f1e0, 0x0000022f5314f4b8]
Event: 5.758 Thread 0x0000022f68213800 4572       3       java.math.BigInteger::implSquareToLen (154 bytes)
Event: 5.759 Thread 0x0000022f68213800 nmethod 4572 0x0000022f5314f610 code [0x0000022f5314f840, 0x0000022f5314fdb8]

GC Heap History (10 events):
Event: 1.227 GC heap before
{Heap before GC invocations=0 (full 0):
 garbage-first heap   total 260096K, used 29696K [0x00000000a0000000, 0x0000000100000000)
  region size 1024K, 24 young (24576K), 0 survivors (0K)
 Metaspace       used 10488K, capacity 10751K, committed 11008K, reserved 1058816K
  class space    used 1104K, capacity 1161K, committed 1280K, reserved 1048576K
}
Event: 1.229 GC heap after
{Heap after GC invocations=1 (full 0):
 garbage-first heap   total 260096K, used 8748K [0x00000000a0000000, 0x0000000100000000)
  region size 1024K, 3 young (3072K), 3 survivors (3072K)
 Metaspace       used 10488K, capacity 10751K, committed 11008K, reserved 1058816K
  class space    used 1104K, capacity 1161K, committed 1280K, reserved 1048576K
}
Event: 2.628 GC heap before
{Heap before GC invocations=1 (full 0):
 garbage-first heap   total 260096K, used 89644K [0x00000000a0000000, 0x0000000100000000)
  region size 1024K, 83 young (84992K), 3 survivors (3072K)
 Metaspace       used 20636K, capacity 21100K, committed 21248K, reserved 1069056K
  class space    used 2426K, capacity 2543K, committed 2560K, reserved 1048576K
}
Event: 2.634 GC heap after
{Heap after GC invocations=2 (full 0):
 garbage-first heap   total 260096K, used 15641K [0x00000000a0000000, 0x0000000100000000)
  region size 1024K, 10 young (10240K), 10 survivors (10240K)
 Metaspace       used 20636K, capacity 21100K, committed 21248K, reserved 1069056K
  class space    used 2426K, capacity 2543K, committed 2560K, reserved 1048576K
}
Event: 3.205 GC heap before
{Heap before GC invocations=3 (full 0):
 garbage-first heap   total 260096K, used 70937K [0x00000000a0000000, 0x0000000100000000)
  region size 1024K, 64 young (65536K), 10 survivors (10240K)
 Metaspace       used 26886K, capacity 27517K, committed 27776K, reserved 1073152K
  class space    used 3455K, capacity 3645K, committed 3712K, reserved 1048576K
}
Event: 3.210 GC heap after
{Heap after GC invocations=4 (full 0):
 garbage-first heap   total 260096K, used 17849K [0x00000000a0000000, 0x0000000100000000)
  region size 1024K, 3 young (3072K), 3 survivors (3072K)
 Metaspace       used 26886K, capacity 27517K, committed 27776K, reserved 1073152K
  class space    used 3455K, capacity 3645K, committed 3712K, reserved 1048576K
}
Event: 3.747 GC heap before
{Heap before GC invocations=4 (full 0):
 garbage-first heap   total 260096K, used 55737K [0x00000000a0000000, 0x0000000100000000)
  region size 1024K, 42 young (43008K), 3 survivors (3072K)
 Metaspace       used 34866K, capacity 35551K, committed 35628K, reserved 1081344K
  class space    used 4453K, capacity 4706K, committed 4736K, reserved 1048576K
}
Event: 3.753 GC heap after
{Heap after GC invocations=5 (full 0):
 garbage-first heap   total 260096K, used 20547K [0x00000000a0000000, 0x0000000100000000)
  region size 1024K, 6 young (6144K), 6 survivors (6144K)
 Metaspace       used 34866K, capacity 35551K, committed 35628K, reserved 1081344K
  class space    used 4453K, capacity 4706K, committed 4736K, reserved 1048576K
}
Event: 4.605 GC heap before
{Heap before GC invocations=6 (full 0):
 garbage-first heap   total 260096K, used 126019K [0x00000000a0000000, 0x0000000100000000)
  region size 1024K, 106 young (108544K), 6 survivors (6144K)
 Metaspace       used 42942K, capacity 43955K, committed 44280K, reserved 1087488K
  class space    used 5527K, capacity 5859K, committed 5964K, reserved 1048576K
}
Event: 4.611 GC heap after
{Heap after GC invocations=7 (full 0):
 garbage-first heap   total 260096K, used 25271K [0x00000000a0000000, 0x0000000100000000)
  region size 1024K, 10 young (10240K), 10 survivors (10240K)
 Metaspace       used 42942K, capacity 43955K, committed 44280K, reserved 1087488K
  class space    used 5527K, capacity 5859K, committed 5964K, reserved 1048576K
}

Deoptimization events (20 events):
Event: 5.626 Thread 0x0000022f6a21d000 Uncommon trap: trap_request=0xffffff4d fr.pc=0x0000022f59e4c3a0 relative=0x0000000000000640
Event: 5.626 Thread 0x0000022f6a21d000 Uncommon trap: reason=unstable_if action=reinterpret pc=0x0000022f59e4c3a0 method=java.util.jar.Manifest$FastInputStream.readLine([BII)I @ 130 c2
Event: 5.626 Thread 0x0000022f6a21d000 DEOPT PACKING pc=0x0000022f59e4c3a0 sp=0x000000434bdf5580
Event: 5.626 Thread 0x0000022f6a21d000 DEOPT UNPACKING pc=0x0000022f522978af sp=0x000000434bdf5510 mode 2
Event: 5.635 Thread 0x0000022f6a21d000 Uncommon trap: trap_request=0xffffff4d fr.pc=0x0000022f59f06370 relative=0x0000000000000230
Event: 5.635 Thread 0x0000022f6a21d000 Uncommon trap: reason=unstable_if action=reinterpret pc=0x0000022f59f06370 method=java.lang.ThreadLocal.get()Ljava/lang/Object; @ 11 c2
Event: 5.635 Thread 0x0000022f6a21d000 DEOPT PACKING pc=0x0000022f59f06370 sp=0x000000434bdf56e0
Event: 5.635 Thread 0x0000022f6a21d000 DEOPT UNPACKING pc=0x0000022f522978af sp=0x000000434bdf56a0 mode 2
Event: 5.675 Thread 0x0000022f6a21d000 Uncommon trap: trap_request=0xffffff4d fr.pc=0x0000022f59e07978 relative=0x0000000000000598
Event: 5.675 Thread 0x0000022f6a21d000 Uncommon trap: reason=unstable_if action=reinterpret pc=0x0000022f59e07978 method=java.lang.String.regionMatches(ZILjava/lang/String;II)Z @ 36 c2
Event: 5.675 Thread 0x0000022f6a21d000 DEOPT PACKING pc=0x0000022f59e07978 sp=0x000000434bdf4d80
Event: 5.675 Thread 0x0000022f6a21d000 DEOPT UNPACKING pc=0x0000022f522978af sp=0x000000434bdf4d30 mode 2
Event: 5.704 Thread 0x0000022f6a21d000 Uncommon trap: trap_request=0xffffff4d fr.pc=0x0000022f59e085a0 relative=0x0000000000000080
Event: 5.704 Thread 0x0000022f6a21d000 Uncommon trap: reason=unstable_if action=reinterpret pc=0x0000022f59e085a0 method=java.lang.CharacterDataLatin1.isWhitespace(I)Z @ 14 c2
Event: 5.704 Thread 0x0000022f6a21d000 DEOPT PACKING pc=0x0000022f59e085a0 sp=0x000000434bdf4f50
Event: 5.704 Thread 0x0000022f6a21d000 DEOPT UNPACKING pc=0x0000022f522978af sp=0x000000434bdf4ec0 mode 2
Event: 5.719 Thread 0x0000022f6a21d000 Uncommon trap: trap_request=0xffffff4d fr.pc=0x0000022f59dec884 relative=0x0000000000000344
Event: 5.719 Thread 0x0000022f6a21d000 Uncommon trap: reason=unstable_if action=reinterpret pc=0x0000022f59dec884 method=java.lang.StringUTF16.compress([CII)[B @ 13 c2
Event: 5.719 Thread 0x0000022f6a21d000 DEOPT PACKING pc=0x0000022f59dec884 sp=0x000000434bdf3610
Event: 5.719 Thread 0x0000022f6a21d000 DEOPT UNPACKING pc=0x0000022f522978af sp=0x000000434bdf34d8 mode 2

Classes redefined (0 events):
No events

Internal exceptions (20 events):
Event: 4.870 Thread 0x0000022f6a102800 Exception <a 'java/lang/NoSuchMethodError'{0x00000000ade14900}: <clinit>> (0x00000000ade14900) thrown at [./src/hotspot/share/prims/jni.cpp, line 1362]
Event: 4.871 Thread 0x0000022f6a102800 Exception <a 'java/lang/NoSuchMethodError'{0x00000000ade28000}: <clinit>> (0x00000000ade28000) thrown at [./src/hotspot/share/prims/jni.cpp, line 1362]
Event: 4.903 Thread 0x0000022f6a21d000 Exception <a 'java/lang/ClassNotFoundException'{0x00000000adeaea10}: build_247n0rhhnaw0crmr0eznserzpBeanInfo> (0x00000000adeaea10) thrown at [./src/hotspot/share/classfile/systemDictionary.cpp, line 231]
Event: 4.903 Thread 0x0000022f6a21d000 Exception <a 'java/lang/ClassNotFoundException'{0x00000000adeb7308}: build_247n0rhhnaw0crmr0eznserzpCustomizer> (0x00000000adeb7308) thrown at [./src/hotspot/share/classfile/systemDictionary.cpp, line 231]
Event: 4.906 Thread 0x0000022f6a21d000 Exception <a 'java/lang/ClassNotFoundException'{0x00000000add07bb8}: org/gradle/api/internal/plugins/DefaultObjectConfigurationActionBeanInfo> (0x00000000add07bb8) thrown at [./src/hotspot/share/classfile/systemDictionary.cpp, line 231]
Event: 4.907 Thread 0x0000022f6a21d000 Exception <a 'java/lang/ClassNotFoundException'{0x00000000add2d8b8}: org/gradle/api/internal/plugins/DefaultObjectConfigurationActionCustomizer> (0x00000000add2d8b8) thrown at [./src/hotspot/share/classfile/systemDictionary.cpp, line 231]
Event: 4.969 Thread 0x0000022f6a21d000 Exception <a 'java/lang/NoSuchMethodError'{0x00000000ad87d050}: 'void java.lang.invoke.DirectMethodHandle$Holder.invokeStatic(java.lang.Object, java.lang.Object, java.lang.Object, java.lang.Object, java.lang.Object)'> (0x00000000ad87d050) thrown at [./src/hotspot/share/interpreter/linkResolver.cpp, line 773]
Event: 5.038 Thread 0x0000022f6a21d000 Exception <a 'java/lang/NoSuchMethodError'{0x00000000ad1b9ad0}: 'java.lang.Object java.lang.invoke.DelegatingMethodHandle$Holder.reinvoke_L(java.lang.Object, java.lang.Object, java.lang.Object, java.lang.Object, java.lang.Object, java.lang.Object, java.lang.Object, java.lang.Object, java.lang.Object, java.lang.Object, java.lang.Object, java.lang.Object, java.lang.Object, java.lang.Object, java.lang.Object, java.lang.Object, java.lang.Object)'> (0x00000000ad1b9ad0) thrown at [./src/hotspot/share/interpreter
Event: 5.039 Thread 0x0000022f6a21d000 Exception <a 'java/lang/NoSuchMethodError'{0x00000000ad1c4420}: 'java.lang.Object java.lang.invoke.Invokers$Holder.invoker(java.lang.Object, java.lang.Object, java.lang.Object, java.lang.Object, java.lang.Object, java.lang.Object, java.lang.Object, java.lang.Object, java.lang.Object, java.lang.Object, java.lang.Object, java.lang.Object, java.lang.Object, java.lang.Object, java.lang.Object, java.lang.Object, java.lang.Object)'> (0x00000000ad1c4420) thrown at [./src/hotspot/share/interpreter/linkResolver.cpp
Event: 5.039 Thread 0x0000022f6a21d000 Exception <a 'java/lang/NoSuchMethodError'{0x00000000ad1cad28}: 'java.lang.Object java.lang.invoke.DelegatingMethodHandle$Holder.delegate(java.lang.Object, java.lang.Object, java.lang.Object, java.lang.Object, java.lang.Object, java.lang.Object, java.lang.Object, java.lang.Object, java.lang.Object, java.lang.Object, java.lang.Object, java.lang.Object, java.lang.Object, java.lang.Object, java.lang.Object, java.lang.Object, java.lang.Object)'> (0x00000000ad1cad28) thrown at [./src/hotspot/share/interpreter/l
Event: 5.041 Thread 0x0000022f6a21d000 Exception <a 'java/lang/NoSuchMethodError'{0x00000000ad00f228}: 'java.lang.Object java.lang.invoke.DirectMethodHandle$Holder.invokeStatic(java.lang.Object, java.lang.Object, java.lang.Object, java.lang.Object, java.lang.Object, java.lang.Object, java.lang.Object, java.lang.Object, java.lang.Object, java.lang.Object, java.lang.Object, java.lang.Object, java.lang.Object, java.lang.Object, java.lang.Object)'> (0x00000000ad00f228) thrown at [./src/hotspot/share/interpreter/linkResolver.cpp, line 773]
Event: 5.042 Thread 0x0000022f6a21d000 Exception <a 'java/lang/NoSuchMethodError'{0x00000000ad01e6d8}: 'java.lang.Object java.lang.invoke.DirectMethodHandle$Holder.invokeStatic(java.lang.Object, java.lang.Object, java.lang.Object, java.lang.Object, java.lang.Object, java.lang.Object, java.lang.Object, java.lang.Object, java.lang.Object, java.lang.Object, java.lang.Object, java.lang.Object, java.lang.Object, java.lang.Object, java.lang.Object, java.lang.Object)'> (0x00000000ad01e6d8) thrown at [./src/hotspot/share/interpreter/linkResolver.cpp, l
Event: 5.042 Thread 0x0000022f6a21d000 Exception <a 'java/lang/NoSuchMethodError'{0x00000000ad02d888}: 'java.lang.Object java.lang.invoke.DelegatingMethodHandle$Holder.reinvoke_L(java.lang.Object, java.lang.Object, java.lang.Object, java.lang.Object, java.lang.Object, java.lang.Object, java.lang.Object, java.lang.Object, java.lang.Object, java.lang.Object, java.lang.Object, java.lang.Object, java.lang.Object, java.lang.Object, java.lang.Object, java.lang.Object)'> (0x00000000ad02d888) thrown at [./src/hotspot/share/interpreter/linkResolver.cpp,
Event: 5.079 Thread 0x0000022f6a21d000 Exception <a 'java/lang/NoSuchMethodError'{0x00000000ace95e88}: 'java.lang.Object java.lang.invoke.DirectMethodHandle$Holder.invokeStatic(java.lang.Object, java.lang.Object, java.lang.Object, java.lang.Object, int)'> (0x00000000ace95e88) thrown at [./src/hotspot/share/interpreter/linkResolver.cpp, line 773]
Event: 5.079 Thread 0x0000022f6a21d000 Exception <a 'java/lang/NoSuchMethodError'{0x00000000ace9a880}: 'java.lang.Object java.lang.invoke.DirectMethodHandle$Holder.invokeSpecial(java.lang.Object, java.lang.Object, java.lang.Object, java.lang.Object, java.lang.Object, int)'> (0x00000000ace9a880) thrown at [./src/hotspot/share/interpreter/linkResolver.cpp, line 773]
Event: 5.079 Thread 0x0000022f6a21d000 Exception <a 'java/lang/NoSuchMethodError'{0x00000000ace9eec0}: 'java.lang.Object java.lang.invoke.Invokers$Holder.linkToTargetMethod(java.lang.Object, java.lang.Object, java.lang.Object, int, java.lang.Object)'> (0x00000000ace9eec0) thrown at [./src/hotspot/share/interpreter/linkResolver.cpp, line 773]
Event: 5.131 Thread 0x0000022f6a21d000 Exception <a 'sun/nio/fs/WindowsException'{0x00000000ac8f0db8}> (0x00000000ac8f0db8) thrown at [./src/hotspot/share/prims/jni.cpp, line 615]
Event: 5.305 Thread 0x0000022f6a21d000 Exception <a 'java/lang/IncompatibleClassChangeError'{0x00000000abe1e628}: Found class java.lang.Object, but interface was expected> (0x00000000abe1e628) thrown at [./src/hotspot/share/interpreter/linkResolver.cpp, line 839]
Event: 5.488 Thread 0x0000022f6a21d000 Exception <a 'java/lang/NoSuchMethodError'{0x00000000ab4dd100}: 'void java.lang.invoke.DirectMethodHandle$Holder.invokeInterface(java.lang.Object, java.lang.Object, java.lang.Object, java.lang.Object)'> (0x00000000ab4dd100) thrown at [./src/hotspot/share/interpreter/linkResolver.cpp, line 773]
Event: 5.635 Thread 0x0000022f6a21d000 Implicit null exception at 0x0000022f59f0618d to 0x0000022f59f06364

Events (20 events):
Event: 5.746 loading class sun/security/provider/certpath/X509CertPath
Event: 5.747 loading class java/security/cert/CertPath
Event: 5.747 loading class java/security/cert/CertPath done
Event: 5.747 loading class sun/security/provider/certpath/X509CertPath done
Event: 5.749 loading class sun/security/timestamp/TimestampToken
Event: 5.750 loading class sun/security/timestamp/TimestampToken done
Event: 5.751 loading class java/security/Timestamp
Event: 5.751 loading class java/security/Timestamp done
Event: 5.752 loading class java/security/interfaces/DSAParams
Event: 5.752 loading class java/security/interfaces/DSAParams done
Event: 5.752 loading class java/security/spec/DSAParameterSpec
Event: 5.752 loading class java/security/spec/DSAParameterSpec done
Event: 5.752 loading class java/security/interfaces/DSAPrivateKey
Event: 5.752 loading class java/security/interfaces/DSAPrivateKey done
Event: 5.752 loading class sun/security/provider/DSA$SHA1withDSA
Event: 5.752 loading class sun/security/provider/DSA
Event: 5.753 loading class sun/security/provider/DSA done
Event: 5.753 loading class sun/security/provider/DSA$SHA1withDSA done
Event: 5.754 loading class java/math/SignedMutableBigInteger
Event: 5.754 loading class java/math/SignedMutableBigInteger done


Dynamic libraries:
0x00007ff6ec440000 - 0x00007ff6ec44a000 	D:\BUPT\Software\AndroidStudio\jre\bin\java.exe
0x00007ff8b88f0000 - 0x00007ff8b8ae5000 	C:\Windows\SYSTEM32\ntdll.dll
0x00007ff8b6d50000 - 0x00007ff8b6e0d000 	C:\Windows\System32\KERNEL32.DLL
0x00007ff8b6650000 - 0x00007ff8b6918000 	C:\Windows\System32\KERNELBASE.dll
0x00007ff8b6030000 - 0x00007ff8b6130000 	C:\Windows\System32\ucrtbase.dll
0x00007ff8a90c0000 - 0x00007ff8a90d7000 	D:\BUPT\Software\AndroidStudio\jre\bin\VCRUNTIME140.dll
0x00007ff8a57f0000 - 0x00007ff8a5809000 	D:\BUPT\Software\AndroidStudio\jre\bin\jli.dll
0x00007ff8b6b50000 - 0x00007ff8b6cf0000 	C:\Windows\System32\USER32.dll
0x00007ff8b6620000 - 0x00007ff8b6642000 	C:\Windows\System32\win32u.dll
0x00007ff8a28f0000 - 0x00007ff8a2b8a000 	C:\Windows\WinSxS\amd64_microsoft.windows.common-controls_6595b64144ccf1df_6.0.19041.844_none_ca00b6081b84eb1d\COMCTL32.dll
0x00007ff8b6e10000 - 0x00007ff8b6e3a000 	C:\Windows\System32\GDI32.dll
0x00007ff8b7750000 - 0x00007ff8b77ee000 	C:\Windows\System32\msvcrt.dll
0x00007ff8b6130000 - 0x00007ff8b623b000 	C:\Windows\System32\gdi32full.dll
0x00007ff8b6470000 - 0x00007ff8b650d000 	C:\Windows\System32\msvcp_win.dll
0x00007ff8b69b0000 - 0x00007ff8b69e0000 	C:\Windows\System32\IMM32.DLL
0x00007ff87f990000 - 0x00007ff87fa2d000 	D:\BUPT\Software\AndroidStudio\jre\bin\msvcp140.dll
0x00007ff853cf0000 - 0x00007ff8547bf000 	D:\BUPT\Software\AndroidStudio\jre\bin\server\jvm.dll
0x00007ff8b69e0000 - 0x00007ff8b6a8c000 	C:\Windows\System32\ADVAPI32.dll
0x00007ff8b86b0000 - 0x00007ff8b874b000 	C:\Windows\System32\sechost.dll
0x00007ff8b7d90000 - 0x00007ff8b7ebb000 	C:\Windows\System32\RPCRT4.dll
0x00007ff8b7f50000 - 0x00007ff8b7f58000 	C:\Windows\System32\PSAPI.DLL
0x00007ff8a9a70000 - 0x00007ff8a9a97000 	C:\Windows\SYSTEM32\WINMM.dll
0x00007ff8adf70000 - 0x00007ff8adf7a000 	C:\Windows\SYSTEM32\VERSION.dll
0x00007ff8b1bd0000 - 0x00007ff8b1bd9000 	C:\Windows\SYSTEM32\WSOCK32.dll
0x00007ff8b7350000 - 0x00007ff8b73bb000 	C:\Windows\System32\ws2_32.DLL
0x00007ff8b3f70000 - 0x00007ff8b3f82000 	C:\Windows\SYSTEM32\kernel.appcore.dll
0x00007ff8b1bb0000 - 0x00007ff8b1bc1000 	D:\BUPT\Software\AndroidStudio\jre\bin\verify.dll
0x00007ff8a3a00000 - 0x00007ff8a3be4000 	C:\Windows\SYSTEM32\DBGHELP.DLL
0x00007ff89ee20000 - 0x00007ff89ee4c000 	C:\Windows\SYSTEM32\dbgcore.DLL
0x00007ff8b6240000 - 0x00007ff8b62c0000 	C:\Windows\System32\bcryptPrimitives.dll
0x00007ff8b1b40000 - 0x00007ff8b1b69000 	D:\BUPT\Software\AndroidStudio\jre\bin\java.dll
0x00007ff8b1af0000 - 0x00007ff8b1afb000 	D:\BUPT\Software\AndroidStudio\jre\bin\jimage.dll
0x00007ff8b08f0000 - 0x00007ff8b0908000 	D:\BUPT\Software\AndroidStudio\jre\bin\zip.dll
0x00007ff8b7f60000 - 0x00007ff8b86a2000 	C:\Windows\System32\SHELL32.dll
0x00007ff8b4170000 - 0x00007ff8b4901000 	C:\Windows\SYSTEM32\windows.storage.dll
0x00007ff8b73d0000 - 0x00007ff8b7725000 	C:\Windows\System32\combase.dll
0x00007ff8b5aa0000 - 0x00007ff8b5acc000 	C:\Windows\SYSTEM32\Wldp.dll
0x00007ff8b71e0000 - 0x00007ff8b728e000 	C:\Windows\System32\SHCORE.dll
0x00007ff8b6950000 - 0x00007ff8b69a5000 	C:\Windows\System32\shlwapi.dll
0x00007ff8b5f70000 - 0x00007ff8b5f8f000 	C:\Windows\SYSTEM32\profapi.dll
0x00007ff8b06f0000 - 0x00007ff8b070a000 	D:\BUPT\Software\AndroidStudio\jre\bin\net.dll
0x00007ff8ac340000 - 0x00007ff8ac44b000 	C:\Windows\SYSTEM32\WINHTTP.dll
0x00007ff898d90000 - 0x00007ff898e45000 	D:\垃圾\Qingfeng\HeyboxAccelerator\1.0.105\heyboxlsp_x64.dll
0x00007ff8b5810000 - 0x00007ff8b587a000 	C:\Windows\system32\mswsock.dll
0x00007ff8a5940000 - 0x00007ff8a5954000 	D:\BUPT\Software\AndroidStudio\jre\bin\nio.dll
0x00007ff8a9700000 - 0x00007ff8a9727000 	C:\Users\Administrator\.gradle\native\f6784746aeab05261644944871eae4fe03e0ef1612fff0a4a95f87b438bc6780\windows-amd64\native-platform.dll
0x00007ff8b0b30000 - 0x00007ff8b0b3a000 	D:\BUPT\Software\AndroidStudio\jre\bin\management.dll
0x00007ff8b08b0000 - 0x00007ff8b08bc000 	D:\BUPT\Software\AndroidStudio\jre\bin\management_ext.dll
0x00007ff8b59f0000 - 0x00007ff8b5a08000 	C:\Windows\SYSTEM32\CRYPTSP.dll
0x00007ff8b5140000 - 0x00007ff8b5174000 	C:\Windows\system32\rsaenh.dll
0x00007ff8b6920000 - 0x00007ff8b6947000 	C:\Windows\System32\bcrypt.dll
0x00007ff8b5f30000 - 0x00007ff8b5f5e000 	C:\Windows\SYSTEM32\USERENV.dll
0x00007ff8b59e0000 - 0x00007ff8b59ec000 	C:\Windows\SYSTEM32\CRYPTBASE.dll
0x00007ff8b54b0000 - 0x00007ff8b54eb000 	C:\Windows\SYSTEM32\IPHLPAPI.DLL
0x00007ff8b73c0000 - 0x00007ff8b73c8000 	C:\Windows\System32\NSI.dll
0x00007ff8af0f0000 - 0x00007ff8af107000 	C:\Windows\SYSTEM32\dhcpcsvc6.DLL
0x00007ff8af500000 - 0x00007ff8af51d000 	C:\Windows\SYSTEM32\dhcpcsvc.DLL
0x00007ff8b5500000 - 0x00007ff8b55cc000 	C:\Windows\SYSTEM32\DNSAPI.dll
0x00007ff8af950000 - 0x00007ff8af95b000 	C:\Windows\SYSTEM32\WINNSI.DLL

dbghelp: loaded successfully - version: 4.0.5 - missing functions: none
symbol engine: initialized successfully - sym options: 0x614 - pdb path: .;D:\BUPT\Software\AndroidStudio\jre\bin;C:\Windows\SYSTEM32;C:\Windows\WinSxS\amd64_microsoft.windows.common-controls_6595b64144ccf1df_6.0.19041.844_none_ca00b6081b84eb1d;D:\BUPT\Software\AndroidStudio\jre\bin\server;D:\垃圾\Qingfeng\HeyboxAccelerator\1.0.1;D:\垃圾\Qingfeng\HeyboxAccelerator\1.0.105;C:\Users\Administrator\.gradle\native\f6784746aeab05261644944871eae4fe03e0ef1612fff0a4a95f87b438bc6780\windows-a;C:\Users\Administrator\.gradle\native\f6784746aeab05261644944871eae4fe03e0ef1612fff0a4a95f87b438bc6780\windows-a;C:\Users\Administrator\.gradle\native\f6784746aeab05261644944871eae4fe03e0ef1612fff0a4a95f87b438bc6780\windows-a;C:\Users\Administrator\.gradle\native\f6784746aeab05261644944871eae4fe03e0ef1612fff0a4a95f87b438bc6780\windows-a

VM Arguments:
jvm_args: --add-opens=java.base/java.util=ALL-UNNAMED --add-opens=java.base/java.lang=ALL-UNNAMED --add-opens=java.base/java.lang.invoke=ALL-UNNAMED --add-opens=java.prefs/java.util.prefs=ALL-UNNAMED -Xmx1536m -Dfile.encoding=GBK -Duser.country=CN -Duser.language=zh -Duser.variant 
java_command: org.gradle.launcher.daemon.bootstrap.GradleDaemon 6.5.1
java_class_path (initial): C:\Users\Administrator\.gradle\wrapper\dists\gradle-6.5.1-all\cdund22i8guosqylfo49op4dv\gradle-6.5.1\lib\gradle-launcher-6.5.1.jar
Launcher Type: SUN_STANDARD

[Global flags]
     intx CICompilerCount                          = 4                                         {product} {ergonomic}
     uint ConcGCThreads                            = 2                                         {product} {ergonomic}
     uint G1ConcRefinementThreads                  = 8                                         {product} {ergonomic}
   size_t G1HeapRegionSize                         = 1048576                                   {product} {ergonomic}
    uintx GCDrainStackTargetSize                   = 64                                        {product} {ergonomic}
   size_t InitialHeapSize                          = 266338304                                 {product} {ergonomic}
   size_t MarkStackSize                            = 4194304                                   {product} {ergonomic}
   size_t MaxHeapSize                              = 1610612736                                {product} {command line}
   size_t MaxNewSize                               = 965738496                                 {product} {ergonomic}
   size_t MinHeapDeltaBytes                        = 1048576                                   {product} {ergonomic}
    uintx NonNMethodCodeHeapSize                   = 5836300                                {pd product} {ergonomic}
    uintx NonProfiledCodeHeapSize                  = 122910970                              {pd product} {ergonomic}
    uintx ProfiledCodeHeapSize                     = 122910970                              {pd product} {ergonomic}
    uintx ReservedCodeCacheSize                    = 251658240                              {pd product} {ergonomic}
     bool SegmentedCodeCache                       = true                                      {product} {ergonomic}
     bool UseCompressedClassPointers               = true                                 {lp64_product} {ergonomic}
     bool UseCompressedOops                        = true                                 {lp64_product} {ergonomic}
     bool UseG1GC                                  = true                                      {product} {ergonomic}
     bool UseLargePagesIndividualAllocation        = false                                  {pd product} {ergonomic}

Logging:
Log output configuration:
 #0: stdout all=warning uptime,level,tags
 #1: stderr all=off uptime,level,tags

Environment Variables:
PATH=C:\Windows\system32;C:\Windows;C:\Windows\System32\Wbem;C:\Windows\System32\WindowsPowerShell\v1.0\;C:\Program Files (x86)\NVIDIA Corporation\PhysX\Common;C:\Program Files\Git\cmd;C:\Program Files\dotnet\;C:\Program Files\Microsoft SQL Server\130\Tools\Binn\;C:\Program Files\Microsoft SQL Server\Client SDK\ODBC\170\Tools\Binn\;C:\Program Files\MySQL\MySQL Shell 8.0\bin\;C:\Users\Administrator\AppData\Local\Microsoft\WindowsApps;C:\Users\Administrator\AppData\Local\GitHubDesktop\bin;D:\BUPT\Software\Microsoft VS Code\bin;C:\Users\Administrator\.dotnet\tools
USERNAME=Administrator
OS=Windows_NT
PROCESSOR_IDENTIFIER=Intel64 Family 6 Model 158 Stepping 10, GenuineIntel



---------------  S Y S T E M  ---------------

OS: Windows 10 , 64 bit Build 19041 (10.0.19041.928)
OS uptime: 0 days 15:18 hours

CPU:total 8 (initial active 8) (4 cores per cpu, 2 threads per core) family 6 model 158 stepping 10 microcode 0xb4, cmov, cx8, fxsr, mmx, sse, sse2, sse3, ssse3, sse4.1, sse4.2, popcnt, avx, avx2, aes, clmul, erms, 3dnowpref, lzcnt, ht, tsc, tscinvbit, bmi1, bmi2, adx, fma

Memory: 4k page, system-wide physical 16226M (2503M free)
TotalPageFile size 31346M (AvailPageFile size 7M)
current process WorkingSet (physical memory assigned to process): 318M, peak: 321M
current process commit charge ("private bytes"): 484M, peak: 487M

vm_info: OpenJDK 64-Bit Server VM (11.0.10+0-b96-7249189) for windows-amd64 JRE (11.0.10+0-b96-7249189), built on Mar 31 2021 21:44:00 by "builder" with MS VC++ 14.0 (VS2015)

END.
