#
# There is insufficient memory for the Java Runtime Environment to continue.
# Native memory allocation (malloc) failed to allocate 831856 bytes for Chunk::new
# Possible reasons:
#   The system is out of physical RAM or swap space
#   The process is running with CompressedOops enabled, and the Java Heap may be blocking the growth of the native heap
# Possible solutions:
#   Reduce memory load on the system
#   Increase physical memory or swap space
#   Check if swap backing store is full
#   Decrease Java heap size (-Xmx/-Xms)
#   Decrease number of Java threads
#   Decrease Java thread stack sizes (-Xss)
#   Set larger code cache with -XX:ReservedCodeCacheSize=
#   JVM is running with Unscaled Compressed Oops mode in which the Java heap is
#     placed in the first 4GB address space. The Java Heap base address is the
#     maximum limit for the native heap growth. Please use -XX:HeapBaseMinAddress
#     to set the Java Heap base and to place the Java Heap above 4GB virtual address.
# This output file may be truncated or incomplete.
#
#  Out of Memory Error (./src/hotspot/share/memory/arena.cpp:197), pid=17360, tid=15820
#
# JRE version: OpenJDK Runtime Environment (11.0.10) (build 11.0.10+0-b96-7249189)
# Java VM: OpenJDK 64-Bit Server VM (11.0.10+0-b96-7249189, mixed mode, tiered, compressed oops, g1 gc, windows-amd64)
# No core dump will be written. Minidumps are not enabled by default on client versions of Windows
#

---------------  S U M M A R Y ------------

Command Line: --add-opens=java.base/java.util=ALL-UNNAMED --add-opens=java.base/java.lang=ALL-UNNAMED --add-opens=java.base/java.lang.invoke=ALL-UNNAMED --add-opens=java.prefs/java.util.prefs=ALL-UNNAMED -Xmx1536m -Dfile.encoding=GBK -Duser.country=CN -Duser.language=zh -Duser.variant org.gradle.launcher.daemon.bootstrap.GradleDaemon 6.5.1

Host: Intel(R) Core(TM) i5-8300H CPU @ 2.30GHz, 8 cores, 15G,  Windows 10 , 64 bit Build 19041 (10.0.19041.928)
Time: Mon Aug 16 00:03:17 2021 中国标准时间 elapsed time: 3.232753 seconds (0d 0h 0m 3s)

---------------  T H R E A D  ---------------

Current thread (0x000001b75479d800):  JavaThread "C2 CompilerThread0" daemon [_thread_in_native, id=15820, stack(0x000000af14b00000,0x000000af14c00000)]


Current CompileTask:
C2:   3232 3472       4       java.lang.ClassLoader::defineClass (43 bytes)

Stack: [0x000000af14b00000,0x000000af14c00000]
Native frames: (J=compiled Java code, j=interpreted, Vv=VM code, C=native code)
V  [jvm.dll+0x5ecfaa]
V  [jvm.dll+0x722bd5]
V  [jvm.dll+0x72412d]
V  [jvm.dll+0x7247e3]
V  [jvm.dll+0x242928]
V  [jvm.dll+0xbc4fc]
V  [jvm.dll+0xbca0c]
V  [jvm.dll+0x352d7d]
V  [jvm.dll+0x19800c]
V  [jvm.dll+0x1fb70e]
V  [jvm.dll+0x1fa7f4]
V  [jvm.dll+0x18354c]
V  [jvm.dll+0x208ee7]
V  [jvm.dll+0x207731]
V  [jvm.dll+0x6eb1cf]
V  [jvm.dll+0x6e3d45]
V  [jvm.dll+0x5ebe96]
C  [ucrtbase.dll+0x21bb2]
C  [KERNEL32.DLL+0x17034]
C  [ntdll.dll+0x52651]


---------------  P R O C E S S  ---------------

Threads class SMR info:
_java_thread_list=0x000001b758ed4380, length=52, elements={
0x000001b73a56b800, 0x000001b754721800, 0x000001b75472a000, 0x000001b754794000,
0x000001b754795000, 0x000001b754797000, 0x000001b75479d800, 0x000001b75479e800,
0x000001b75479f800, 0x000001b754919000, 0x000001b756b85800, 0x000001b7563e4000,
0x000001b755a17800, 0x000001b755e42800, 0x000001b755e51800, 0x000001b755e83000,
0x000001b7569a5000, 0x000001b756891800, 0x000001b755eef800, 0x000001b75618f000,
0x000001b7568f5800, 0x000001b7568f4000, 0x000001b7568f5000, 0x000001b7568f0000,
0x000001b7568f6800, 0x000001b7568f1000, 0x000001b7568f1800, 0x000001b7568f2800,
0x000001b7568f3800, 0x000001b75714b800, 0x000001b75714f000, 0x000001b75714e000,
0x000001b75714a800, 0x000001b75714a000, 0x000001b75714f800, 0x000001b757150800,
0x000001b757151000, 0x000001b75714d000, 0x000001b757152000, 0x000001b75714c800,
0x000001b757158800, 0x000001b757153000, 0x000001b757156000, 0x000001b757155800,
0x000001b757157000, 0x000001b7591b8000, 0x000001b757154800, 0x000001b757153800,
0x000001b757158000, 0x000001b756efd000, 0x000001b756eff800, 0x000001b756efc000
}

Java Threads: ( => current thread )
  0x000001b73a56b800 JavaThread "main" [_thread_blocked, id=16788, stack(0x000000af13f00000,0x000000af14000000)]
  0x000001b754721800 JavaThread "Reference Handler" daemon [_thread_blocked, id=17080, stack(0x000000af14600000,0x000000af14700000)]
  0x000001b75472a000 JavaThread "Finalizer" daemon [_thread_blocked, id=644, stack(0x000000af14700000,0x000000af14800000)]
  0x000001b754794000 JavaThread "Signal Dispatcher" daemon [_thread_blocked, id=1140, stack(0x000000af14800000,0x000000af14900000)]
  0x000001b754795000 JavaThread "Attach Listener" daemon [_thread_blocked, id=14824, stack(0x000000af14900000,0x000000af14a00000)]
  0x000001b754797000 JavaThread "Service Thread" daemon [_thread_blocked, id=6944, stack(0x000000af14a00000,0x000000af14b00000)]
=>0x000001b75479d800 JavaThread "C2 CompilerThread0" daemon [_thread_in_native, id=15820, stack(0x000000af14b00000,0x000000af14c00000)]
  0x000001b75479e800 JavaThread "C1 CompilerThread0" daemon [_thread_in_native, id=16264, stack(0x000000af14c00000,0x000000af14d00000)]
  0x000001b75479f800 JavaThread "Sweeper thread" daemon [_thread_blocked, id=3356, stack(0x000000af14d00000,0x000000af14e00000)]
  0x000001b754919000 JavaThread "Common-Cleaner" daemon [_thread_blocked, id=12864, stack(0x000000af14e00000,0x000000af14f00000)]
  0x000001b756b85800 JavaThread "Daemon health stats" [_thread_blocked, id=3376, stack(0x000000af15700000,0x000000af15800000)]
  0x000001b7563e4000 JavaThread "Incoming local TCP Connector on port 59009" [_thread_in_native, id=16604, stack(0x000000af15800000,0x000000af15900000)]
  0x000001b755a17800 JavaThread "Daemon periodic checks" [_thread_blocked, id=10848, stack(0x000000af15900000,0x000000af15a00000)]
  0x000001b755e42800 JavaThread "Daemon" [_thread_blocked, id=9048, stack(0x000000af15a00000,0x000000af15b00000)]
  0x000001b755e51800 JavaThread "Handler for socket connection from /127.0.0.1:59009 to /127.0.0.1:59010" [_thread_in_native, id=8528, stack(0x000000af15b00000,0x000000af15c00000)]
  0x000001b755e83000 JavaThread "Cancel handler" [_thread_blocked, id=14228, stack(0x000000af15c00000,0x000000af15d00000)]
  0x000001b7569a5000 JavaThread "Daemon worker" [_thread_in_vm, id=13340, stack(0x000000af15d00000,0x000000af15e00000)]
  0x000001b756891800 JavaThread "C2 CompilerThread1" daemon [_thread_in_native, id=11128, stack(0x000000af15e00000,0x000000af15f00000)]
  0x000001b755eef800 JavaThread "Asynchronous log dispatcher for DefaultDaemonConnection: socket connection from /127.0.0.1:59009 to /127.0.0.1:59010" [_thread_blocked, id=16916, stack(0x000000af15f00000,0x000000af16000000)]
  0x000001b75618f000 JavaThread "Stdin handler" [_thread_blocked, id=11136, stack(0x000000af16000000,0x000000af16100000)]
  0x000001b7568f5800 JavaThread "Thread-8" [_thread_blocked, id=12072, stack(0x000000af16100000,0x000000af16200000)]
  0x000001b7568f4000 JavaThread "Cache worker for journal cache (C:\Users\Administrator\.gradle\caches\journal-1)" [_thread_blocked, id=6224, stack(0x000000af16200000,0x000000af16300000)]
  0x000001b7568f5000 JavaThread "File lock request listener" [_thread_in_native, id=15340, stack(0x000000af16300000,0x000000af16400000)]
  0x000001b7568f0000 JavaThread "Cache worker for file hash cache (C:\Users\Administrator\.gradle\caches\6.5.1\fileHashes)" [_thread_blocked, id=16972, stack(0x000000af16400000,0x000000af16500000)]
  0x000001b7568f6800 JavaThread "Cache worker for file hash cache (D:\Work\TH\Depth\arcore-android-sdk\samples\augmented_faces_java\.gradle\6.5.1\fileHashes)" [_thread_blocked, id=13596, stack(0x000000af16800000,0x000000af16900000)]
  0x000001b7568f1000 JavaThread "jar transforms" [_thread_blocked, id=9192, stack(0x000000af16900000,0x000000af16a00000)]
  0x000001b7568f1800 JavaThread "jar transforms Thread 2" [_thread_blocked, id=3624, stack(0x000000af16a00000,0x000000af16b00000)]
  0x000001b7568f2800 JavaThread "jar transforms Thread 3" [_thread_blocked, id=17352, stack(0x000000af16b00000,0x000000af16c00000)]
  0x000001b7568f3800 JavaThread "jar transforms Thread 4" [_thread_blocked, id=13196, stack(0x000000af16d00000,0x000000af16e00000)]
  0x000001b75714b800 JavaThread "jar transforms Thread 5" [_thread_blocked, id=15776, stack(0x000000af16e00000,0x000000af16f00000)]
  0x000001b75714f000 JavaThread "jar transforms Thread 6" [_thread_blocked, id=10284, stack(0x000000af16f00000,0x000000af17000000)]
  0x000001b75714e000 JavaThread "jar transforms Thread 7" [_thread_blocked, id=16540, stack(0x000000af17000000,0x000000af17100000)]
  0x000001b75714a800 JavaThread "jar transforms Thread 8" [_thread_blocked, id=2436, stack(0x000000af17100000,0x000000af17200000)]
  0x000001b75714a000 JavaThread "jar transforms Thread 9" [_thread_blocked, id=5952, stack(0x000000af17200000,0x000000af17300000)]
  0x000001b75714f800 JavaThread "jar transforms Thread 10" [_thread_blocked, id=12436, stack(0x000000af17300000,0x000000af17400000)]
  0x000001b757150800 JavaThread "jar transforms Thread 11" [_thread_blocked, id=16592, stack(0x000000af17400000,0x000000af17500000)]
  0x000001b757151000 JavaThread "jar transforms Thread 12" [_thread_blocked, id=5752, stack(0x000000af17500000,0x000000af17600000)]
  0x000001b75714d000 JavaThread "jar transforms Thread 13" [_thread_blocked, id=4384, stack(0x000000af16c00000,0x000000af16d00000)]
  0x000001b757152000 JavaThread "jar transforms Thread 14" [_thread_blocked, id=13516, stack(0x000000af17600000,0x000000af17700000)]
  0x000001b75714c800 JavaThread "jar transforms Thread 15" [_thread_blocked, id=1048, stack(0x000000af17700000,0x000000af17800000)]
  0x000001b757158800 JavaThread "jar transforms Thread 16" [_thread_blocked, id=13708, stack(0x000000af17800000,0x000000af17900000)]
  0x000001b757153000 JavaThread "jar transforms Thread 17" [_thread_blocked, id=8728, stack(0x000000af17900000,0x000000af17a00000)]
  0x000001b757156000 JavaThread "jar transforms Thread 18" [_thread_blocked, id=14312, stack(0x000000af17a00000,0x000000af17b00000)]
  0x000001b757155800 JavaThread "jar transforms Thread 19" [_thread_blocked, id=16412, stack(0x000000af17b00000,0x000000af17c00000)]
  0x000001b757157000 JavaThread "jar transforms Thread 20" [_thread_blocked, id=13844, stack(0x000000af17c00000,0x000000af17d00000)]
  0x000001b7591b8000 JavaThread "C2 CompilerThread2" daemon [_thread_in_native, id=12652, stack(0x000000af17d00000,0x000000af17e00000)]
  0x000001b757154800 JavaThread "Cache worker for checksums cache (D:\Work\TH\Depth\arcore-android-sdk\samples\augmented_faces_java\.gradle\checksums)" [_thread_blocked, id=3420, stack(0x000000af17e00000,0x000000af17f00000)]
  0x000001b757153800 JavaThread "Cache worker for cache directory md-supplier (C:\Users\Administrator\.gradle\caches\6.5.1\md-supplier)" [_thread_blocked, id=15372, stack(0x000000af17f00000,0x000000af18000000)]
  0x000001b757158000 JavaThread "Cache worker for cache directory md-rule (C:\Users\Administrator\.gradle\caches\6.5.1\md-rule)" [_thread_blocked, id=3364, stack(0x000000af18000000,0x000000af18100000)]
  0x000001b756efd000 JavaThread "Cache worker for execution history cache (C:\Users\Administrator\.gradle\caches\6.5.1\executionHistory)" [_thread_blocked, id=14740, stack(0x000000af18100000,0x000000af18200000)]
  0x000001b756eff800 JavaThread "Cache worker for file content cache (C:\Users\Administrator\.gradle\caches\6.5.1\fileContent)" [_thread_blocked, id=16872, stack(0x000000af18200000,0x000000af18300000)]
  0x000001b756efc000 JavaThread "Cache worker for Build Output Cleanup Cache (D:\Work\TH\Depth\arcore-android-sdk\samples\augmented_faces_java\.gradle\buildOutputCleanup)" [_thread_blocked, id=11604, stack(0x000000af18300000,0x000000af18400000)]

Other Threads:
  0x000001b7546fd000 VMThread "VM Thread" [stack: 0x000000af14500000,0x000000af14600000] [id=16820]
  0x000001b754936000 WatcherThread [stack: 0x000000af14f00000,0x000000af15000000] [id=15368]
  0x000001b73a583800 GCTaskThread "GC Thread#0" [stack: 0x000000af14000000,0x000000af14100000] [id=3652]
  0x000001b7554bf000 GCTaskThread "GC Thread#1" [stack: 0x000000af15100000,0x000000af15200000] [id=16768]
  0x000001b75554b800 GCTaskThread "GC Thread#2" [stack: 0x000000af15200000,0x000000af15300000] [id=13696]
  0x000001b7555b9000 GCTaskThread "GC Thread#3" [stack: 0x000000af15300000,0x000000af15400000] [id=5748]
  0x000001b7555b9800 GCTaskThread "GC Thread#4" [stack: 0x000000af15400000,0x000000af15500000] [id=16236]
  0x000001b7555ba800 GCTaskThread "GC Thread#5" [stack: 0x000000af15500000,0x000000af15600000] [id=9212]
  0x000001b756d45000 GCTaskThread "GC Thread#6" [stack: 0x000000af16500000,0x000000af16600000] [id=16704]
  0x000001b756d41800 GCTaskThread "GC Thread#7" [stack: 0x000000af16600000,0x000000af16700000] [id=16436]
  0x000001b73a5a9000 ConcurrentGCThread "G1 Main Marker" [stack: 0x000000af14100000,0x000000af14200000] [id=16944]
  0x000001b73a5ab800 ConcurrentGCThread "G1 Conc#0" [stack: 0x000000af14200000,0x000000af14300000] [id=3752]
  0x000001b75696b800 ConcurrentGCThread "G1 Conc#1" [stack: 0x000000af16700000,0x000000af16800000] [id=16864]
  0x000001b753d5f000 ConcurrentGCThread "G1 Refine#0" [stack: 0x000000af14300000,0x000000af14400000] [id=10024]
  0x000001b73a64e800 ConcurrentGCThread "G1 Young RemSet Sampling" [stack: 0x000000af14400000,0x000000af14500000] [id=17056]

Threads with active compile tasks:
C2 CompilerThread0   3249 3472       4       java.lang.ClassLoader::defineClass (43 bytes)
C2 CompilerThread1   3249 3588       4       org.codehaus.groovy.reflection.CachedMethod::isStatic (8 bytes)
C2 CompilerThread2   3249 3584       4       java.util.HashSet::contains (9 bytes)

VM state:not at safepoint (normal execution)

VM Mutex/Monitor currently owned by a thread: None

Heap address: 0x00000000a0000000, size: 1536 MB, Compressed Oops mode: 32-bit
Narrow klass base: 0x0000000000000000, Narrow klass shift: 3
Compressed class space size: 1073741824 Address: 0x0000000100000000

Heap:
 garbage-first heap   total 260096K, used 127179K [0x00000000a0000000, 0x0000000100000000)
  region size 1024K, 98 young (100352K), 8 survivors (8192K)
 Metaspace       used 43323K, capacity 44442K, committed 44588K, reserved 1087488K
  class space    used 5526K, capacity 5920K, committed 6016K, reserved 1048576K
Heap Regions: E=young(eden), S=young(survivor), O=old, HS=humongous(starts), HC=humongous(continues), CS=collection set, F=free, A=archive, TAMS=top-at-mark-start (previous, next)
|   0|0x00000000a0000000, 0x00000000a0100000, 0x00000000a0100000|100%|HS|  |TAMS 0x00000000a0100000, 0x00000000a0000000| Complete 
|   1|0x00000000a0100000, 0x00000000a0200000, 0x00000000a0200000|100%|HC|  |TAMS 0x00000000a0200000, 0x00000000a0100000| Complete 
|   2|0x00000000a0200000, 0x00000000a0300000, 0x00000000a0300000|100%| O|  |TAMS 0x00000000a0300000, 0x00000000a0200000| Untracked 
|   3|0x00000000a0300000, 0x00000000a0400000, 0x00000000a0400000|100%|HS|  |TAMS 0x00000000a0400000, 0x00000000a0300000| Complete 
|   4|0x00000000a0400000, 0x00000000a0500000, 0x00000000a0500000|100%|HC|  |TAMS 0x00000000a0500000, 0x00000000a0400000| Complete 
|   5|0x00000000a0500000, 0x00000000a0600000, 0x00000000a0600000|100%|HC|  |TAMS 0x00000000a0600000, 0x00000000a0500000| Complete 
|   6|0x00000000a0600000, 0x00000000a0700000, 0x00000000a0700000|100%| O|  |TAMS 0x00000000a0700000, 0x00000000a0600000| Untracked 
|   7|0x00000000a0700000, 0x00000000a0800000, 0x00000000a0800000|100%| O|  |TAMS 0x00000000a0800000, 0x00000000a0700000| Untracked 
|   8|0x00000000a0800000, 0x00000000a0900000, 0x00000000a0900000|100%| O|  |TAMS 0x00000000a0900000, 0x00000000a0800000| Untracked 
|   9|0x00000000a0900000, 0x00000000a0a00000, 0x00000000a0a00000|100%|HS|  |TAMS 0x00000000a0a00000, 0x00000000a0900000| Complete 
|  10|0x00000000a0a00000, 0x00000000a0b00000, 0x00000000a0b00000|100%|HC|  |TAMS 0x00000000a0b00000, 0x00000000a0a00000| Complete 
|  11|0x00000000a0b00000, 0x00000000a0c00000, 0x00000000a0c00000|100%|HC|  |TAMS 0x00000000a0c00000, 0x00000000a0b00000| Complete 
|  12|0x00000000a0c00000, 0x00000000a0d00000, 0x00000000a0d00000|100%|HS|  |TAMS 0x00000000a0d00000, 0x00000000a0c00000| Complete 
|  13|0x00000000a0d00000, 0x00000000a0e00000, 0x00000000a0e00000|100%|HC|  |TAMS 0x00000000a0e00000, 0x00000000a0d00000| Complete 
|  14|0x00000000a0e00000, 0x00000000a0f00000, 0x00000000a0f00000|100%|HC|  |TAMS 0x00000000a0f00000, 0x00000000a0e00000| Complete 
|  15|0x00000000a0f00000, 0x00000000a1000000, 0x00000000a1000000|100%|HC|  |TAMS 0x00000000a1000000, 0x00000000a0f00000| Complete 
|  16|0x00000000a1000000, 0x00000000a1100000, 0x00000000a1100000|100%|HC|  |TAMS 0x00000000a1100000, 0x00000000a1000000| Complete 
|  17|0x00000000a1100000, 0x00000000a1200000, 0x00000000a1200000|100%| O|  |TAMS 0x00000000a1200000, 0x00000000a1100000| Untracked 
|  18|0x00000000a1200000, 0x00000000a1300000, 0x00000000a1300000|100%| O|  |TAMS 0x00000000a1300000, 0x00000000a1200000| Untracked 
|  19|0x00000000a1300000, 0x00000000a1400000, 0x00000000a1400000|100%| O|  |TAMS 0x00000000a1400000, 0x00000000a1300000| Untracked 
|  20|0x00000000a1400000, 0x00000000a1500000, 0x00000000a1500000|100%| O|  |TAMS 0x00000000a1500000, 0x00000000a1400000| Untracked 
|  21|0x00000000a1500000, 0x00000000a1600000, 0x00000000a1600000|100%| O|  |TAMS 0x00000000a1600000, 0x00000000a1500000| Untracked 
|  22|0x00000000a1600000, 0x00000000a1700000, 0x00000000a1700000|100%| O|  |TAMS 0x00000000a1700000, 0x00000000a1600000| Untracked 
|  23|0x00000000a1700000, 0x00000000a1800000, 0x00000000a1800000|100%| O|  |TAMS 0x00000000a1800000, 0x00000000a1700000| Untracked 
|  24|0x00000000a1800000, 0x00000000a1900000, 0x00000000a1900000|100%| O|  |TAMS 0x00000000a1900000, 0x00000000a1800000| Untracked 
|  25|0x00000000a1900000, 0x00000000a1945800, 0x00000000a1a00000| 27%| O|  |TAMS 0x00000000a1945800, 0x00000000a1900000| Untracked 
|  26|0x00000000a1a00000, 0x00000000a1b00000, 0x00000000a1b00000|100%|HS|  |TAMS 0x00000000a1a00000, 0x00000000a1a00000| Complete 
|  27|0x00000000a1b00000, 0x00000000a1c00000, 0x00000000a1c00000|100%|HS|  |TAMS 0x00000000a1b00000, 0x00000000a1b00000| Complete 
|  28|0x00000000a1c00000, 0x00000000a1d00000, 0x00000000a1d00000|100%|HC|  |TAMS 0x00000000a1c00000, 0x00000000a1c00000| Complete 
|  29|0x00000000a1d00000, 0x00000000a1d00000, 0x00000000a1e00000|  0%| F|  |TAMS 0x00000000a1d00000, 0x00000000a1d00000| Untracked 
|  30|0x00000000a1e00000, 0x00000000a1e00000, 0x00000000a1f00000|  0%| F|  |TAMS 0x00000000a1e00000, 0x00000000a1e00000| Untracked 
|  31|0x00000000a1f00000, 0x00000000a1f00000, 0x00000000a2000000|  0%| F|  |TAMS 0x00000000a1f00000, 0x00000000a1f00000| Untracked 
|  32|0x00000000a2000000, 0x00000000a2000000, 0x00000000a2100000|  0%| F|  |TAMS 0x00000000a2000000, 0x00000000a2000000| Untracked 
|  33|0x00000000a2100000, 0x00000000a2100000, 0x00000000a2200000|  0%| F|  |TAMS 0x00000000a2100000, 0x00000000a2100000| Untracked 
|  34|0x00000000a2200000, 0x00000000a2200000, 0x00000000a2300000|  0%| F|  |TAMS 0x00000000a2200000, 0x00000000a2200000| Untracked 
|  35|0x00000000a2300000, 0x00000000a2300000, 0x00000000a2400000|  0%| F|  |TAMS 0x00000000a2300000, 0x00000000a2300000| Untracked 
|  36|0x00000000a2400000, 0x00000000a2400000, 0x00000000a2500000|  0%| F|  |TAMS 0x00000000a2400000, 0x00000000a2400000| Untracked 
|  37|0x00000000a2500000, 0x00000000a2500000, 0x00000000a2600000|  0%| F|  |TAMS 0x00000000a2500000, 0x00000000a2500000| Untracked 
|  38|0x00000000a2600000, 0x00000000a2600000, 0x00000000a2700000|  0%| F|  |TAMS 0x00000000a2600000, 0x00000000a2600000| Untracked 
|  39|0x00000000a2700000, 0x00000000a2700000, 0x00000000a2800000|  0%| F|  |TAMS 0x00000000a2700000, 0x00000000a2700000| Untracked 
|  40|0x00000000a2800000, 0x00000000a2800000, 0x00000000a2900000|  0%| F|  |TAMS 0x00000000a2800000, 0x00000000a2800000| Untracked 
|  41|0x00000000a2900000, 0x00000000a2900000, 0x00000000a2a00000|  0%| F|  |TAMS 0x00000000a2900000, 0x00000000a2900000| Untracked 
|  42|0x00000000a2a00000, 0x00000000a2a00000, 0x00000000a2b00000|  0%| F|  |TAMS 0x00000000a2a00000, 0x00000000a2a00000| Untracked 
|  43|0x00000000a2b00000, 0x00000000a2b00000, 0x00000000a2c00000|  0%| F|  |TAMS 0x00000000a2b00000, 0x00000000a2b00000| Untracked 
|  44|0x00000000a2c00000, 0x00000000a2c00000, 0x00000000a2d00000|  0%| F|  |TAMS 0x00000000a2c00000, 0x00000000a2c00000| Untracked 
|  45|0x00000000a2d00000, 0x00000000a2d00000, 0x00000000a2e00000|  0%| F|  |TAMS 0x00000000a2d00000, 0x00000000a2d00000| Untracked 
|  46|0x00000000a2e00000, 0x00000000a2e00000, 0x00000000a2f00000|  0%| F|  |TAMS 0x00000000a2e00000, 0x00000000a2e00000| Untracked 
|  47|0x00000000a2f00000, 0x00000000a2f00000, 0x00000000a3000000|  0%| F|  |TAMS 0x00000000a2f00000, 0x00000000a2f00000| Untracked 
|  48|0x00000000a3000000, 0x00000000a3000000, 0x00000000a3100000|  0%| F|  |TAMS 0x00000000a3000000, 0x00000000a3000000| Untracked 
|  49|0x00000000a3100000, 0x00000000a3100000, 0x00000000a3200000|  0%| F|  |TAMS 0x00000000a3100000, 0x00000000a3100000| Untracked 
|  50|0x00000000a3200000, 0x00000000a3200000, 0x00000000a3300000|  0%| F|  |TAMS 0x00000000a3200000, 0x00000000a3200000| Untracked 
|  51|0x00000000a3300000, 0x00000000a3300000, 0x00000000a3400000|  0%| F|  |TAMS 0x00000000a3300000, 0x00000000a3300000| Untracked 
|  52|0x00000000a3400000, 0x00000000a3400000, 0x00000000a3500000|  0%| F|  |TAMS 0x00000000a3400000, 0x00000000a3400000| Untracked 
|  53|0x00000000a3500000, 0x00000000a3500000, 0x00000000a3600000|  0%| F|  |TAMS 0x00000000a3500000, 0x00000000a3500000| Untracked 
|  54|0x00000000a3600000, 0x00000000a3600000, 0x00000000a3700000|  0%| F|  |TAMS 0x00000000a3600000, 0x00000000a3600000| Untracked 
|  55|0x00000000a3700000, 0x00000000a3700000, 0x00000000a3800000|  0%| F|  |TAMS 0x00000000a3700000, 0x00000000a3700000| Untracked 
|  56|0x00000000a3800000, 0x00000000a3800000, 0x00000000a3900000|  0%| F|  |TAMS 0x00000000a3800000, 0x00000000a3800000| Untracked 
|  57|0x00000000a3900000, 0x00000000a3900000, 0x00000000a3a00000|  0%| F|  |TAMS 0x00000000a3900000, 0x00000000a3900000| Untracked 
|  58|0x00000000a3a00000, 0x00000000a3a00000, 0x00000000a3b00000|  0%| F|  |TAMS 0x00000000a3a00000, 0x00000000a3a00000| Untracked 
|  59|0x00000000a3b00000, 0x00000000a3b00000, 0x00000000a3c00000|  0%| F|  |TAMS 0x00000000a3b00000, 0x00000000a3b00000| Untracked 
|  60|0x00000000a3c00000, 0x00000000a3c00000, 0x00000000a3d00000|  0%| F|  |TAMS 0x00000000a3c00000, 0x00000000a3c00000| Untracked 
|  61|0x00000000a3d00000, 0x00000000a3d00000, 0x00000000a3e00000|  0%| F|  |TAMS 0x00000000a3d00000, 0x00000000a3d00000| Untracked 
|  62|0x00000000a3e00000, 0x00000000a3e00000, 0x00000000a3f00000|  0%| F|  |TAMS 0x00000000a3e00000, 0x00000000a3e00000| Untracked 
|  63|0x00000000a3f00000, 0x00000000a3f00000, 0x00000000a4000000|  0%| F|  |TAMS 0x00000000a3f00000, 0x00000000a3f00000| Untracked 
|  64|0x00000000a4000000, 0x00000000a4000000, 0x00000000a4100000|  0%| F|  |TAMS 0x00000000a4000000, 0x00000000a4000000| Untracked 
|  65|0x00000000a4100000, 0x00000000a4100000, 0x00000000a4200000|  0%| F|  |TAMS 0x00000000a4100000, 0x00000000a4100000| Untracked 
|  66|0x00000000a4200000, 0x00000000a4200000, 0x00000000a4300000|  0%| F|  |TAMS 0x00000000a4200000, 0x00000000a4200000| Untracked 
|  67|0x00000000a4300000, 0x00000000a4300000, 0x00000000a4400000|  0%| F|  |TAMS 0x00000000a4300000, 0x00000000a4300000| Untracked 
|  68|0x00000000a4400000, 0x00000000a4400000, 0x00000000a4500000|  0%| F|  |TAMS 0x00000000a4400000, 0x00000000a4400000| Untracked 
|  69|0x00000000a4500000, 0x00000000a4500000, 0x00000000a4600000|  0%| F|  |TAMS 0x00000000a4500000, 0x00000000a4500000| Untracked 
|  70|0x00000000a4600000, 0x00000000a4600000, 0x00000000a4700000|  0%| F|  |TAMS 0x00000000a4600000, 0x00000000a4600000| Untracked 
|  71|0x00000000a4700000, 0x00000000a4700000, 0x00000000a4800000|  0%| F|  |TAMS 0x00000000a4700000, 0x00000000a4700000| Untracked 
|  72|0x00000000a4800000, 0x00000000a4800000, 0x00000000a4900000|  0%| F|  |TAMS 0x00000000a4800000, 0x00000000a4800000| Untracked 
|  73|0x00000000a4900000, 0x00000000a4900000, 0x00000000a4a00000|  0%| F|  |TAMS 0x00000000a4900000, 0x00000000a4900000| Untracked 
|  74|0x00000000a4a00000, 0x00000000a4a00000, 0x00000000a4b00000|  0%| F|  |TAMS 0x00000000a4a00000, 0x00000000a4a00000| Untracked 
|  75|0x00000000a4b00000, 0x00000000a4b00000, 0x00000000a4c00000|  0%| F|  |TAMS 0x00000000a4b00000, 0x00000000a4b00000| Untracked 
|  76|0x00000000a4c00000, 0x00000000a4c00000, 0x00000000a4d00000|  0%| F|  |TAMS 0x00000000a4c00000, 0x00000000a4c00000| Untracked 
|  77|0x00000000a4d00000, 0x00000000a4d00000, 0x00000000a4e00000|  0%| F|  |TAMS 0x00000000a4d00000, 0x00000000a4d00000| Untracked 
|  78|0x00000000a4e00000, 0x00000000a4e00000, 0x00000000a4f00000|  0%| F|  |TAMS 0x00000000a4e00000, 0x00000000a4e00000| Untracked 
|  79|0x00000000a4f00000, 0x00000000a4f00000, 0x00000000a5000000|  0%| F|  |TAMS 0x00000000a4f00000, 0x00000000a4f00000| Untracked 
|  80|0x00000000a5000000, 0x00000000a5000000, 0x00000000a5100000|  0%| F|  |TAMS 0x00000000a5000000, 0x00000000a5000000| Untracked 
|  81|0x00000000a5100000, 0x00000000a5100000, 0x00000000a5200000|  0%| F|  |TAMS 0x00000000a5100000, 0x00000000a5100000| Untracked 
|  82|0x00000000a5200000, 0x00000000a5200000, 0x00000000a5300000|  0%| F|  |TAMS 0x00000000a5200000, 0x00000000a5200000| Untracked 
|  83|0x00000000a5300000, 0x00000000a5300000, 0x00000000a5400000|  0%| F|  |TAMS 0x00000000a5300000, 0x00000000a5300000| Untracked 
|  84|0x00000000a5400000, 0x00000000a5400000, 0x00000000a5500000|  0%| F|  |TAMS 0x00000000a5400000, 0x00000000a5400000| Untracked 
|  85|0x00000000a5500000, 0x00000000a5500000, 0x00000000a5600000|  0%| F|  |TAMS 0x00000000a5500000, 0x00000000a5500000| Untracked 
|  86|0x00000000a5600000, 0x00000000a5600000, 0x00000000a5700000|  0%| F|  |TAMS 0x00000000a5600000, 0x00000000a5600000| Untracked 
|  87|0x00000000a5700000, 0x00000000a5700000, 0x00000000a5800000|  0%| F|  |TAMS 0x00000000a5700000, 0x00000000a5700000| Untracked 
|  88|0x00000000a5800000, 0x00000000a5800000, 0x00000000a5900000|  0%| F|  |TAMS 0x00000000a5800000, 0x00000000a5800000| Untracked 
|  89|0x00000000a5900000, 0x00000000a5900000, 0x00000000a5a00000|  0%| F|  |TAMS 0x00000000a5900000, 0x00000000a5900000| Untracked 
|  90|0x00000000a5a00000, 0x00000000a5a00000, 0x00000000a5b00000|  0%| F|  |TAMS 0x00000000a5a00000, 0x00000000a5a00000| Untracked 
|  91|0x00000000a5b00000, 0x00000000a5b00000, 0x00000000a5c00000|  0%| F|  |TAMS 0x00000000a5b00000, 0x00000000a5b00000| Untracked 
|  92|0x00000000a5c00000, 0x00000000a5c00000, 0x00000000a5d00000|  0%| F|  |TAMS 0x00000000a5c00000, 0x00000000a5c00000| Untracked 
|  93|0x00000000a5d00000, 0x00000000a5d00000, 0x00000000a5e00000|  0%| F|  |TAMS 0x00000000a5d00000, 0x00000000a5d00000| Untracked 
|  94|0x00000000a5e00000, 0x00000000a5e00000, 0x00000000a5f00000|  0%| F|  |TAMS 0x00000000a5e00000, 0x00000000a5e00000| Untracked 
|  95|0x00000000a5f00000, 0x00000000a5f00000, 0x00000000a6000000|  0%| F|  |TAMS 0x00000000a5f00000, 0x00000000a5f00000| Untracked 
|  96|0x00000000a6000000, 0x00000000a6000000, 0x00000000a6100000|  0%| F|  |TAMS 0x00000000a6000000, 0x00000000a6000000| Untracked 
|  97|0x00000000a6100000, 0x00000000a6100000, 0x00000000a6200000|  0%| F|  |TAMS 0x00000000a6100000, 0x00000000a6100000| Untracked 
|  98|0x00000000a6200000, 0x00000000a6200000, 0x00000000a6300000|  0%| F|  |TAMS 0x00000000a6200000, 0x00000000a6200000| Untracked 
|  99|0x00000000a6300000, 0x00000000a6300000, 0x00000000a6400000|  0%| F|  |TAMS 0x00000000a6300000, 0x00000000a6300000| Untracked 
| 100|0x00000000a6400000, 0x00000000a6400000, 0x00000000a6500000|  0%| F|  |TAMS 0x00000000a6400000, 0x00000000a6400000| Untracked 
| 101|0x00000000a6500000, 0x00000000a6500000, 0x00000000a6600000|  0%| F|  |TAMS 0x00000000a6500000, 0x00000000a6500000| Untracked 
| 102|0x00000000a6600000, 0x00000000a6600000, 0x00000000a6700000|  0%| F|  |TAMS 0x00000000a6600000, 0x00000000a6600000| Untracked 
| 103|0x00000000a6700000, 0x00000000a6700000, 0x00000000a6800000|  0%| F|  |TAMS 0x00000000a6700000, 0x00000000a6700000| Untracked 
| 104|0x00000000a6800000, 0x00000000a6800000, 0x00000000a6900000|  0%| F|  |TAMS 0x00000000a6800000, 0x00000000a6800000| Untracked 
| 105|0x00000000a6900000, 0x00000000a6900000, 0x00000000a6a00000|  0%| F|  |TAMS 0x00000000a6900000, 0x00000000a6900000| Untracked 
| 106|0x00000000a6a00000, 0x00000000a6a00000, 0x00000000a6b00000|  0%| F|  |TAMS 0x00000000a6a00000, 0x00000000a6a00000| Untracked 
| 107|0x00000000a6b00000, 0x00000000a6b00000, 0x00000000a6c00000|  0%| F|  |TAMS 0x00000000a6b00000, 0x00000000a6b00000| Untracked 
| 108|0x00000000a6c00000, 0x00000000a6c00000, 0x00000000a6d00000|  0%| F|  |TAMS 0x00000000a6c00000, 0x00000000a6c00000| Untracked 
| 109|0x00000000a6d00000, 0x00000000a6d00000, 0x00000000a6e00000|  0%| F|  |TAMS 0x00000000a6d00000, 0x00000000a6d00000| Untracked 
| 110|0x00000000a6e00000, 0x00000000a6e00000, 0x00000000a6f00000|  0%| F|  |TAMS 0x00000000a6e00000, 0x00000000a6e00000| Untracked 
| 111|0x00000000a6f00000, 0x00000000a6f00000, 0x00000000a7000000|  0%| F|  |TAMS 0x00000000a6f00000, 0x00000000a6f00000| Untracked 
| 112|0x00000000a7000000, 0x00000000a7000000, 0x00000000a7100000|  0%| F|  |TAMS 0x00000000a7000000, 0x00000000a7000000| Untracked 
| 113|0x00000000a7100000, 0x00000000a7100000, 0x00000000a7200000|  0%| F|  |TAMS 0x00000000a7100000, 0x00000000a7100000| Untracked 
| 114|0x00000000a7200000, 0x00000000a7200000, 0x00000000a7300000|  0%| F|  |TAMS 0x00000000a7200000, 0x00000000a7200000| Untracked 
| 115|0x00000000a7300000, 0x00000000a7300000, 0x00000000a7400000|  0%| F|  |TAMS 0x00000000a7300000, 0x00000000a7300000| Untracked 
| 116|0x00000000a7400000, 0x00000000a7400000, 0x00000000a7500000|  0%| F|  |TAMS 0x00000000a7400000, 0x00000000a7400000| Untracked 
| 117|0x00000000a7500000, 0x00000000a7500000, 0x00000000a7600000|  0%| F|  |TAMS 0x00000000a7500000, 0x00000000a7500000| Untracked 
| 118|0x00000000a7600000, 0x00000000a7600000, 0x00000000a7700000|  0%| F|  |TAMS 0x00000000a7600000, 0x00000000a7600000| Untracked 
| 119|0x00000000a7700000, 0x00000000a7700000, 0x00000000a7800000|  0%| F|  |TAMS 0x00000000a7700000, 0x00000000a7700000| Untracked 
| 120|0x00000000a7800000, 0x00000000a7800000, 0x00000000a7900000|  0%| F|  |TAMS 0x00000000a7800000, 0x00000000a7800000| Untracked 
| 121|0x00000000a7900000, 0x00000000a7900000, 0x00000000a7a00000|  0%| F|  |TAMS 0x00000000a7900000, 0x00000000a7900000| Untracked 
| 122|0x00000000a7a00000, 0x00000000a7a00000, 0x00000000a7b00000|  0%| F|  |TAMS 0x00000000a7a00000, 0x00000000a7a00000| Untracked 
| 123|0x00000000a7b00000, 0x00000000a7b00000, 0x00000000a7c00000|  0%| F|  |TAMS 0x00000000a7b00000, 0x00000000a7b00000| Untracked 
| 124|0x00000000a7c00000, 0x00000000a7c00000, 0x00000000a7d00000|  0%| F|  |TAMS 0x00000000a7c00000, 0x00000000a7c00000| Untracked 
| 125|0x00000000a7d00000, 0x00000000a7d00000, 0x00000000a7e00000|  0%| F|  |TAMS 0x00000000a7d00000, 0x00000000a7d00000| Untracked 
| 126|0x00000000a7e00000, 0x00000000a7e00000, 0x00000000a7f00000|  0%| F|  |TAMS 0x00000000a7e00000, 0x00000000a7e00000| Untracked 
| 127|0x00000000a7f00000, 0x00000000a7f00000, 0x00000000a8000000|  0%| F|  |TAMS 0x00000000a7f00000, 0x00000000a7f00000| Untracked 
| 128|0x00000000a8000000, 0x00000000a8000000, 0x00000000a8100000|  0%| F|  |TAMS 0x00000000a8000000, 0x00000000a8000000| Untracked 
| 129|0x00000000a8100000, 0x00000000a8100000, 0x00000000a8200000|  0%| F|  |TAMS 0x00000000a8100000, 0x00000000a8100000| Untracked 
| 130|0x00000000a8200000, 0x00000000a8200000, 0x00000000a8300000|  0%| F|  |TAMS 0x00000000a8200000, 0x00000000a8200000| Untracked 
| 131|0x00000000a8300000, 0x00000000a8300000, 0x00000000a8400000|  0%| F|  |TAMS 0x00000000a8300000, 0x00000000a8300000| Untracked 
| 132|0x00000000a8400000, 0x00000000a8400000, 0x00000000a8500000|  0%| F|  |TAMS 0x00000000a8400000, 0x00000000a8400000| Untracked 
| 133|0x00000000a8500000, 0x00000000a8500000, 0x00000000a8600000|  0%| F|  |TAMS 0x00000000a8500000, 0x00000000a8500000| Untracked 
| 134|0x00000000a8600000, 0x00000000a8600000, 0x00000000a8700000|  0%| F|  |TAMS 0x00000000a8600000, 0x00000000a8600000| Untracked 
| 135|0x00000000a8700000, 0x00000000a8700000, 0x00000000a8800000|  0%| F|  |TAMS 0x00000000a8700000, 0x00000000a8700000| Untracked 
| 136|0x00000000a8800000, 0x00000000a8800000, 0x00000000a8900000|  0%| F|  |TAMS 0x00000000a8800000, 0x00000000a8800000| Untracked 
| 137|0x00000000a8900000, 0x00000000a8900000, 0x00000000a8a00000|  0%| F|  |TAMS 0x00000000a8900000, 0x00000000a8900000| Untracked 
| 138|0x00000000a8a00000, 0x00000000a8a00000, 0x00000000a8b00000|  0%| F|  |TAMS 0x00000000a8a00000, 0x00000000a8a00000| Untracked 
| 139|0x00000000a8b00000, 0x00000000a8b00000, 0x00000000a8c00000|  0%| F|  |TAMS 0x00000000a8b00000, 0x00000000a8b00000| Untracked 
| 140|0x00000000a8c00000, 0x00000000a8c00000, 0x00000000a8d00000|  0%| F|  |TAMS 0x00000000a8c00000, 0x00000000a8c00000| Untracked 
| 141|0x00000000a8d00000, 0x00000000a8d00000, 0x00000000a8e00000|  0%| F|  |TAMS 0x00000000a8d00000, 0x00000000a8d00000| Untracked 
| 142|0x00000000a8e00000, 0x00000000a8e00000, 0x00000000a8f00000|  0%| F|  |TAMS 0x00000000a8e00000, 0x00000000a8e00000| Untracked 
| 143|0x00000000a8f00000, 0x00000000a8f00000, 0x00000000a9000000|  0%| F|  |TAMS 0x00000000a8f00000, 0x00000000a8f00000| Untracked 
| 144|0x00000000a9000000, 0x00000000a9000000, 0x00000000a9100000|  0%| F|  |TAMS 0x00000000a9000000, 0x00000000a9000000| Untracked 
| 145|0x00000000a9100000, 0x00000000a9100000, 0x00000000a9200000|  0%| F|  |TAMS 0x00000000a9100000, 0x00000000a9100000| Untracked 
| 146|0x00000000a9200000, 0x00000000a9200000, 0x00000000a9300000|  0%| F|  |TAMS 0x00000000a9200000, 0x00000000a9200000| Untracked 
| 147|0x00000000a9300000, 0x00000000a9300000, 0x00000000a9400000|  0%| F|  |TAMS 0x00000000a9300000, 0x00000000a9300000| Untracked 
| 148|0x00000000a9400000, 0x00000000a9400000, 0x00000000a9500000|  0%| F|  |TAMS 0x00000000a9400000, 0x00000000a9400000| Untracked 
| 149|0x00000000a9500000, 0x00000000a9500000, 0x00000000a9600000|  0%| F|  |TAMS 0x00000000a9500000, 0x00000000a9500000| Untracked 
| 150|0x00000000a9600000, 0x00000000a9600000, 0x00000000a9700000|  0%| F|  |TAMS 0x00000000a9600000, 0x00000000a9600000| Untracked 
| 151|0x00000000a9700000, 0x00000000a9700000, 0x00000000a9800000|  0%| F|  |TAMS 0x00000000a9700000, 0x00000000a9700000| Untracked 
| 152|0x00000000a9800000, 0x00000000a9800000, 0x00000000a9900000|  0%| F|  |TAMS 0x00000000a9800000, 0x00000000a9800000| Untracked 
| 153|0x00000000a9900000, 0x00000000a9900000, 0x00000000a9a00000|  0%| F|  |TAMS 0x00000000a9900000, 0x00000000a9900000| Untracked 
| 154|0x00000000a9a00000, 0x00000000a9a00000, 0x00000000a9b00000|  0%| F|  |TAMS 0x00000000a9a00000, 0x00000000a9a00000| Untracked 
| 155|0x00000000a9b00000, 0x00000000a9b00000, 0x00000000a9c00000|  0%| F|  |TAMS 0x00000000a9b00000, 0x00000000a9b00000| Untracked 
| 156|0x00000000a9c00000, 0x00000000a9c80800, 0x00000000a9d00000| 50%| E|  |TAMS 0x00000000a9c00000, 0x00000000a9c00000| Complete 
| 157|0x00000000a9d00000, 0x00000000a9e00000, 0x00000000a9e00000|100%| E|CS|TAMS 0x00000000a9d00000, 0x00000000a9d00000| Complete 
| 158|0x00000000a9e00000, 0x00000000a9f00000, 0x00000000a9f00000|100%| E|CS|TAMS 0x00000000a9e00000, 0x00000000a9e00000| Complete 
| 159|0x00000000a9f00000, 0x00000000aa000000, 0x00000000aa000000|100%| E|CS|TAMS 0x00000000a9f00000, 0x00000000a9f00000| Complete 
| 160|0x00000000aa000000, 0x00000000aa100000, 0x00000000aa100000|100%| E|CS|TAMS 0x00000000aa000000, 0x00000000aa000000| Complete 
| 161|0x00000000aa100000, 0x00000000aa200000, 0x00000000aa200000|100%| E|CS|TAMS 0x00000000aa100000, 0x00000000aa100000| Complete 
| 162|0x00000000aa200000, 0x00000000aa300000, 0x00000000aa300000|100%| E|CS|TAMS 0x00000000aa200000, 0x00000000aa200000| Complete 
| 163|0x00000000aa300000, 0x00000000aa400000, 0x00000000aa400000|100%| E|CS|TAMS 0x00000000aa300000, 0x00000000aa300000| Complete 
| 164|0x00000000aa400000, 0x00000000aa500000, 0x00000000aa500000|100%| E|CS|TAMS 0x00000000aa400000, 0x00000000aa400000| Complete 
| 165|0x00000000aa500000, 0x00000000aa600000, 0x00000000aa600000|100%| E|CS|TAMS 0x00000000aa500000, 0x00000000aa500000| Complete 
| 166|0x00000000aa600000, 0x00000000aa700000, 0x00000000aa700000|100%| E|CS|TAMS 0x00000000aa600000, 0x00000000aa600000| Complete 
| 167|0x00000000aa700000, 0x00000000aa800000, 0x00000000aa800000|100%| E|CS|TAMS 0x00000000aa700000, 0x00000000aa700000| Complete 
| 168|0x00000000aa800000, 0x00000000aa900000, 0x00000000aa900000|100%| E|CS|TAMS 0x00000000aa800000, 0x00000000aa800000| Complete 
| 169|0x00000000aa900000, 0x00000000aaa00000, 0x00000000aaa00000|100%| E|CS|TAMS 0x00000000aa900000, 0x00000000aa900000| Complete 
| 170|0x00000000aaa00000, 0x00000000aab00000, 0x00000000aab00000|100%| E|CS|TAMS 0x00000000aaa00000, 0x00000000aaa00000| Complete 
| 171|0x00000000aab00000, 0x00000000aac00000, 0x00000000aac00000|100%| E|CS|TAMS 0x00000000aab00000, 0x00000000aab00000| Complete 
| 172|0x00000000aac00000, 0x00000000aad00000, 0x00000000aad00000|100%| E|CS|TAMS 0x00000000aac00000, 0x00000000aac00000| Complete 
| 173|0x00000000aad00000, 0x00000000aae00000, 0x00000000aae00000|100%| E|CS|TAMS 0x00000000aad00000, 0x00000000aad00000| Complete 
| 174|0x00000000aae00000, 0x00000000aaf00000, 0x00000000aaf00000|100%| E|CS|TAMS 0x00000000aae00000, 0x00000000aae00000| Complete 
| 175|0x00000000aaf00000, 0x00000000ab000000, 0x00000000ab000000|100%| E|CS|TAMS 0x00000000aaf00000, 0x00000000aaf00000| Complete 
| 176|0x00000000ab000000, 0x00000000ab100000, 0x00000000ab100000|100%| E|CS|TAMS 0x00000000ab000000, 0x00000000ab000000| Complete 
| 177|0x00000000ab100000, 0x00000000ab200000, 0x00000000ab200000|100%| E|CS|TAMS 0x00000000ab100000, 0x00000000ab100000| Complete 
| 178|0x00000000ab200000, 0x00000000ab300000, 0x00000000ab300000|100%| E|CS|TAMS 0x00000000ab200000, 0x00000000ab200000| Complete 
| 179|0x00000000ab300000, 0x00000000ab400000, 0x00000000ab400000|100%| E|CS|TAMS 0x00000000ab300000, 0x00000000ab300000| Complete 
| 180|0x00000000ab400000, 0x00000000ab500000, 0x00000000ab500000|100%| E|CS|TAMS 0x00000000ab400000, 0x00000000ab400000| Complete 
| 181|0x00000000ab500000, 0x00000000ab600000, 0x00000000ab600000|100%| E|CS|TAMS 0x00000000ab500000, 0x00000000ab500000| Complete 
| 182|0x00000000ab600000, 0x00000000ab700000, 0x00000000ab700000|100%| E|CS|TAMS 0x00000000ab600000, 0x00000000ab600000| Complete 
| 183|0x00000000ab700000, 0x00000000ab800000, 0x00000000ab800000|100%| E|CS|TAMS 0x00000000ab700000, 0x00000000ab700000| Complete 
| 184|0x00000000ab800000, 0x00000000ab900000, 0x00000000ab900000|100%| E|CS|TAMS 0x00000000ab800000, 0x00000000ab800000| Complete 
| 185|0x00000000ab900000, 0x00000000aba00000, 0x00000000aba00000|100%| E|CS|TAMS 0x00000000ab900000, 0x00000000ab900000| Complete 
| 186|0x00000000aba00000, 0x00000000abb00000, 0x00000000abb00000|100%| E|CS|TAMS 0x00000000aba00000, 0x00000000aba00000| Complete 
| 187|0x00000000abb00000, 0x00000000abc00000, 0x00000000abc00000|100%| E|CS|TAMS 0x00000000abb00000, 0x00000000abb00000| Complete 
| 188|0x00000000abc00000, 0x00000000abd00000, 0x00000000abd00000|100%| E|CS|TAMS 0x00000000abc00000, 0x00000000abc00000| Complete 
| 189|0x00000000abd00000, 0x00000000abe00000, 0x00000000abe00000|100%| E|CS|TAMS 0x00000000abd00000, 0x00000000abd00000| Complete 
| 190|0x00000000abe00000, 0x00000000abf00000, 0x00000000abf00000|100%| E|CS|TAMS 0x00000000abe00000, 0x00000000abe00000| Complete 
| 191|0x00000000abf00000, 0x00000000ac000000, 0x00000000ac000000|100%| E|CS|TAMS 0x00000000abf00000, 0x00000000abf00000| Complete 
| 192|0x00000000ac000000, 0x00000000ac100000, 0x00000000ac100000|100%| E|CS|TAMS 0x00000000ac000000, 0x00000000ac000000| Complete 
| 193|0x00000000ac100000, 0x00000000ac200000, 0x00000000ac200000|100%| E|CS|TAMS 0x00000000ac100000, 0x00000000ac100000| Complete 
| 194|0x00000000ac200000, 0x00000000ac300000, 0x00000000ac300000|100%| E|CS|TAMS 0x00000000ac200000, 0x00000000ac200000| Complete 
| 195|0x00000000ac300000, 0x00000000ac400000, 0x00000000ac400000|100%| E|CS|TAMS 0x00000000ac300000, 0x00000000ac300000| Complete 
| 196|0x00000000ac400000, 0x00000000ac500000, 0x00000000ac500000|100%| E|CS|TAMS 0x00000000ac400000, 0x00000000ac400000| Complete 
| 197|0x00000000ac500000, 0x00000000ac600000, 0x00000000ac600000|100%| E|CS|TAMS 0x00000000ac500000, 0x00000000ac500000| Complete 
| 198|0x00000000ac600000, 0x00000000ac700000, 0x00000000ac700000|100%| E|CS|TAMS 0x00000000ac600000, 0x00000000ac600000| Complete 
| 199|0x00000000ac700000, 0x00000000ac800000, 0x00000000ac800000|100%| E|CS|TAMS 0x00000000ac700000, 0x00000000ac700000| Complete 
| 200|0x00000000ac800000, 0x00000000ac900000, 0x00000000ac900000|100%| E|CS|TAMS 0x00000000ac800000, 0x00000000ac800000| Complete 
| 201|0x00000000ac900000, 0x00000000aca00000, 0x00000000aca00000|100%| E|CS|TAMS 0x00000000ac900000, 0x00000000ac900000| Complete 
| 202|0x00000000aca00000, 0x00000000acaed4c0, 0x00000000acb00000| 92%| S|CS|TAMS 0x00000000aca00000, 0x00000000aca00000| Complete 
| 203|0x00000000acb00000, 0x00000000acc00000, 0x00000000acc00000|100%| S|CS|TAMS 0x00000000acb00000, 0x00000000acb00000| Complete 
| 204|0x00000000acc00000, 0x00000000acd00000, 0x00000000acd00000|100%| S|CS|TAMS 0x00000000acc00000, 0x00000000acc00000| Complete 
| 205|0x00000000acd00000, 0x00000000ace00000, 0x00000000ace00000|100%| S|CS|TAMS 0x00000000acd00000, 0x00000000acd00000| Complete 
| 206|0x00000000ace00000, 0x00000000acf00000, 0x00000000acf00000|100%| S|CS|TAMS 0x00000000ace00000, 0x00000000ace00000| Complete 
| 207|0x00000000acf00000, 0x00000000ad000000, 0x00000000ad000000|100%| S|CS|TAMS 0x00000000acf00000, 0x00000000acf00000| Complete 
| 208|0x00000000ad000000, 0x00000000ad100000, 0x00000000ad100000|100%| S|CS|TAMS 0x00000000ad000000, 0x00000000ad000000| Complete 
| 209|0x00000000ad100000, 0x00000000ad200000, 0x00000000ad200000|100%| S|CS|TAMS 0x00000000ad100000, 0x00000000ad100000| Complete 
| 210|0x00000000ad200000, 0x00000000ad300000, 0x00000000ad300000|100%| E|CS|TAMS 0x00000000ad200000, 0x00000000ad200000| Complete 
| 211|0x00000000ad300000, 0x00000000ad400000, 0x00000000ad400000|100%| E|CS|TAMS 0x00000000ad300000, 0x00000000ad300000| Complete 
| 212|0x00000000ad400000, 0x00000000ad500000, 0x00000000ad500000|100%| E|CS|TAMS 0x00000000ad400000, 0x00000000ad400000| Complete 
| 213|0x00000000ad500000, 0x00000000ad600000, 0x00000000ad600000|100%| E|CS|TAMS 0x00000000ad500000, 0x00000000ad500000| Complete 
| 214|0x00000000ad600000, 0x00000000ad700000, 0x00000000ad700000|100%| E|CS|TAMS 0x00000000ad600000, 0x00000000ad600000| Complete 
| 215|0x00000000ad700000, 0x00000000ad800000, 0x00000000ad800000|100%| E|CS|TAMS 0x00000000ad700000, 0x00000000ad700000| Complete 
| 216|0x00000000ad800000, 0x00000000ad900000, 0x00000000ad900000|100%| E|CS|TAMS 0x00000000ad800000, 0x00000000ad800000| Complete 
| 217|0x00000000ad900000, 0x00000000ada00000, 0x00000000ada00000|100%| E|CS|TAMS 0x00000000ad900000, 0x00000000ad900000| Complete 
| 218|0x00000000ada00000, 0x00000000adb00000, 0x00000000adb00000|100%| E|CS|TAMS 0x00000000ada00000, 0x00000000ada00000| Complete 
| 219|0x00000000adb00000, 0x00000000adc00000, 0x00000000adc00000|100%| E|CS|TAMS 0x00000000adb00000, 0x00000000adb00000| Complete 
| 220|0x00000000adc00000, 0x00000000add00000, 0x00000000add00000|100%| E|CS|TAMS 0x00000000adc00000, 0x00000000adc00000| Complete 
| 221|0x00000000add00000, 0x00000000ade00000, 0x00000000ade00000|100%| E|CS|TAMS 0x00000000add00000, 0x00000000add00000| Complete 
| 222|0x00000000ade00000, 0x00000000adf00000, 0x00000000adf00000|100%| E|CS|TAMS 0x00000000ade00000, 0x00000000ade00000| Complete 
| 223|0x00000000adf00000, 0x00000000ae000000, 0x00000000ae000000|100%| E|CS|TAMS 0x00000000adf00000, 0x00000000adf00000| Complete 
| 224|0x00000000ae000000, 0x00000000ae100000, 0x00000000ae100000|100%| E|CS|TAMS 0x00000000ae000000, 0x00000000ae000000| Complete 
| 225|0x00000000ae100000, 0x00000000ae200000, 0x00000000ae200000|100%| E|CS|TAMS 0x00000000ae100000, 0x00000000ae100000| Complete 
| 226|0x00000000ae200000, 0x00000000ae300000, 0x00000000ae300000|100%| E|CS|TAMS 0x00000000ae200000, 0x00000000ae200000| Complete 
| 227|0x00000000ae300000, 0x00000000ae400000, 0x00000000ae400000|100%| E|CS|TAMS 0x00000000ae300000, 0x00000000ae300000| Complete 
| 228|0x00000000ae400000, 0x00000000ae500000, 0x00000000ae500000|100%| E|CS|TAMS 0x00000000ae400000, 0x00000000ae400000| Complete 
| 229|0x00000000ae500000, 0x00000000ae600000, 0x00000000ae600000|100%| E|CS|TAMS 0x00000000ae500000, 0x00000000ae500000| Complete 
| 230|0x00000000ae600000, 0x00000000ae700000, 0x00000000ae700000|100%| E|CS|TAMS 0x00000000ae600000, 0x00000000ae600000| Complete 
| 231|0x00000000ae700000, 0x00000000ae800000, 0x00000000ae800000|100%| E|CS|TAMS 0x00000000ae700000, 0x00000000ae700000| Complete 
| 232|0x00000000ae800000, 0x00000000ae900000, 0x00000000ae900000|100%| E|CS|TAMS 0x00000000ae800000, 0x00000000ae800000| Complete 
| 233|0x00000000ae900000, 0x00000000aea00000, 0x00000000aea00000|100%| E|CS|TAMS 0x00000000ae900000, 0x00000000ae900000| Complete 
| 234|0x00000000aea00000, 0x00000000aeb00000, 0x00000000aeb00000|100%| E|CS|TAMS 0x00000000aea00000, 0x00000000aea00000| Complete 
| 235|0x00000000aeb00000, 0x00000000aec00000, 0x00000000aec00000|100%| E|CS|TAMS 0x00000000aeb00000, 0x00000000aeb00000| Complete 
| 236|0x00000000aec00000, 0x00000000aed00000, 0x00000000aed00000|100%| E|CS|TAMS 0x00000000aec00000, 0x00000000aec00000| Complete 
| 237|0x00000000aed00000, 0x00000000aee00000, 0x00000000aee00000|100%| E|CS|TAMS 0x00000000aed00000, 0x00000000aed00000| Complete 
| 238|0x00000000aee00000, 0x00000000aef00000, 0x00000000aef00000|100%| E|CS|TAMS 0x00000000aee00000, 0x00000000aee00000| Complete 
| 239|0x00000000aef00000, 0x00000000af000000, 0x00000000af000000|100%| E|CS|TAMS 0x00000000aef00000, 0x00000000aef00000| Complete 
| 240|0x00000000af000000, 0x00000000af100000, 0x00000000af100000|100%| E|CS|TAMS 0x00000000af000000, 0x00000000af000000| Complete 
| 241|0x00000000af100000, 0x00000000af200000, 0x00000000af200000|100%| E|  |TAMS 0x00000000af100000, 0x00000000af100000| Complete 
| 242|0x00000000af200000, 0x00000000af300000, 0x00000000af300000|100%| E|CS|TAMS 0x00000000af200000, 0x00000000af200000| Complete 
| 243|0x00000000af300000, 0x00000000af400000, 0x00000000af400000|100%| E|CS|TAMS 0x00000000af300000, 0x00000000af300000| Complete 
| 244|0x00000000af400000, 0x00000000af500000, 0x00000000af500000|100%| E|CS|TAMS 0x00000000af400000, 0x00000000af400000| Complete 
| 245|0x00000000af500000, 0x00000000af600000, 0x00000000af600000|100%| E|CS|TAMS 0x00000000af500000, 0x00000000af500000| Complete 
| 246|0x00000000af600000, 0x00000000af700000, 0x00000000af700000|100%| E|CS|TAMS 0x00000000af600000, 0x00000000af600000| Complete 
| 247|0x00000000af700000, 0x00000000af800000, 0x00000000af800000|100%| E|CS|TAMS 0x00000000af700000, 0x00000000af700000| Complete 
| 248|0x00000000af800000, 0x00000000af900000, 0x00000000af900000|100%| E|CS|TAMS 0x00000000af800000, 0x00000000af800000| Complete 
| 249|0x00000000af900000, 0x00000000afa00000, 0x00000000afa00000|100%| E|CS|TAMS 0x00000000af900000, 0x00000000af900000| Complete 
| 250|0x00000000afa00000, 0x00000000afb00000, 0x00000000afb00000|100%| E|CS|TAMS 0x00000000afa00000, 0x00000000afa00000| Complete 
| 251|0x00000000afb00000, 0x00000000afc00000, 0x00000000afc00000|100%| E|CS|TAMS 0x00000000afb00000, 0x00000000afb00000| Complete 
| 252|0x00000000afc00000, 0x00000000afd00000, 0x00000000afd00000|100%| E|CS|TAMS 0x00000000afc00000, 0x00000000afc00000| Complete 
| 253|0x00000000afd00000, 0x00000000afe00000, 0x00000000afe00000|100%| E|CS|TAMS 0x00000000afd00000, 0x00000000afd00000| Complete 

Card table byte_map: [0x000001b74ddf0000,0x000001b74e0f0000] _byte_map_base: 0x000001b74d8f0000

Marking Bits (Prev, Next): (CMBitMap*) 0x000001b73a5a1d58, (CMBitMap*) 0x000001b73a5a1d90
 Prev Bits: [0x000001b74e3f0000, 0x000001b74fbf0000)
 Next Bits: [0x000001b74fbf0000, 0x000001b7513f0000)

Polling page: 0x000001b73e060000

Metaspace:

Usage:
  Non-class:     37.69 MB capacity,    36.92 MB ( 98%) used,   691.41 KB (  2%) free+waste,    90.63 KB ( <1%) overhead. 
      Class:      5.78 MB capacity,     5.40 MB ( 93%) used,   347.75 KB (  6%) free+waste,    44.38 KB ( <1%) overhead. 
       Both:     43.47 MB capacity,    42.32 MB ( 97%) used,     1.01 MB (  2%) free+waste,   135.00 KB ( <1%) overhead. 

Virtual space:
  Non-class space:       38.00 MB reserved,      37.92 MB (>99%) committed 
      Class space:        1.00 GB reserved,       5.88 MB ( <1%) committed 
             Both:        1.04 GB reserved,      43.79 MB (  4%) committed 

Chunk freelists:
   Non-Class:  46.00 KB
       Class:  0 bytes
        Both:  46.00 KB

MaxMetaspaceSize: 17179869184.00 GB
CompressedClassSpaceSize: 1.00 GB

CodeHeap 'non-profiled nmethods': size=120000Kb used=1990Kb max_used=1990Kb free=118009Kb
 bounds [0x000001b745b50000, 0x000001b745dc0000, 0x000001b74d080000]
CodeHeap 'profiled nmethods': size=120000Kb used=7777Kb max_used=7777Kb free=112222Kb
 bounds [0x000001b73e620000, 0x000001b73edc0000, 0x000001b745b50000]
CodeHeap 'non-nmethods': size=5760Kb used=2202Kb max_used=2252Kb free=3557Kb
 bounds [0x000001b73e080000, 0x000001b73e2f0000, 0x000001b73e620000]
 total_blobs=4349 nmethods=3585 adapters=674
 compilation: enabled
              stopped_count=0, restarted_count=0
 full_count=0

Compilation events (20 events):
Event: 3.216 Thread 0x000001b75479e800 3545       1       java.lang.invoke.ClassSpecializer$SpeciesData::getterFunctions (5 bytes)
Event: 3.216 Thread 0x000001b75479e800 nmethod 3545 0x000001b745d31d90 code [0x000001b745d31f40, 0x000001b745d31ff8]
Event: 3.216 Thread 0x000001b75479e800 3546       3       java.lang.invoke.LambdaForm::<init> (115 bytes)
Event: 3.216 Thread 0x000001b75479e800 nmethod 3546 0x000001b73eda1e90 code [0x000001b73eda20a0, 0x000001b73eda2708]
Event: 3.216 Thread 0x000001b75479e800 3547       3       java.lang.invoke.LambdaForm::fixResult (31 bytes)
Event: 3.216 Thread 0x000001b75479e800 nmethod 3547 0x000001b73eda2990 code [0x000001b73eda2b40, 0x000001b73eda2d18]
Event: 3.217 Thread 0x000001b75479e800 3548       3       java.lang.invoke.LambdaFormEditor$Transform::equals (32 bytes)
Event: 3.217 Thread 0x000001b75479e800 nmethod 3548 0x000001b73eda2e10 code [0x000001b73eda2fe0, 0x000001b73eda31a8]
Event: 3.218 Thread 0x000001b75479e800 3553       3       java.lang.invoke.MethodHandles$Lookup::checkField (56 bytes)
Event: 3.218 Thread 0x000001b75479e800 nmethod 3553 0x000001b73eda3290 code [0x000001b73eda3480, 0x000001b73eda38f8]
Event: 3.218 Thread 0x000001b75479e800 3554       3       java.lang.invoke.BoundMethodHandle$Specializer$Factory::chooseFieldName (25 bytes)
Event: 3.219 Thread 0x000001b75479e800 nmethod 3554 0x000001b73eda3a90 code [0x000001b73eda3d80, 0x000001b73eda4a58]
Event: 3.219 Thread 0x000001b75479e800 3558       3       jdk.internal.org.objectweb.asm.MethodWriter::visitFrame (233 bytes)
Event: 3.220 Thread 0x000001b75479e800 nmethod 3558 0x000001b73eda4f90 code [0x000001b73eda51c0, 0x000001b73eda5978]
Event: 3.220 Thread 0x000001b75479e800 3555       3       java.lang.invoke.ClassSpecializer$Factory::chooseFieldName (32 bytes)
Event: 3.220 Thread 0x000001b75479e800 nmethod 3555 0x000001b73eda5d10 code [0x000001b73eda5fa0, 0x000001b73eda6978]
Event: 3.221 Thread 0x000001b75479e800 3560       3       java.util.Arrays::copyOfRange (89 bytes)
Event: 3.222 Thread 0x000001b75479e800 nmethod 3560 0x000001b73eda6d90 code [0x000001b73eda7080, 0x000001b73eda7f78]
Event: 3.222 Thread 0x000001b75479e800 3559       3       java.lang.invoke.MethodHandles$Lookup::restrictProtectedReceiver (51 bytes)
Event: 3.222 Thread 0x000001b75479e800 nmethod 3559 0x000001b73eda8490 code [0x000001b73eda8740, 0x000001b73eda92a8]

GC Heap History (8 events):
Event: 0.440 GC heap before
{Heap before GC invocations=0 (full 0):
 garbage-first heap   total 260096K, used 29696K [0x00000000a0000000, 0x0000000100000000)
  region size 1024K, 24 young (24576K), 0 survivors (0K)
 Metaspace       used 10630K, capacity 10922K, committed 11008K, reserved 1058816K
  class space    used 1124K, capacity 1197K, committed 1280K, reserved 1048576K
}
Event: 0.443 GC heap after
{Heap after GC invocations=1 (full 0):
 garbage-first heap   total 260096K, used 8838K [0x00000000a0000000, 0x0000000100000000)
  region size 1024K, 3 young (3072K), 3 survivors (3072K)
 Metaspace       used 10630K, capacity 10922K, committed 11008K, reserved 1058816K
  class space    used 1124K, capacity 1197K, committed 1280K, reserved 1048576K
}
Event: 1.435 GC heap before
{Heap before GC invocations=1 (full 0):
 garbage-first heap   total 260096K, used 89734K [0x00000000a0000000, 0x0000000100000000)
  region size 1024K, 83 young (84992K), 3 survivors (3072K)
 Metaspace       used 20520K, capacity 21029K, committed 21248K, reserved 1069056K
  class space    used 2415K, capacity 2547K, committed 2560K, reserved 1048576K
}
Event: 1.441 GC heap after
{Heap after GC invocations=2 (full 0):
 garbage-first heap   total 260096K, used 15877K [0x00000000a0000000, 0x0000000100000000)
  region size 1024K, 10 young (10240K), 10 survivors (10240K)
 Metaspace       used 20520K, capacity 21029K, committed 21248K, reserved 1069056K
  class space    used 2415K, capacity 2547K, committed 2560K, reserved 1048576K
}
Event: 2.074 GC heap before
{Heap before GC invocations=3 (full 0):
 garbage-first heap   total 260096K, used 81413K [0x00000000a0000000, 0x0000000100000000)
  region size 1024K, 64 young (65536K), 10 survivors (10240K)
 Metaspace       used 26559K, capacity 27319K, committed 27520K, reserved 1073152K
  class space    used 3391K, capacity 3648K, committed 3712K, reserved 1048576K
}
Event: 2.079 GC heap after
{Heap after GC invocations=4 (full 0):
 garbage-first heap   total 260096K, used 31196K [0x00000000a0000000, 0x0000000100000000)
  region size 1024K, 6 young (6144K), 6 survivors (6144K)
 Metaspace       used 26559K, capacity 27319K, committed 27520K, reserved 1073152K
  class space    used 3391K, capacity 3648K, committed 3712K, reserved 1048576K
}
Event: 2.459 GC heap before
{Heap before GC invocations=4 (full 0):
 garbage-first heap   total 260096K, used 75228K [0x00000000a0000000, 0x0000000100000000)
  region size 1024K, 50 young (51200K), 6 survivors (6144K)
 Metaspace       used 34780K, capacity 35503K, committed 35628K, reserved 1081344K
  class space    used 4430K, capacity 4718K, committed 4736K, reserved 1048576K
}
Event: 2.465 GC heap after
{Heap after GC invocations=5 (full 0):
 garbage-first heap   total 260096K, used 33995K [0x00000000a0000000, 0x0000000100000000)
  region size 1024K, 8 young (8192K), 8 survivors (8192K)
 Metaspace       used 34780K, capacity 35503K, committed 35628K, reserved 1081344K
  class space    used 4430K, capacity 4718K, committed 4736K, reserved 1048576K
}

Deoptimization events (20 events):
Event: 3.134 Thread 0x000001b7569a5000 Uncommon trap: trap_request=0xffffff4d fr.pc=0x000001b745b78094 relative=0x00000000000000d4
Event: 3.134 Thread 0x000001b7569a5000 Uncommon trap: reason=unstable_if action=reinterpret pc=0x000001b745b78094 method=java.util.HashMap.hash(Ljava/lang/Object;)I @ 1 c2
Event: 3.134 Thread 0x000001b7569a5000 DEOPT PACKING pc=0x000001b745b78094 sp=0x000000af15df9000
Event: 3.134 Thread 0x000001b7569a5000 DEOPT UNPACKING pc=0x000001b73e0a78af sp=0x000000af15df8f40 mode 2
Event: 3.150 Thread 0x000001b7569a5000 Uncommon trap: trap_request=0xffffff4d fr.pc=0x000001b745c90084 relative=0x00000000000001c4
Event: 3.150 Thread 0x000001b7569a5000 Uncommon trap: reason=unstable_if action=reinterpret pc=0x000001b745c90084 method=java.util.HashMap.getNode(ILjava/lang/Object;)Ljava/util/HashMap$Node; @ 53 c2
Event: 3.150 Thread 0x000001b7569a5000 DEOPT PACKING pc=0x000001b745c90084 sp=0x000000af15df8ef0
Event: 3.150 Thread 0x000001b7569a5000 DEOPT UNPACKING pc=0x000001b73e0a78af sp=0x000000af15df8e60 mode 2
Event: 3.159 Thread 0x000001b7569a5000 Uncommon trap: trap_request=0xffffffc6 fr.pc=0x000001b745d149ec relative=0x00000000000030ec
Event: 3.159 Thread 0x000001b7569a5000 Uncommon trap: reason=bimorphic_or_optimized_type_check action=maybe_recompile pc=0x000001b745d149ec method=java.util.AbstractCollection.addAll(Ljava/util/Collection;)Z @ 29 c2
Event: 3.159 Thread 0x000001b7569a5000 DEOPT PACKING pc=0x000001b745d149ec sp=0x000000af15df9da0
Event: 3.159 Thread 0x000001b7569a5000 DEOPT UNPACKING pc=0x000001b73e0a78af sp=0x000000af15df9db0 mode 2
Event: 3.163 Thread 0x000001b7569a5000 Uncommon trap: trap_request=0xffffff4d fr.pc=0x000001b745d1ca20 relative=0x0000000000001b40
Event: 3.163 Thread 0x000001b7569a5000 Uncommon trap: reason=unstable_if action=reinterpret pc=0x000001b745d1ca20 method=org.codehaus.groovy.runtime.metaclass.MetaMethodIndex.addMethodToList(Ljava/lang/Object;Lgroovy/lang/MetaMethod;)Ljava/lang/Object; @ 226 c2
Event: 3.163 Thread 0x000001b7569a5000 DEOPT PACKING pc=0x000001b745d1ca20 sp=0x000000af15df7930
Event: 3.163 Thread 0x000001b7569a5000 DEOPT UNPACKING pc=0x000001b73e0a78af sp=0x000000af15df78f0 mode 2
Event: 3.190 Thread 0x000001b7569a5000 Uncommon trap: trap_request=0xffffff4d fr.pc=0x000001b745c9ac88 relative=0x00000000000000e8
Event: 3.190 Thread 0x000001b7569a5000 Uncommon trap: reason=unstable_if action=reinterpret pc=0x000001b745c9ac88 method=org.objectweb.asm.ByteVector.putShort(I)Lorg/objectweb/asm/ByteVector; @ 13 c2
Event: 3.190 Thread 0x000001b7569a5000 DEOPT PACKING pc=0x000001b745c9ac88 sp=0x000000af15df2ac0
Event: 3.190 Thread 0x000001b7569a5000 DEOPT UNPACKING pc=0x000001b73e0a78af sp=0x000000af15df2a48 mode 2

Classes redefined (0 events):
No events

Internal exceptions (20 events):
Event: 3.041 Thread 0x000001b7569a5000 Exception <a 'java/lang/ClassNotFoundException'{0x00000000ab4d3090}: org/gradle/plugin/use/internal/PluginsAwareScriptBeanInfo> (0x00000000ab4d3090) thrown at [./src/hotspot/share/classfile/systemDictionary.cpp, line 231]
Event: 3.041 Thread 0x000001b7569a5000 Exception <a 'java/lang/ClassNotFoundException'{0x00000000ab4e2e20}: org/gradle/plugin/use/internal/PluginsAwareScriptCustomizer> (0x00000000ab4e2e20) thrown at [./src/hotspot/share/classfile/systemDictionary.cpp, line 231]
Event: 3.042 Thread 0x000001b7569a5000 Exception <a 'java/lang/ClassNotFoundException'{0x00000000ab4f99f0}: org/gradle/initialization/SettingsScriptCustomizer> (0x00000000ab4f99f0) thrown at [./src/hotspot/share/classfile/systemDictionary.cpp, line 231]
Event: 3.044 Thread 0x000001b7569a5000 Exception <a 'java/lang/ClassNotFoundException'{0x00000000ab309d70}: settings_1fej81ih29xzd4dx1ukdt18xxCustomizer> (0x00000000ab309d70) thrown at [./src/hotspot/share/classfile/systemDictionary.cpp, line 231]
Event: 3.049 Thread 0x000001b7569a5000 Exception <a 'java/lang/ClassNotFoundException'{0x00000000ab37ce28}: org/gradle/initialization/DefaultSettings_DecoratedBeanInfo> (0x00000000ab37ce28) thrown at [./src/hotspot/share/classfile/systemDictionary.cpp, line 231]
Event: 3.050 Thread 0x000001b7569a5000 Exception <a 'java/lang/ClassNotFoundException'{0x00000000ab3969b8}: org/gradle/initialization/DefaultSettingsBeanInfo> (0x00000000ab3969b8) thrown at [./src/hotspot/share/classfile/systemDictionary.cpp, line 231]
Event: 3.050 Thread 0x000001b7569a5000 Exception <a 'java/lang/ClassNotFoundException'{0x00000000ab3b10b8}: org/gradle/initialization/DefaultSettingsCustomizer> (0x00000000ab3b10b8) thrown at [./src/hotspot/share/classfile/systemDictionary.cpp, line 231]
Event: 3.052 Thread 0x000001b7569a5000 Exception <a 'java/lang/ClassNotFoundException'{0x00000000ab3f5c88}: org/gradle/initialization/DefaultSettings_DecoratedCustomizer> (0x00000000ab3f5c88) thrown at [./src/hotspot/share/classfile/systemDictionary.cpp, line 231]
Event: 3.057 Thread 0x000001b7569a5000 Implicit null exception at 0x000001b745cb95ec to 0x000001b745cb9694
Event: 3.134 Thread 0x000001b7569a5000 Implicit null exception at 0x000001b745b77ff8 to 0x000001b745b7808a
Event: 3.164 Thread 0x000001b7569a5000 Exception <a 'java/lang/ClassNotFoundException'{0x00000000aa67d550}: org/gradle/api/internal/project/DefaultProject_DecoratedBeanInfo> (0x00000000aa67d550) thrown at [./src/hotspot/share/classfile/systemDictionary.cpp, line 231]
Event: 3.165 Thread 0x000001b7569a5000 Exception <a 'java/lang/ClassNotFoundException'{0x00000000aa68ee90}: org/gradle/api/internal/project/DefaultProjectBeanInfo> (0x00000000aa68ee90) thrown at [./src/hotspot/share/classfile/systemDictionary.cpp, line 231]
Event: 3.166 Thread 0x000001b7569a5000 Exception <a 'java/lang/ClassNotFoundException'{0x00000000aa6a0548}: org/gradle/api/internal/project/DefaultProjectCustomizer> (0x00000000aa6a0548) thrown at [./src/hotspot/share/classfile/systemDictionary.cpp, line 231]
Event: 3.169 Thread 0x000001b7569a5000 Exception <a 'java/lang/ClassNotFoundException'{0x00000000aa53c070}: org/gradle/api/internal/project/DefaultProject_DecoratedCustomizer> (0x00000000aa53c070) thrown at [./src/hotspot/share/classfile/systemDictionary.cpp, line 231]
Event: 3.214 Thread 0x000001b7569a5000 Exception <a 'java/lang/NoSuchMethodError'{0x00000000aa05ab68}: 'java.lang.Object java.lang.invoke.DelegatingMethodHandle$Holder.reinvoke_L(java.lang.Object, java.lang.Object, java.lang.Object, java.lang.Object, java.lang.Object, java.lang.Object, java.lang.Object, java.lang.Object, java.lang.Object, java.lang.Object, java.lang.Object, java.lang.Object, java.lang.Object, java.lang.Object, java.lang.Object, java.lang.Object, java.lang.Object)'> (0x00000000aa05ab68) thrown at [./src/hotspot/share/interpreter
Event: 3.214 Thread 0x000001b7569a5000 Exception <a 'java/lang/NoSuchMethodError'{0x00000000aa065a08}: 'java.lang.Object java.lang.invoke.Invokers$Holder.invoker(java.lang.Object, java.lang.Object, java.lang.Object, java.lang.Object, java.lang.Object, java.lang.Object, java.lang.Object, java.lang.Object, java.lang.Object, java.lang.Object, java.lang.Object, java.lang.Object, java.lang.Object, java.lang.Object, java.lang.Object, java.lang.Object, java.lang.Object)'> (0x00000000aa065a08) thrown at [./src/hotspot/share/interpreter/linkResolver.cpp
Event: 3.215 Thread 0x000001b7569a5000 Exception <a 'java/lang/NoSuchMethodError'{0x00000000aa06c860}: 'java.lang.Object java.lang.invoke.DelegatingMethodHandle$Holder.delegate(java.lang.Object, java.lang.Object, java.lang.Object, java.lang.Object, java.lang.Object, java.lang.Object, java.lang.Object, java.lang.Object, java.lang.Object, java.lang.Object, java.lang.Object, java.lang.Object, java.lang.Object, java.lang.Object, java.lang.Object, java.lang.Object, java.lang.Object)'> (0x00000000aa06c860) thrown at [./src/hotspot/share/interpreter/l
Event: 3.218 Thread 0x000001b7569a5000 Exception <a 'java/lang/NoSuchMethodError'{0x00000000aa0daca8}: 'java.lang.Object java.lang.invoke.DirectMethodHandle$Holder.invokeStatic(java.lang.Object, java.lang.Object, java.lang.Object, java.lang.Object, java.lang.Object, java.lang.Object, java.lang.Object, java.lang.Object, java.lang.Object, java.lang.Object, java.lang.Object, java.lang.Object, java.lang.Object, java.lang.Object, java.lang.Object)'> (0x00000000aa0daca8) thrown at [./src/hotspot/share/interpreter/linkResolver.cpp, line 773]
Event: 3.218 Thread 0x000001b7569a5000 Exception <a 'java/lang/NoSuchMethodError'{0x00000000aa0ea6a8}: 'java.lang.Object java.lang.invoke.DirectMethodHandle$Holder.invokeStatic(java.lang.Object, java.lang.Object, java.lang.Object, java.lang.Object, java.lang.Object, java.lang.Object, java.lang.Object, java.lang.Object, java.lang.Object, java.lang.Object, java.lang.Object, java.lang.Object, java.lang.Object, java.lang.Object, java.lang.Object, java.lang.Object)'> (0x00000000aa0ea6a8) thrown at [./src/hotspot/share/interpreter/linkResolver.cpp, l
Event: 3.219 Thread 0x000001b7569a5000 Exception <a 'java/lang/NoSuchMethodError'{0x00000000aa0f9da8}: 'java.lang.Object java.lang.invoke.DelegatingMethodHandle$Holder.reinvoke_L(java.lang.Object, java.lang.Object, java.lang.Object, java.lang.Object, java.lang.Object, java.lang.Object, java.lang.Object, java.lang.Object, java.lang.Object, java.lang.Object, java.lang.Object, java.lang.Object, java.lang.Object, java.lang.Object, java.lang.Object, java.lang.Object)'> (0x00000000aa0f9da8) thrown at [./src/hotspot/share/interpreter/linkResolver.cpp,

Events (20 events):
Event: 3.222 loading class org/gradle/internal/execution/steps/SkipEmptyWorkStep
Event: 3.222 loading class org/gradle/internal/execution/steps/SkipEmptyWorkStep done
Event: 3.222 loading class org/gradle/internal/execution/steps/ResolveCachingStateStep
Event: 3.222 loading class org/gradle/internal/execution/steps/ResolveCachingStateStep done
Event: 3.223 loading class org/gradle/internal/execution/caching/CachingStateBuilder
Event: 3.223 loading class org/gradle/internal/execution/caching/CachingStateBuilder done
Event: 3.223 loading class org/gradle/internal/execution/caching/CachingState
Event: 3.223 loading class org/gradle/internal/execution/caching/CachingState done
Event: 3.223 loading class org/gradle/internal/execution/caching/CachingState$1
Event: 3.223 loading class org/gradle/internal/execution/caching/CachingState$1 done
Event: 3.224 loading class org/gradle/internal/execution/steps/legacy/MarkSnapshottingInputsFinishedStep
Event: 3.224 loading class org/gradle/internal/execution/steps/legacy/MarkSnapshottingInputsFinishedStep done
Event: 3.224 loading class org/gradle/internal/execution/steps/RecordOutputsStep
Event: 3.224 loading class org/gradle/internal/execution/steps/RecordOutputsStep done
Event: 3.224 loading class org/gradle/internal/execution/steps/CacheStep
Event: 3.224 loading class org/gradle/internal/execution/steps/CacheStep done
Event: 3.225 loading class org/gradle/caching/internal/CacheableEntity
Event: 3.225 loading class org/gradle/caching/internal/CacheableEntity done
Event: 3.225 loading class org/gradle/internal/execution/steps/CancelExecutionStep
Event: 3.225 loading class org/gradle/internal/execution/steps/CancelExecutionStep done


Dynamic libraries:
0x00007ff6ec440000 - 0x00007ff6ec44a000 	D:\BUPT\Software\AndroidStudio\jre\bin\java.exe
0x00007ff8b88f0000 - 0x00007ff8b8ae5000 	C:\Windows\SYSTEM32\ntdll.dll
0x00007ff8b6d50000 - 0x00007ff8b6e0d000 	C:\Windows\System32\KERNEL32.DLL
0x00007ff8b6650000 - 0x00007ff8b6918000 	C:\Windows\System32\KERNELBASE.dll
0x00007ff8b6030000 - 0x00007ff8b6130000 	C:\Windows\System32\ucrtbase.dll
0x00007ff8a90c0000 - 0x00007ff8a90d7000 	D:\BUPT\Software\AndroidStudio\jre\bin\VCRUNTIME140.dll
0x00007ff8a57f0000 - 0x00007ff8a5809000 	D:\BUPT\Software\AndroidStudio\jre\bin\jli.dll
0x00007ff8b6b50000 - 0x00007ff8b6cf0000 	C:\Windows\System32\USER32.dll
0x00007ff8a28f0000 - 0x00007ff8a2b8a000 	C:\Windows\WinSxS\amd64_microsoft.windows.common-controls_6595b64144ccf1df_6.0.19041.844_none_ca00b6081b84eb1d\COMCTL32.dll
0x00007ff8b6620000 - 0x00007ff8b6642000 	C:\Windows\System32\win32u.dll
0x00007ff8b7750000 - 0x00007ff8b77ee000 	C:\Windows\System32\msvcrt.dll
0x00007ff8b6e10000 - 0x00007ff8b6e3a000 	C:\Windows\System32\GDI32.dll
0x00007ff8b6130000 - 0x00007ff8b623b000 	C:\Windows\System32\gdi32full.dll
0x00007ff8b6470000 - 0x00007ff8b650d000 	C:\Windows\System32\msvcp_win.dll
0x00007ff8b69b0000 - 0x00007ff8b69e0000 	C:\Windows\System32\IMM32.DLL
0x00007ff87f910000 - 0x00007ff87f9ad000 	D:\BUPT\Software\AndroidStudio\jre\bin\msvcp140.dll
0x00007ff853cf0000 - 0x00007ff8547bf000 	D:\BUPT\Software\AndroidStudio\jre\bin\server\jvm.dll
0x00007ff8b69e0000 - 0x00007ff8b6a8c000 	C:\Windows\System32\ADVAPI32.dll
0x00007ff8b86b0000 - 0x00007ff8b874b000 	C:\Windows\System32\sechost.dll
0x00007ff8b7d90000 - 0x00007ff8b7ebb000 	C:\Windows\System32\RPCRT4.dll
0x00007ff8b7f50000 - 0x00007ff8b7f58000 	C:\Windows\System32\PSAPI.DLL
0x00007ff8adf70000 - 0x00007ff8adf7a000 	C:\Windows\SYSTEM32\VERSION.dll
0x00007ff8b1bd0000 - 0x00007ff8b1bd9000 	C:\Windows\SYSTEM32\WSOCK32.dll
0x00007ff8a9a70000 - 0x00007ff8a9a97000 	C:\Windows\SYSTEM32\WINMM.dll
0x00007ff8b7350000 - 0x00007ff8b73bb000 	C:\Windows\System32\WS2_32.dll
0x00007ff8b3f70000 - 0x00007ff8b3f82000 	C:\Windows\SYSTEM32\kernel.appcore.dll
0x00007ff8b1bb0000 - 0x00007ff8b1bc1000 	D:\BUPT\Software\AndroidStudio\jre\bin\verify.dll
0x00007ff8a3a00000 - 0x00007ff8a3be4000 	C:\Windows\SYSTEM32\DBGHELP.DLL
0x00007ff89ee20000 - 0x00007ff89ee4c000 	C:\Windows\SYSTEM32\dbgcore.DLL
0x00007ff8b6240000 - 0x00007ff8b62c0000 	C:\Windows\System32\bcryptPrimitives.dll
0x00007ff8b1b40000 - 0x00007ff8b1b69000 	D:\BUPT\Software\AndroidStudio\jre\bin\java.dll
0x00007ff8b1af0000 - 0x00007ff8b1afb000 	D:\BUPT\Software\AndroidStudio\jre\bin\jimage.dll
0x00007ff8b08f0000 - 0x00007ff8b0908000 	D:\BUPT\Software\AndroidStudio\jre\bin\zip.dll
0x00007ff8b7f60000 - 0x00007ff8b86a2000 	C:\Windows\System32\SHELL32.dll
0x00007ff8b4170000 - 0x00007ff8b4901000 	C:\Windows\SYSTEM32\windows.storage.dll
0x00007ff8b73d0000 - 0x00007ff8b7725000 	C:\Windows\System32\combase.dll
0x00007ff8b5aa0000 - 0x00007ff8b5acc000 	C:\Windows\SYSTEM32\Wldp.dll
0x00007ff8b71e0000 - 0x00007ff8b728e000 	C:\Windows\System32\SHCORE.dll
0x00007ff8b6950000 - 0x00007ff8b69a5000 	C:\Windows\System32\shlwapi.dll
0x00007ff8b5f70000 - 0x00007ff8b5f8f000 	C:\Windows\SYSTEM32\profapi.dll
0x00007ff8b06f0000 - 0x00007ff8b070a000 	D:\BUPT\Software\AndroidStudio\jre\bin\net.dll
0x00007ff8ac340000 - 0x00007ff8ac44b000 	C:\Windows\SYSTEM32\WINHTTP.dll
0x00007ff898d90000 - 0x00007ff898e45000 	D:\垃圾\Qingfeng\HeyboxAccelerator\1.0.105\heyboxlsp_x64.dll
0x00007ff8b5810000 - 0x00007ff8b587a000 	C:\Windows\system32\mswsock.dll
0x00007ff8a5940000 - 0x00007ff8a5954000 	D:\BUPT\Software\AndroidStudio\jre\bin\nio.dll
0x00007ff8a9700000 - 0x00007ff8a9727000 	C:\Users\Administrator\.gradle\native\f6784746aeab05261644944871eae4fe03e0ef1612fff0a4a95f87b438bc6780\windows-amd64\native-platform.dll
0x00007ff8b0b30000 - 0x00007ff8b0b3a000 	D:\BUPT\Software\AndroidStudio\jre\bin\management.dll
0x00007ff8b08b0000 - 0x00007ff8b08bc000 	D:\BUPT\Software\AndroidStudio\jre\bin\management_ext.dll
0x00007ff8b59f0000 - 0x00007ff8b5a08000 	C:\Windows\SYSTEM32\CRYPTSP.dll
0x00007ff8b5140000 - 0x00007ff8b5174000 	C:\Windows\system32\rsaenh.dll
0x00007ff8b6920000 - 0x00007ff8b6947000 	C:\Windows\System32\bcrypt.dll
0x00007ff8b5f30000 - 0x00007ff8b5f5e000 	C:\Windows\SYSTEM32\USERENV.dll
0x00007ff8b59e0000 - 0x00007ff8b59ec000 	C:\Windows\SYSTEM32\CRYPTBASE.dll
0x00007ff8b54b0000 - 0x00007ff8b54eb000 	C:\Windows\SYSTEM32\IPHLPAPI.DLL
0x00007ff8b73c0000 - 0x00007ff8b73c8000 	C:\Windows\System32\NSI.dll
0x00007ff8af0f0000 - 0x00007ff8af107000 	C:\Windows\SYSTEM32\dhcpcsvc6.DLL
0x00007ff8af500000 - 0x00007ff8af51d000 	C:\Windows\SYSTEM32\dhcpcsvc.DLL
0x00007ff8b5500000 - 0x00007ff8b55cc000 	C:\Windows\SYSTEM32\DNSAPI.dll
0x00007ff8af950000 - 0x00007ff8af95b000 	C:\Windows\SYSTEM32\WINNSI.DLL

dbghelp: loaded successfully - version: 4.0.5 - missing functions: none
symbol engine: initialized successfully - sym options: 0x614 - pdb path: .;D:\BUPT\Software\AndroidStudio\jre\bin;C:\Windows\SYSTEM32;C:\Windows\WinSxS\amd64_microsoft.windows.common-controls_6595b64144ccf1df_6.0.19041.844_none_ca00b6081b84eb1d;D:\BUPT\Software\AndroidStudio\jre\bin\server;D:\垃圾\Qingfeng\HeyboxAccelerator\1.0.1;D:\垃圾\Qingfeng\HeyboxAccelerator\1.0.105;C:\Users\Administrator\.gradle\native\f6784746aeab05261644944871eae4fe03e0ef1612fff0a4a95f87b438bc6780\windows-a;C:\Users\Administrator\.gradle\native\f6784746aeab05261644944871eae4fe03e0ef1612fff0a4a95f87b438bc6780\windows-a;C:\Users\Administrator\.gradle\native\f6784746aeab05261644944871eae4fe03e0ef1612fff0a4a95f87b438bc6780\windows-a;C:\Users\Administrator\.gradle\native\f6784746aeab05261644944871eae4fe03e0ef1612fff0a4a95f87b438bc6780\windows-a

VM Arguments:
jvm_args: --add-opens=java.base/java.util=ALL-UNNAMED --add-opens=java.base/java.lang=ALL-UNNAMED --add-opens=java.base/java.lang.invoke=ALL-UNNAMED --add-opens=java.prefs/java.util.prefs=ALL-UNNAMED -Xmx1536m -Dfile.encoding=GBK -Duser.country=CN -Duser.language=zh -Duser.variant 
java_command: org.gradle.launcher.daemon.bootstrap.GradleDaemon 6.5.1
java_class_path (initial): C:\Users\Administrator\.gradle\wrapper\dists\gradle-6.5.1-all\cdund22i8guosqylfo49op4dv\gradle-6.5.1\lib\gradle-launcher-6.5.1.jar
Launcher Type: SUN_STANDARD

[Global flags]
     intx CICompilerCount                          = 4                                         {product} {ergonomic}
     uint ConcGCThreads                            = 2                                         {product} {ergonomic}
     uint G1ConcRefinementThreads                  = 8                                         {product} {ergonomic}
   size_t G1HeapRegionSize                         = 1048576                                   {product} {ergonomic}
    uintx GCDrainStackTargetSize                   = 64                                        {product} {ergonomic}
   size_t InitialHeapSize                          = 266338304                                 {product} {ergonomic}
   size_t MarkStackSize                            = 4194304                                   {product} {ergonomic}
   size_t MaxHeapSize                              = 1610612736                                {product} {command line}
   size_t MaxNewSize                               = 965738496                                 {product} {ergonomic}
   size_t MinHeapDeltaBytes                        = 1048576                                   {product} {ergonomic}
    uintx NonNMethodCodeHeapSize                   = 5836300                                {pd product} {ergonomic}
    uintx NonProfiledCodeHeapSize                  = 122910970                              {pd product} {ergonomic}
    uintx ProfiledCodeHeapSize                     = 122910970                              {pd product} {ergonomic}
    uintx ReservedCodeCacheSize                    = 251658240                              {pd product} {ergonomic}
     bool SegmentedCodeCache                       = true                                      {product} {ergonomic}
     bool UseCompressedClassPointers               = true                                 {lp64_product} {ergonomic}
     bool UseCompressedOops                        = true                                 {lp64_product} {ergonomic}
     bool UseG1GC                                  = true                                      {product} {ergonomic}
     bool UseLargePagesIndividualAllocation        = false                                  {pd product} {ergonomic}

Logging:
Log output configuration:
 #0: stdout all=warning uptime,level,tags
 #1: stderr all=off uptime,level,tags

Environment Variables:
PATH=C:\Windows\system32;C:\Windows;C:\Windows\System32\Wbem;C:\Windows\System32\WindowsPowerShell\v1.0\;C:\Program Files (x86)\NVIDIA Corporation\PhysX\Common;C:\Program Files\Git\cmd;C:\Program Files\dotnet\;C:\Program Files\Microsoft SQL Server\130\Tools\Binn\;C:\Program Files\Microsoft SQL Server\Client SDK\ODBC\170\Tools\Binn\;C:\Program Files\MySQL\MySQL Shell 8.0\bin\;C:\Users\Administrator\AppData\Local\Microsoft\WindowsApps;C:\Users\Administrator\AppData\Local\GitHubDesktop\bin;D:\BUPT\Software\Microsoft VS Code\bin;C:\Users\Administrator\.dotnet\tools
USERNAME=Administrator
OS=Windows_NT
PROCESSOR_IDENTIFIER=Intel64 Family 6 Model 158 Stepping 10, GenuineIntel



---------------  S Y S T E M  ---------------

OS: Windows 10 , 64 bit Build 19041 (10.0.19041.928)
OS uptime: 0 days 15:19 hours

CPU:total 8 (initial active 8) (4 cores per cpu, 2 threads per core) family 6 model 158 stepping 10 microcode 0xb4, cmov, cx8, fxsr, mmx, sse, sse2, sse3, ssse3, sse4.1, sse4.2, popcnt, avx, avx2, aes, clmul, erms, 3dnowpref, lzcnt, ht, tsc, tscinvbit, bmi1, bmi2, adx, fma

Memory: 4k page, system-wide physical 16226M (3026M free)
TotalPageFile size 31346M (AvailPageFile size 9M)
current process WorkingSet (physical memory assigned to process): 291M, peak: 298M
current process commit charge ("private bytes"): 458M, peak: 465M

vm_info: OpenJDK 64-Bit Server VM (11.0.10+0-b96-7249189) for windows-amd64 JRE (11.0.10+0-b96-7249189), built on Mar 31 2021 21:44:00 by "builder" with MS VC++ 14.0 (VS2015)

END.
